  button.cpp
C:\Users\krisf\Desktop\GBase\GBase\Dependencies\FGUI\internal\definitions.hpp(67,18): error C2039: 'clamp': is not a member of 'std'
C:\Visual Studio\VC\Tools\MSVC\14.26.28801\include\algorithm(28): message : see declaration of 'std'
C:\Users\krisf\Desktop\GBase\GBase\Dependencies\FGUI\internal\definitions.hpp(67,1): error C3861: 'clamp': identifier not found
C:\Users\krisf\Desktop\GBase\GBase\Dependencies\FGUI\internal\definitions.hpp(68,25): error C2039: 'clamp': is not a member of 'std'
C:\Visual Studio\VC\Tools\MSVC\14.26.28801\include\algorithm(28): message : see declaration of 'std'
C:\Users\krisf\Desktop\GBase\GBase\Dependencies\FGUI\internal\definitions.hpp(68,1): error C3861: 'clamp': identifier not found
C:\Users\krisf\Desktop\GBase\GBase\Dependencies\FGUI\internal\definitions.hpp(69,25): error C2039: 'clamp': is not a member of 'std'
C:\Visual Studio\VC\Tools\MSVC\14.26.28801\include\algorithm(28): message : see declaration of 'std'
C:\Users\krisf\Desktop\GBase\GBase\Dependencies\FGUI\internal\definitions.hpp(69,1): error C3861: 'clamp': identifier not found
C:\Users\krisf\Desktop\GBase\GBase\Dependencies\FGUI\internal\definitions.hpp(163,16): error C2039: 'string_view': is not a member of 'std'
C:\Visual Studio\VC\Tools\MSVC\14.26.28801\include\algorithm(28): message : see declaration of 'std'
C:\Users\krisf\Desktop\GBase\GBase\Dependencies\FGUI\internal\definitions.hpp(163,28): error C4430: missing type specifier - int assumed. Note: C++ does not support default-int
C:\Users\krisf\Desktop\GBase\GBase\Dependencies\FGUI\internal\definitions.hpp(163,44): error C3646: 'm_strInputSystem': unknown override specifier
C:\Users\krisf\Desktop\GBase\GBase\Dependencies\FGUI\internal\definitions.hpp(163,44): error C2143: syntax error: missing ',' before '['
C:\Users\krisf\Desktop\GBase\GBase\Dependencies\FGUI\internal\definitions.hpp(163,45): error C4430: missing type specifier - int assumed. Note: C++ does not support default-int
C:\Users\krisf\Desktop\GBase\GBase\Dependencies\FGUI\internal\definitions.hpp(179,16): error C2039: 'string_view': is not a member of 'std'
C:\Visual Studio\VC\Tools\MSVC\14.26.28801\include\algorithm(28): message : see declaration of 'std'
C:\Users\krisf\Desktop\GBase\GBase\Dependencies\FGUI\internal\definitions.hpp(179,28): error C4430: missing type specifier - int assumed. Note: C++ does not support default-int
C:\Users\krisf\Desktop\GBase\GBase\Dependencies\FGUI\internal\definitions.hpp(179,48): error C3646: 'm_strVirtualKeyCodes': unknown override specifier
C:\Users\krisf\Desktop\GBase\GBase\Dependencies\FGUI\internal\definitions.hpp(179,48): error C2143: syntax error: missing ',' before '['
C:\Users\krisf\Desktop\GBase\GBase\Dependencies\FGUI\internal\definitions.hpp(179,49): error C4430: missing type specifier - int assumed. Note: C++ does not support default-int
C:\Users\krisf\Desktop\GBase\GBase\Dependencies\FGUI\internal\definitions.hpp(199,16): error C2039: 'string_view': is not a member of 'std'
C:\Visual Studio\VC\Tools\MSVC\14.26.28801\include\algorithm(28): message : see declaration of 'std'
C:\Users\krisf\Desktop\GBase\GBase\Dependencies\FGUI\internal\definitions.hpp(199,28): error C4430: missing type specifier - int assumed. Note: C++ does not support default-int
C:\Users\krisf\Desktop\GBase\GBase\Dependencies\FGUI\internal\definitions.hpp(199,47): error C3646: 'm_strCustomKeyCodes': unknown override specifier
C:\Users\krisf\Desktop\GBase\GBase\Dependencies\FGUI\internal\definitions.hpp(199,47): error C2143: syntax error: missing ',' before '['
C:\Users\krisf\Desktop\GBase\GBase\Dependencies\FGUI\internal\definitions.hpp(199,48): error C4430: missing type specifier - int assumed. Note: C++ does not support default-int
C:\Users\krisf\Desktop\GBase\GBase\Dependencies\FGUI\internal\definitions.hpp(200,4): error C2143: syntax error: missing ')' before ';'
C:\Users\krisf\Desktop\GBase\GBase\Dependencies\FGUI\internal\definitions.hpp(200,4): error C2143: syntax error: missing ';' before ')'
C:\Users\krisf\Desktop\GBase\GBase\Dependencies\FGUI\internal\definitions.hpp(200,4): error C2059: syntax error: ')'
C:\Users\krisf\Desktop\GBase\GBase\Dependencies\FGUI\internal\definitions.hpp(205,16): error C2039: 'string_view': is not a member of 'std'
C:\Visual Studio\VC\Tools\MSVC\14.26.28801\include\algorithm(28): message : see declaration of 'std'
C:\Users\krisf\Desktop\GBase\GBase\Dependencies\FGUI\internal\definitions.hpp(205,28): error C4430: missing type specifier - int assumed. Note: C++ does not support default-int
C:\Users\krisf\Desktop\GBase\GBase\Dependencies\FGUI\internal\definitions.hpp(205,44): error C3646: 'm_strInputSystem': unknown override specifier
C:\Users\krisf\Desktop\GBase\GBase\Dependencies\FGUI\internal\definitions.hpp(205,44): error C2143: syntax error: missing ',' before '['
C:\Users\krisf\Desktop\GBase\GBase\Dependencies\FGUI\internal\definitions.hpp(205,45): error C4430: missing type specifier - int assumed. Note: C++ does not support default-int
C:\Users\krisf\Desktop\GBase\GBase\Dependencies\FGUI\internal\definitions.hpp(221,16): error C2039: 'string_view': is not a member of 'std'
C:\Visual Studio\VC\Tools\MSVC\14.26.28801\include\algorithm(28): message : see declaration of 'std'
C:\Users\krisf\Desktop\GBase\GBase\Dependencies\FGUI\internal\definitions.hpp(221,28): error C4430: missing type specifier - int assumed. Note: C++ does not support default-int
C:\Users\krisf\Desktop\GBase\GBase\Dependencies\FGUI\internal\definitions.hpp(221,48): error C3646: 'm_strVirtualKeyCodes': unknown override specifier
C:\Users\krisf\Desktop\GBase\GBase\Dependencies\FGUI\internal\definitions.hpp(221,48): error C2143: syntax error: missing ',' before '['
C:\Users\krisf\Desktop\GBase\GBase\Dependencies\FGUI\internal\definitions.hpp(221,49): error C4430: missing type specifier - int assumed. Note: C++ does not support default-int
C:\Users\krisf\Desktop\GBase\GBase\Dependencies\FGUI\internal\definitions.hpp(241,16): error C2039: 'string_view': is not a member of 'std'
C:\Visual Studio\VC\Tools\MSVC\14.26.28801\include\algorithm(28): message : see declaration of 'std'
C:\Users\krisf\Desktop\GBase\GBase\Dependencies\FGUI\internal\definitions.hpp(241,28): error C4430: missing type specifier - int assumed. Note: C++ does not support default-int
C:\Users\krisf\Desktop\GBase\GBase\Dependencies\FGUI\internal\definitions.hpp(241,47): error C3646: 'm_strCustomKeyCodes': unknown override specifier
C:\Users\krisf\Desktop\GBase\GBase\Dependencies\FGUI\internal\definitions.hpp(241,47): error C2143: syntax error: missing ',' before '['
C:\Users\krisf\Desktop\GBase\GBase\Dependencies\FGUI\internal\definitions.hpp(241,48): error C4430: missing type specifier - int assumed. Note: C++ does not support default-int
C:\Users\krisf\Desktop\GBase\GBase\Dependencies\FGUI\internal\definitions.hpp(242,4): error C2143: syntax error: missing ')' before ';'
C:\Users\krisf\Desktop\GBase\GBase\Dependencies\FGUI\internal\definitions.hpp(242,4): error C2143: syntax error: missing ';' before ')'
C:\Users\krisf\Desktop\GBase\GBase\Dependencies\FGUI\internal\definitions.hpp(242,4): error C2059: syntax error: ')'
C:\Users\krisf\Desktop\GBase\GBase\Dependencies\FGUI\internal\aliases.hpp(87,33): error C7525: inline variables require at least '/std:c++17'
C:\Users\krisf\Desktop\GBase\GBase\Dependencies\FGUI\internal\aliases.hpp(88,30): error C7525: inline variables require at least '/std:c++17'
  checkbox.cpp
C:\Users\krisf\Desktop\GBase\GBase\Dependencies\FGUI\internal\definitions.hpp(67,18): error C2039: 'clamp': is not a member of 'std'
C:\Visual Studio\VC\Tools\MSVC\14.26.28801\include\algorithm(28): message : see declaration of 'std'
C:\Users\krisf\Desktop\GBase\GBase\Dependencies\FGUI\internal\definitions.hpp(67,1): error C3861: 'clamp': identifier not found
C:\Users\krisf\Desktop\GBase\GBase\Dependencies\FGUI\internal\definitions.hpp(68,25): error C2039: 'clamp': is not a member of 'std'
C:\Visual Studio\VC\Tools\MSVC\14.26.28801\include\algorithm(28): message : see declaration of 'std'
C:\Users\krisf\Desktop\GBase\GBase\Dependencies\FGUI\internal\definitions.hpp(68,1): error C3861: 'clamp': identifier not found
C:\Users\krisf\Desktop\GBase\GBase\Dependencies\FGUI\internal\definitions.hpp(69,25): error C2039: 'clamp': is not a member of 'std'
C:\Visual Studio\VC\Tools\MSVC\14.26.28801\include\algorithm(28): message : see declaration of 'std'
C:\Users\krisf\Desktop\GBase\GBase\Dependencies\FGUI\internal\definitions.hpp(69,1): error C3861: 'clamp': identifier not found
C:\Users\krisf\Desktop\GBase\GBase\Dependencies\FGUI\internal\definitions.hpp(163,16): error C2039: 'string_view': is not a member of 'std'
C:\Visual Studio\VC\Tools\MSVC\14.26.28801\include\algorithm(28): message : see declaration of 'std'
C:\Users\krisf\Desktop\GBase\GBase\Dependencies\FGUI\internal\definitions.hpp(163,28): error C4430: missing type specifier - int assumed. Note: C++ does not support default-int
C:\Users\krisf\Desktop\GBase\GBase\Dependencies\FGUI\internal\definitions.hpp(163,44): error C3646: 'm_strInputSystem': unknown override specifier
C:\Users\krisf\Desktop\GBase\GBase\Dependencies\FGUI\internal\definitions.hpp(163,44): error C2143: syntax error: missing ',' before '['
C:\Users\krisf\Desktop\GBase\GBase\Dependencies\FGUI\internal\definitions.hpp(163,45): error C4430: missing type specifier - int assumed. Note: C++ does not support default-int
C:\Users\krisf\Desktop\GBase\GBase\Dependencies\FGUI\internal\definitions.hpp(179,16): error C2039: 'string_view': is not a member of 'std'
C:\Visual Studio\VC\Tools\MSVC\14.26.28801\include\algorithm(28): message : see declaration of 'std'
C:\Users\krisf\Desktop\GBase\GBase\Dependencies\FGUI\internal\definitions.hpp(179,28): error C4430: missing type specifier - int assumed. Note: C++ does not support default-int
C:\Users\krisf\Desktop\GBase\GBase\Dependencies\FGUI\internal\definitions.hpp(179,48): error C3646: 'm_strVirtualKeyCodes': unknown override specifier
C:\Users\krisf\Desktop\GBase\GBase\Dependencies\FGUI\internal\definitions.hpp(179,48): error C2143: syntax error: missing ',' before '['
C:\Users\krisf\Desktop\GBase\GBase\Dependencies\FGUI\internal\definitions.hpp(179,49): error C4430: missing type specifier - int assumed. Note: C++ does not support default-int
C:\Users\krisf\Desktop\GBase\GBase\Dependencies\FGUI\internal\definitions.hpp(199,16): error C2039: 'string_view': is not a member of 'std'
C:\Visual Studio\VC\Tools\MSVC\14.26.28801\include\algorithm(28): message : see declaration of 'std'
C:\Users\krisf\Desktop\GBase\GBase\Dependencies\FGUI\internal\definitions.hpp(199,28): error C4430: missing type specifier - int assumed. Note: C++ does not support default-int
C:\Users\krisf\Desktop\GBase\GBase\Dependencies\FGUI\internal\definitions.hpp(199,47): error C3646: 'm_strCustomKeyCodes': unknown override specifier
C:\Users\krisf\Desktop\GBase\GBase\Dependencies\FGUI\internal\definitions.hpp(199,47): error C2143: syntax error: missing ',' before '['
C:\Users\krisf\Desktop\GBase\GBase\Dependencies\FGUI\internal\definitions.hpp(199,48): error C4430: missing type specifier - int assumed. Note: C++ does not support default-int
C:\Users\krisf\Desktop\GBase\GBase\Dependencies\FGUI\internal\definitions.hpp(200,4): error C2143: syntax error: missing ')' before ';'
C:\Users\krisf\Desktop\GBase\GBase\Dependencies\FGUI\internal\definitions.hpp(200,4): error C2143: syntax error: missing ';' before ')'
C:\Users\krisf\Desktop\GBase\GBase\Dependencies\FGUI\internal\definitions.hpp(200,4): error C2059: syntax error: ')'
C:\Users\krisf\Desktop\GBase\GBase\Dependencies\FGUI\internal\definitions.hpp(205,16): error C2039: 'string_view': is not a member of 'std'
C:\Visual Studio\VC\Tools\MSVC\14.26.28801\include\algorithm(28): message : see declaration of 'std'
C:\Users\krisf\Desktop\GBase\GBase\Dependencies\FGUI\internal\definitions.hpp(205,28): error C4430: missing type specifier - int assumed. Note: C++ does not support default-int
C:\Users\krisf\Desktop\GBase\GBase\Dependencies\FGUI\internal\definitions.hpp(205,44): error C3646: 'm_strInputSystem': unknown override specifier
C:\Users\krisf\Desktop\GBase\GBase\Dependencies\FGUI\internal\definitions.hpp(205,44): error C2143: syntax error: missing ',' before '['
C:\Users\krisf\Desktop\GBase\GBase\Dependencies\FGUI\internal\definitions.hpp(205,45): error C4430: missing type specifier - int assumed. Note: C++ does not support default-int
C:\Users\krisf\Desktop\GBase\GBase\Dependencies\FGUI\internal\definitions.hpp(221,16): error C2039: 'string_view': is not a member of 'std'
C:\Visual Studio\VC\Tools\MSVC\14.26.28801\include\algorithm(28): message : see declaration of 'std'
C:\Users\krisf\Desktop\GBase\GBase\Dependencies\FGUI\internal\definitions.hpp(221,28): error C4430: missing type specifier - int assumed. Note: C++ does not support default-int
C:\Users\krisf\Desktop\GBase\GBase\Dependencies\FGUI\internal\definitions.hpp(221,48): error C3646: 'm_strVirtualKeyCodes': unknown override specifier
C:\Users\krisf\Desktop\GBase\GBase\Dependencies\FGUI\internal\definitions.hpp(221,48): error C2143: syntax error: missing ',' before '['
C:\Users\krisf\Desktop\GBase\GBase\Dependencies\FGUI\internal\definitions.hpp(221,49): error C4430: missing type specifier - int assumed. Note: C++ does not support default-int
C:\Users\krisf\Desktop\GBase\GBase\Dependencies\FGUI\internal\definitions.hpp(241,16): error C2039: 'string_view': is not a member of 'std'
C:\Visual Studio\VC\Tools\MSVC\14.26.28801\include\algorithm(28): message : see declaration of 'std'
C:\Users\krisf\Desktop\GBase\GBase\Dependencies\FGUI\internal\definitions.hpp(241,28): error C4430: missing type specifier - int assumed. Note: C++ does not support default-int
C:\Users\krisf\Desktop\GBase\GBase\Dependencies\FGUI\internal\definitions.hpp(241,47): error C3646: 'm_strCustomKeyCodes': unknown override specifier
C:\Users\krisf\Desktop\GBase\GBase\Dependencies\FGUI\internal\definitions.hpp(241,47): error C2143: syntax error: missing ',' before '['
C:\Users\krisf\Desktop\GBase\GBase\Dependencies\FGUI\internal\definitions.hpp(241,48): error C4430: missing type specifier - int assumed. Note: C++ does not support default-int
C:\Users\krisf\Desktop\GBase\GBase\Dependencies\FGUI\internal\definitions.hpp(242,4): error C2143: syntax error: missing ')' before ';'
C:\Users\krisf\Desktop\GBase\GBase\Dependencies\FGUI\internal\definitions.hpp(242,4): error C2143: syntax error: missing ';' before ')'
C:\Users\krisf\Desktop\GBase\GBase\Dependencies\FGUI\internal\definitions.hpp(242,4): error C2059: syntax error: ')'
C:\Users\krisf\Desktop\GBase\GBase\Dependencies\FGUI\internal\aliases.hpp(87,33): error C7525: inline variables require at least '/std:c++17'
C:\Users\krisf\Desktop\GBase\GBase\Dependencies\FGUI\internal\aliases.hpp(88,30): error C7525: inline variables require at least '/std:c++17'
  colorpicker.cpp
C:\Users\krisf\Desktop\GBase\GBase\Dependencies\FGUI\internal\definitions.hpp(67,18): error C2039: 'clamp': is not a member of 'std'
C:\Visual Studio\VC\Tools\MSVC\14.26.28801\include\algorithm(28): message : see declaration of 'std'
C:\Users\krisf\Desktop\GBase\GBase\Dependencies\FGUI\internal\definitions.hpp(67,1): error C3861: 'clamp': identifier not found
C:\Users\krisf\Desktop\GBase\GBase\Dependencies\FGUI\internal\definitions.hpp(68,25): error C2039: 'clamp': is not a member of 'std'
C:\Visual Studio\VC\Tools\MSVC\14.26.28801\include\algorithm(28): message : see declaration of 'std'
C:\Users\krisf\Desktop\GBase\GBase\Dependencies\FGUI\internal\definitions.hpp(68,1): error C3861: 'clamp': identifier not found
C:\Users\krisf\Desktop\GBase\GBase\Dependencies\FGUI\internal\definitions.hpp(69,25): error C2039: 'clamp': is not a member of 'std'
C:\Visual Studio\VC\Tools\MSVC\14.26.28801\include\algorithm(28): message : see declaration of 'std'
C:\Users\krisf\Desktop\GBase\GBase\Dependencies\FGUI\internal\definitions.hpp(69,1): error C3861: 'clamp': identifier not found
C:\Users\krisf\Desktop\GBase\GBase\Dependencies\FGUI\internal\definitions.hpp(163,16): error C2039: 'string_view': is not a member of 'std'
C:\Visual Studio\VC\Tools\MSVC\14.26.28801\include\algorithm(28): message : see declaration of 'std'
C:\Users\krisf\Desktop\GBase\GBase\Dependencies\FGUI\internal\definitions.hpp(163,28): error C4430: missing type specifier - int assumed. Note: C++ does not support default-int
C:\Users\krisf\Desktop\GBase\GBase\Dependencies\FGUI\internal\definitions.hpp(163,44): error C3646: 'm_strInputSystem': unknown override specifier
C:\Users\krisf\Desktop\GBase\GBase\Dependencies\FGUI\internal\definitions.hpp(163,44): error C2143: syntax error: missing ',' before '['
C:\Users\krisf\Desktop\GBase\GBase\Dependencies\FGUI\internal\definitions.hpp(163,45): error C4430: missing type specifier - int assumed. Note: C++ does not support default-int
C:\Users\krisf\Desktop\GBase\GBase\Dependencies\FGUI\internal\definitions.hpp(179,16): error C2039: 'string_view': is not a member of 'std'
C:\Visual Studio\VC\Tools\MSVC\14.26.28801\include\algorithm(28): message : see declaration of 'std'
C:\Users\krisf\Desktop\GBase\GBase\Dependencies\FGUI\internal\definitions.hpp(179,28): error C4430: missing type specifier - int assumed. Note: C++ does not support default-int
C:\Users\krisf\Desktop\GBase\GBase\Dependencies\FGUI\internal\definitions.hpp(179,48): error C3646: 'm_strVirtualKeyCodes': unknown override specifier
C:\Users\krisf\Desktop\GBase\GBase\Dependencies\FGUI\internal\definitions.hpp(179,48): error C2143: syntax error: missing ',' before '['
C:\Users\krisf\Desktop\GBase\GBase\Dependencies\FGUI\internal\definitions.hpp(179,49): error C4430: missing type specifier - int assumed. Note: C++ does not support default-int
C:\Users\krisf\Desktop\GBase\GBase\Dependencies\FGUI\internal\definitions.hpp(199,16): error C2039: 'string_view': is not a member of 'std'
C:\Visual Studio\VC\Tools\MSVC\14.26.28801\include\algorithm(28): message : see declaration of 'std'
C:\Users\krisf\Desktop\GBase\GBase\Dependencies\FGUI\internal\definitions.hpp(199,28): error C4430: missing type specifier - int assumed. Note: C++ does not support default-int
C:\Users\krisf\Desktop\GBase\GBase\Dependencies\FGUI\internal\definitions.hpp(199,47): error C3646: 'm_strCustomKeyCodes': unknown override specifier
C:\Users\krisf\Desktop\GBase\GBase\Dependencies\FGUI\internal\definitions.hpp(199,47): error C2143: syntax error: missing ',' before '['
C:\Users\krisf\Desktop\GBase\GBase\Dependencies\FGUI\internal\definitions.hpp(199,48): error C4430: missing type specifier - int assumed. Note: C++ does not support default-int
C:\Users\krisf\Desktop\GBase\GBase\Dependencies\FGUI\internal\definitions.hpp(200,4): error C2143: syntax error: missing ')' before ';'
C:\Users\krisf\Desktop\GBase\GBase\Dependencies\FGUI\internal\definitions.hpp(200,4): error C2143: syntax error: missing ';' before ')'
C:\Users\krisf\Desktop\GBase\GBase\Dependencies\FGUI\internal\definitions.hpp(200,4): error C2059: syntax error: ')'
C:\Users\krisf\Desktop\GBase\GBase\Dependencies\FGUI\internal\definitions.hpp(205,16): error C2039: 'string_view': is not a member of 'std'
C:\Visual Studio\VC\Tools\MSVC\14.26.28801\include\algorithm(28): message : see declaration of 'std'
C:\Users\krisf\Desktop\GBase\GBase\Dependencies\FGUI\internal\definitions.hpp(205,28): error C4430: missing type specifier - int assumed. Note: C++ does not support default-int
C:\Users\krisf\Desktop\GBase\GBase\Dependencies\FGUI\internal\definitions.hpp(205,44): error C3646: 'm_strInputSystem': unknown override specifier
C:\Users\krisf\Desktop\GBase\GBase\Dependencies\FGUI\internal\definitions.hpp(205,44): error C2143: syntax error: missing ',' before '['
C:\Users\krisf\Desktop\GBase\GBase\Dependencies\FGUI\internal\definitions.hpp(205,45): error C4430: missing type specifier - int assumed. Note: C++ does not support default-int
C:\Users\krisf\Desktop\GBase\GBase\Dependencies\FGUI\internal\definitions.hpp(221,16): error C2039: 'string_view': is not a member of 'std'
C:\Visual Studio\VC\Tools\MSVC\14.26.28801\include\algorithm(28): message : see declaration of 'std'
C:\Users\krisf\Desktop\GBase\GBase\Dependencies\FGUI\internal\definitions.hpp(221,28): error C4430: missing type specifier - int assumed. Note: C++ does not support default-int
C:\Users\krisf\Desktop\GBase\GBase\Dependencies\FGUI\internal\definitions.hpp(221,48): error C3646: 'm_strVirtualKeyCodes': unknown override specifier
C:\Users\krisf\Desktop\GBase\GBase\Dependencies\FGUI\internal\definitions.hpp(221,48): error C2143: syntax error: missing ',' before '['
C:\Users\krisf\Desktop\GBase\GBase\Dependencies\FGUI\internal\definitions.hpp(221,49): error C4430: missing type specifier - int assumed. Note: C++ does not support default-int
C:\Users\krisf\Desktop\GBase\GBase\Dependencies\FGUI\internal\definitions.hpp(241,16): error C2039: 'string_view': is not a member of 'std'
C:\Visual Studio\VC\Tools\MSVC\14.26.28801\include\algorithm(28): message : see declaration of 'std'
C:\Users\krisf\Desktop\GBase\GBase\Dependencies\FGUI\internal\definitions.hpp(241,28): error C4430: missing type specifier - int assumed. Note: C++ does not support default-int
C:\Users\krisf\Desktop\GBase\GBase\Dependencies\FGUI\internal\definitions.hpp(241,47): error C3646: 'm_strCustomKeyCodes': unknown override specifier
C:\Users\krisf\Desktop\GBase\GBase\Dependencies\FGUI\internal\definitions.hpp(241,47): error C2143: syntax error: missing ',' before '['
C:\Users\krisf\Desktop\GBase\GBase\Dependencies\FGUI\internal\definitions.hpp(241,48): error C4430: missing type specifier - int assumed. Note: C++ does not support default-int
C:\Users\krisf\Desktop\GBase\GBase\Dependencies\FGUI\internal\definitions.hpp(242,4): error C2143: syntax error: missing ')' before ';'
C:\Users\krisf\Desktop\GBase\GBase\Dependencies\FGUI\internal\definitions.hpp(242,4): error C2143: syntax error: missing ';' before ')'
C:\Users\krisf\Desktop\GBase\GBase\Dependencies\FGUI\internal\definitions.hpp(242,4): error C2059: syntax error: ')'
C:\Users\krisf\Desktop\GBase\GBase\Dependencies\FGUI\internal\aliases.hpp(87,33): error C7525: inline variables require at least '/std:c++17'
C:\Users\krisf\Desktop\GBase\GBase\Dependencies\FGUI\internal\aliases.hpp(88,30): error C7525: inline variables require at least '/std:c++17'
C:\Users\krisf\Desktop\GBase\GBase\Dependencies\FGUI\widgets\colorpicker.cpp(86,45): error C2039: 'clamp': is not a member of 'std'
C:\Visual Studio\VC\Tools\MSVC\14.26.28801\include\iomanip(23): message : see declaration of 'std'
C:\Users\krisf\Desktop\GBase\GBase\Dependencies\FGUI\widgets\colorpicker.cpp(86,50): error C3861: 'clamp': identifier not found
C:\Users\krisf\Desktop\GBase\GBase\Dependencies\FGUI\widgets\colorpicker.cpp(87,45): error C2039: 'clamp': is not a member of 'std'
C:\Visual Studio\VC\Tools\MSVC\14.26.28801\include\iomanip(23): message : see declaration of 'std'
C:\Users\krisf\Desktop\GBase\GBase\Dependencies\FGUI\widgets\colorpicker.cpp(87,50): error C3861: 'clamp': identifier not found
C:\Users\krisf\Desktop\GBase\GBase\Dependencies\FGUI\widgets\colorpicker.cpp(148,51): error C2039: 'clamp': is not a member of 'std'
C:\Visual Studio\VC\Tools\MSVC\14.26.28801\include\iomanip(23): message : see declaration of 'std'
C:\Users\krisf\Desktop\GBase\GBase\Dependencies\FGUI\widgets\colorpicker.cpp(148,56): error C3861: 'clamp': identifier not found
C:\Users\krisf\Desktop\GBase\GBase\Dependencies\FGUI\widgets\colorpicker.cpp(154,39): error C2039: 'clamp': is not a member of 'std'
C:\Visual Studio\VC\Tools\MSVC\14.26.28801\include\iomanip(23): message : see declaration of 'std'
C:\Users\krisf\Desktop\GBase\GBase\Dependencies\FGUI\widgets\colorpicker.cpp(154,44): error C3861: 'clamp': identifier not found
  combobox.cpp
C:\Users\krisf\Desktop\GBase\GBase\Dependencies\FGUI\internal\definitions.hpp(67,18): error C2039: 'clamp': is not a member of 'std'
C:\Visual Studio\VC\Tools\MSVC\14.26.28801\include\algorithm(28): message : see declaration of 'std'
C:\Users\krisf\Desktop\GBase\GBase\Dependencies\FGUI\internal\definitions.hpp(67,1): error C3861: 'clamp': identifier not found
C:\Users\krisf\Desktop\GBase\GBase\Dependencies\FGUI\internal\definitions.hpp(68,25): error C2039: 'clamp': is not a member of 'std'
C:\Visual Studio\VC\Tools\MSVC\14.26.28801\include\algorithm(28): message : see declaration of 'std'
C:\Users\krisf\Desktop\GBase\GBase\Dependencies\FGUI\internal\definitions.hpp(68,1): error C3861: 'clamp': identifier not found
C:\Users\krisf\Desktop\GBase\GBase\Dependencies\FGUI\internal\definitions.hpp(69,25): error C2039: 'clamp': is not a member of 'std'
C:\Visual Studio\VC\Tools\MSVC\14.26.28801\include\algorithm(28): message : see declaration of 'std'
C:\Users\krisf\Desktop\GBase\GBase\Dependencies\FGUI\internal\definitions.hpp(69,1): error C3861: 'clamp': identifier not found
C:\Users\krisf\Desktop\GBase\GBase\Dependencies\FGUI\internal\definitions.hpp(163,16): error C2039: 'string_view': is not a member of 'std'
C:\Visual Studio\VC\Tools\MSVC\14.26.28801\include\algorithm(28): message : see declaration of 'std'
C:\Users\krisf\Desktop\GBase\GBase\Dependencies\FGUI\internal\definitions.hpp(163,28): error C4430: missing type specifier - int assumed. Note: C++ does not support default-int
C:\Users\krisf\Desktop\GBase\GBase\Dependencies\FGUI\internal\definitions.hpp(163,44): error C3646: 'm_strInputSystem': unknown override specifier
C:\Users\krisf\Desktop\GBase\GBase\Dependencies\FGUI\internal\definitions.hpp(163,44): error C2143: syntax error: missing ',' before '['
C:\Users\krisf\Desktop\GBase\GBase\Dependencies\FGUI\internal\definitions.hpp(163,45): error C4430: missing type specifier - int assumed. Note: C++ does not support default-int
C:\Users\krisf\Desktop\GBase\GBase\Dependencies\FGUI\internal\definitions.hpp(179,16): error C2039: 'string_view': is not a member of 'std'
C:\Visual Studio\VC\Tools\MSVC\14.26.28801\include\algorithm(28): message : see declaration of 'std'
C:\Users\krisf\Desktop\GBase\GBase\Dependencies\FGUI\internal\definitions.hpp(179,28): error C4430: missing type specifier - int assumed. Note: C++ does not support default-int
C:\Users\krisf\Desktop\GBase\GBase\Dependencies\FGUI\internal\definitions.hpp(179,48): error C3646: 'm_strVirtualKeyCodes': unknown override specifier
C:\Users\krisf\Desktop\GBase\GBase\Dependencies\FGUI\internal\definitions.hpp(179,48): error C2143: syntax error: missing ',' before '['
C:\Users\krisf\Desktop\GBase\GBase\Dependencies\FGUI\internal\definitions.hpp(179,49): error C4430: missing type specifier - int assumed. Note: C++ does not support default-int
C:\Users\krisf\Desktop\GBase\GBase\Dependencies\FGUI\internal\definitions.hpp(199,16): error C2039: 'string_view': is not a member of 'std'
C:\Visual Studio\VC\Tools\MSVC\14.26.28801\include\algorithm(28): message : see declaration of 'std'
C:\Users\krisf\Desktop\GBase\GBase\Dependencies\FGUI\internal\definitions.hpp(199,28): error C4430: missing type specifier - int assumed. Note: C++ does not support default-int
C:\Users\krisf\Desktop\GBase\GBase\Dependencies\FGUI\internal\definitions.hpp(199,47): error C3646: 'm_strCustomKeyCodes': unknown override specifier
C:\Users\krisf\Desktop\GBase\GBase\Dependencies\FGUI\internal\definitions.hpp(199,47): error C2143: syntax error: missing ',' before '['
C:\Users\krisf\Desktop\GBase\GBase\Dependencies\FGUI\internal\definitions.hpp(199,48): error C4430: missing type specifier - int assumed. Note: C++ does not support default-int
C:\Users\krisf\Desktop\GBase\GBase\Dependencies\FGUI\internal\definitions.hpp(200,4): error C2143: syntax error: missing ')' before ';'
C:\Users\krisf\Desktop\GBase\GBase\Dependencies\FGUI\internal\definitions.hpp(200,4): error C2143: syntax error: missing ';' before ')'
C:\Users\krisf\Desktop\GBase\GBase\Dependencies\FGUI\internal\definitions.hpp(200,4): error C2059: syntax error: ')'
C:\Users\krisf\Desktop\GBase\GBase\Dependencies\FGUI\internal\definitions.hpp(205,16): error C2039: 'string_view': is not a member of 'std'
C:\Visual Studio\VC\Tools\MSVC\14.26.28801\include\algorithm(28): message : see declaration of 'std'
C:\Users\krisf\Desktop\GBase\GBase\Dependencies\FGUI\internal\definitions.hpp(205,28): error C4430: missing type specifier - int assumed. Note: C++ does not support default-int
C:\Users\krisf\Desktop\GBase\GBase\Dependencies\FGUI\internal\definitions.hpp(205,44): error C3646: 'm_strInputSystem': unknown override specifier
C:\Users\krisf\Desktop\GBase\GBase\Dependencies\FGUI\internal\definitions.hpp(205,44): error C2143: syntax error: missing ',' before '['
C:\Users\krisf\Desktop\GBase\GBase\Dependencies\FGUI\internal\definitions.hpp(205,45): error C4430: missing type specifier - int assumed. Note: C++ does not support default-int
C:\Users\krisf\Desktop\GBase\GBase\Dependencies\FGUI\internal\definitions.hpp(221,16): error C2039: 'string_view': is not a member of 'std'
C:\Visual Studio\VC\Tools\MSVC\14.26.28801\include\algorithm(28): message : see declaration of 'std'
C:\Users\krisf\Desktop\GBase\GBase\Dependencies\FGUI\internal\definitions.hpp(221,28): error C4430: missing type specifier - int assumed. Note: C++ does not support default-int
C:\Users\krisf\Desktop\GBase\GBase\Dependencies\FGUI\internal\definitions.hpp(221,48): error C3646: 'm_strVirtualKeyCodes': unknown override specifier
C:\Users\krisf\Desktop\GBase\GBase\Dependencies\FGUI\internal\definitions.hpp(221,48): error C2143: syntax error: missing ',' before '['
C:\Users\krisf\Desktop\GBase\GBase\Dependencies\FGUI\internal\definitions.hpp(221,49): error C4430: missing type specifier - int assumed. Note: C++ does not support default-int
C:\Users\krisf\Desktop\GBase\GBase\Dependencies\FGUI\internal\definitions.hpp(241,16): error C2039: 'string_view': is not a member of 'std'
C:\Visual Studio\VC\Tools\MSVC\14.26.28801\include\algorithm(28): message : see declaration of 'std'
C:\Users\krisf\Desktop\GBase\GBase\Dependencies\FGUI\internal\definitions.hpp(241,28): error C4430: missing type specifier - int assumed. Note: C++ does not support default-int
C:\Users\krisf\Desktop\GBase\GBase\Dependencies\FGUI\internal\definitions.hpp(241,47): error C3646: 'm_strCustomKeyCodes': unknown override specifier
C:\Users\krisf\Desktop\GBase\GBase\Dependencies\FGUI\internal\definitions.hpp(241,47): error C2143: syntax error: missing ',' before '['
C:\Users\krisf\Desktop\GBase\GBase\Dependencies\FGUI\internal\definitions.hpp(241,48): error C4430: missing type specifier - int assumed. Note: C++ does not support default-int
C:\Users\krisf\Desktop\GBase\GBase\Dependencies\FGUI\internal\definitions.hpp(242,4): error C2143: syntax error: missing ')' before ';'
C:\Users\krisf\Desktop\GBase\GBase\Dependencies\FGUI\internal\definitions.hpp(242,4): error C2143: syntax error: missing ';' before ')'
C:\Users\krisf\Desktop\GBase\GBase\Dependencies\FGUI\internal\definitions.hpp(242,4): error C2059: syntax error: ')'
C:\Users\krisf\Desktop\GBase\GBase\Dependencies\FGUI\internal\aliases.hpp(87,33): error C7525: inline variables require at least '/std:c++17'
C:\Users\krisf\Desktop\GBase\GBase\Dependencies\FGUI\internal\aliases.hpp(88,30): error C7525: inline variables require at least '/std:c++17'
  container.cpp
C:\Users\krisf\Desktop\GBase\GBase\Dependencies\FGUI\internal\definitions.hpp(67,18): error C2039: 'clamp': is not a member of 'std'
C:\Visual Studio\VC\Tools\MSVC\14.26.28801\include\algorithm(28): message : see declaration of 'std'
C:\Users\krisf\Desktop\GBase\GBase\Dependencies\FGUI\internal\definitions.hpp(67,1): error C3861: 'clamp': identifier not found
C:\Users\krisf\Desktop\GBase\GBase\Dependencies\FGUI\internal\definitions.hpp(68,25): error C2039: 'clamp': is not a member of 'std'
C:\Visual Studio\VC\Tools\MSVC\14.26.28801\include\algorithm(28): message : see declaration of 'std'
C:\Users\krisf\Desktop\GBase\GBase\Dependencies\FGUI\internal\definitions.hpp(68,1): error C3861: 'clamp': identifier not found
C:\Users\krisf\Desktop\GBase\GBase\Dependencies\FGUI\internal\definitions.hpp(69,25): error C2039: 'clamp': is not a member of 'std'
C:\Visual Studio\VC\Tools\MSVC\14.26.28801\include\algorithm(28): message : see declaration of 'std'
C:\Users\krisf\Desktop\GBase\GBase\Dependencies\FGUI\internal\definitions.hpp(69,1): error C3861: 'clamp': identifier not found
C:\Users\krisf\Desktop\GBase\GBase\Dependencies\FGUI\internal\definitions.hpp(163,16): error C2039: 'string_view': is not a member of 'std'
C:\Visual Studio\VC\Tools\MSVC\14.26.28801\include\algorithm(28): message : see declaration of 'std'
C:\Users\krisf\Desktop\GBase\GBase\Dependencies\FGUI\internal\definitions.hpp(163,28): error C4430: missing type specifier - int assumed. Note: C++ does not support default-int
C:\Users\krisf\Desktop\GBase\GBase\Dependencies\FGUI\internal\definitions.hpp(163,44): error C3646: 'm_strInputSystem': unknown override specifier
C:\Users\krisf\Desktop\GBase\GBase\Dependencies\FGUI\internal\definitions.hpp(163,44): error C2143: syntax error: missing ',' before '['
C:\Users\krisf\Desktop\GBase\GBase\Dependencies\FGUI\internal\definitions.hpp(163,45): error C4430: missing type specifier - int assumed. Note: C++ does not support default-int
C:\Users\krisf\Desktop\GBase\GBase\Dependencies\FGUI\internal\definitions.hpp(179,16): error C2039: 'string_view': is not a member of 'std'
C:\Visual Studio\VC\Tools\MSVC\14.26.28801\include\algorithm(28): message : see declaration of 'std'
C:\Users\krisf\Desktop\GBase\GBase\Dependencies\FGUI\internal\definitions.hpp(179,28): error C4430: missing type specifier - int assumed. Note: C++ does not support default-int
C:\Users\krisf\Desktop\GBase\GBase\Dependencies\FGUI\internal\definitions.hpp(179,48): error C3646: 'm_strVirtualKeyCodes': unknown override specifier
C:\Users\krisf\Desktop\GBase\GBase\Dependencies\FGUI\internal\definitions.hpp(179,48): error C2143: syntax error: missing ',' before '['
C:\Users\krisf\Desktop\GBase\GBase\Dependencies\FGUI\internal\definitions.hpp(179,49): error C4430: missing type specifier - int assumed. Note: C++ does not support default-int
C:\Users\krisf\Desktop\GBase\GBase\Dependencies\FGUI\internal\definitions.hpp(199,16): error C2039: 'string_view': is not a member of 'std'
C:\Visual Studio\VC\Tools\MSVC\14.26.28801\include\algorithm(28): message : see declaration of 'std'
C:\Users\krisf\Desktop\GBase\GBase\Dependencies\FGUI\internal\definitions.hpp(199,28): error C4430: missing type specifier - int assumed. Note: C++ does not support default-int
C:\Users\krisf\Desktop\GBase\GBase\Dependencies\FGUI\internal\definitions.hpp(199,47): error C3646: 'm_strCustomKeyCodes': unknown override specifier
C:\Users\krisf\Desktop\GBase\GBase\Dependencies\FGUI\internal\definitions.hpp(199,47): error C2143: syntax error: missing ',' before '['
C:\Users\krisf\Desktop\GBase\GBase\Dependencies\FGUI\internal\definitions.hpp(199,48): error C4430: missing type specifier - int assumed. Note: C++ does not support default-int
C:\Users\krisf\Desktop\GBase\GBase\Dependencies\FGUI\internal\definitions.hpp(200,4): error C2143: syntax error: missing ')' before ';'
C:\Users\krisf\Desktop\GBase\GBase\Dependencies\FGUI\internal\definitions.hpp(200,4): error C2143: syntax error: missing ';' before ')'
C:\Users\krisf\Desktop\GBase\GBase\Dependencies\FGUI\internal\definitions.hpp(200,4): error C2059: syntax error: ')'
C:\Users\krisf\Desktop\GBase\GBase\Dependencies\FGUI\internal\definitions.hpp(205,16): error C2039: 'string_view': is not a member of 'std'
C:\Visual Studio\VC\Tools\MSVC\14.26.28801\include\algorithm(28): message : see declaration of 'std'
C:\Users\krisf\Desktop\GBase\GBase\Dependencies\FGUI\internal\definitions.hpp(205,28): error C4430: missing type specifier - int assumed. Note: C++ does not support default-int
C:\Users\krisf\Desktop\GBase\GBase\Dependencies\FGUI\internal\definitions.hpp(205,44): error C3646: 'm_strInputSystem': unknown override specifier
C:\Users\krisf\Desktop\GBase\GBase\Dependencies\FGUI\internal\definitions.hpp(205,44): error C2143: syntax error: missing ',' before '['
C:\Users\krisf\Desktop\GBase\GBase\Dependencies\FGUI\internal\definitions.hpp(205,45): error C4430: missing type specifier - int assumed. Note: C++ does not support default-int
C:\Users\krisf\Desktop\GBase\GBase\Dependencies\FGUI\internal\definitions.hpp(221,16): error C2039: 'string_view': is not a member of 'std'
C:\Visual Studio\VC\Tools\MSVC\14.26.28801\include\algorithm(28): message : see declaration of 'std'
C:\Users\krisf\Desktop\GBase\GBase\Dependencies\FGUI\internal\definitions.hpp(221,28): error C4430: missing type specifier - int assumed. Note: C++ does not support default-int
C:\Users\krisf\Desktop\GBase\GBase\Dependencies\FGUI\internal\definitions.hpp(221,48): error C3646: 'm_strVirtualKeyCodes': unknown override specifier
C:\Users\krisf\Desktop\GBase\GBase\Dependencies\FGUI\internal\definitions.hpp(221,48): error C2143: syntax error: missing ',' before '['
C:\Users\krisf\Desktop\GBase\GBase\Dependencies\FGUI\internal\definitions.hpp(221,49): error C4430: missing type specifier - int assumed. Note: C++ does not support default-int
C:\Users\krisf\Desktop\GBase\GBase\Dependencies\FGUI\internal\definitions.hpp(241,16): error C2039: 'string_view': is not a member of 'std'
C:\Visual Studio\VC\Tools\MSVC\14.26.28801\include\algorithm(28): message : see declaration of 'std'
C:\Users\krisf\Desktop\GBase\GBase\Dependencies\FGUI\internal\definitions.hpp(241,28): error C4430: missing type specifier - int assumed. Note: C++ does not support default-int
C:\Users\krisf\Desktop\GBase\GBase\Dependencies\FGUI\internal\definitions.hpp(241,47): error C3646: 'm_strCustomKeyCodes': unknown override specifier
C:\Users\krisf\Desktop\GBase\GBase\Dependencies\FGUI\internal\definitions.hpp(241,47): error C2143: syntax error: missing ',' before '['
C:\Users\krisf\Desktop\GBase\GBase\Dependencies\FGUI\internal\definitions.hpp(241,48): error C4430: missing type specifier - int assumed. Note: C++ does not support default-int
C:\Users\krisf\Desktop\GBase\GBase\Dependencies\FGUI\internal\definitions.hpp(242,4): error C2143: syntax error: missing ')' before ';'
C:\Users\krisf\Desktop\GBase\GBase\Dependencies\FGUI\internal\definitions.hpp(242,4): error C2143: syntax error: missing ';' before ')'
C:\Users\krisf\Desktop\GBase\GBase\Dependencies\FGUI\internal\definitions.hpp(242,4): error C2059: syntax error: ')'
C:\Users\krisf\Desktop\GBase\GBase\Dependencies\FGUI\internal\aliases.hpp(87,33): error C7525: inline variables require at least '/std:c++17'
C:\Users\krisf\Desktop\GBase\GBase\Dependencies\FGUI\internal\aliases.hpp(88,30): error C7525: inline variables require at least '/std:c++17'
C:\Users\krisf\Desktop\GBase\GBase\Dependencies\FGUI\widgets\container.cpp(425,36): error C2039: 'clamp': is not a member of 'std'
C:\Users\krisf\Desktop\GBase\GBase\Dependencies\FGUI\dependencies\external\json.hpp(24406): message : see declaration of 'std'
C:\Users\krisf\Desktop\GBase\GBase\Dependencies\FGUI\widgets\container.cpp(425,41): error C3861: 'clamp': identifier not found
C:\Users\krisf\Desktop\GBase\GBase\Dependencies\FGUI\widgets\container.cpp(426,36): error C2039: 'clamp': is not a member of 'std'
C:\Users\krisf\Desktop\GBase\GBase\Dependencies\FGUI\dependencies\external\json.hpp(24406): message : see declaration of 'std'
C:\Users\krisf\Desktop\GBase\GBase\Dependencies\FGUI\widgets\container.cpp(426,41): error C3861: 'clamp': identifier not found
C:\Users\krisf\Desktop\GBase\GBase\Dependencies\FGUI\widgets\container.cpp(481,38): error C2039: 'clamp': is not a member of 'std'
C:\Users\krisf\Desktop\GBase\GBase\Dependencies\FGUI\dependencies\external\json.hpp(24406): message : see declaration of 'std'
C:\Users\krisf\Desktop\GBase\GBase\Dependencies\FGUI\widgets\container.cpp(481,43): error C3861: 'clamp': identifier not found
  itemselector.cpp
C:\Users\krisf\Desktop\GBase\GBase\Dependencies\FGUI\internal\definitions.hpp(67,18): error C2039: 'clamp': is not a member of 'std'
C:\Visual Studio\VC\Tools\MSVC\14.26.28801\include\algorithm(28): message : see declaration of 'std'
C:\Users\krisf\Desktop\GBase\GBase\Dependencies\FGUI\internal\definitions.hpp(67,1): error C3861: 'clamp': identifier not found
C:\Users\krisf\Desktop\GBase\GBase\Dependencies\FGUI\internal\definitions.hpp(68,25): error C2039: 'clamp': is not a member of 'std'
C:\Visual Studio\VC\Tools\MSVC\14.26.28801\include\algorithm(28): message : see declaration of 'std'
C:\Users\krisf\Desktop\GBase\GBase\Dependencies\FGUI\internal\definitions.hpp(68,1): error C3861: 'clamp': identifier not found
C:\Users\krisf\Desktop\GBase\GBase\Dependencies\FGUI\internal\definitions.hpp(69,25): error C2039: 'clamp': is not a member of 'std'
C:\Visual Studio\VC\Tools\MSVC\14.26.28801\include\algorithm(28): message : see declaration of 'std'
C:\Users\krisf\Desktop\GBase\GBase\Dependencies\FGUI\internal\definitions.hpp(69,1): error C3861: 'clamp': identifier not found
C:\Users\krisf\Desktop\GBase\GBase\Dependencies\FGUI\internal\definitions.hpp(163,16): error C2039: 'string_view': is not a member of 'std'
C:\Visual Studio\VC\Tools\MSVC\14.26.28801\include\algorithm(28): message : see declaration of 'std'
C:\Users\krisf\Desktop\GBase\GBase\Dependencies\FGUI\internal\definitions.hpp(163,28): error C4430: missing type specifier - int assumed. Note: C++ does not support default-int
C:\Users\krisf\Desktop\GBase\GBase\Dependencies\FGUI\internal\definitions.hpp(163,44): error C3646: 'm_strInputSystem': unknown override specifier
C:\Users\krisf\Desktop\GBase\GBase\Dependencies\FGUI\internal\definitions.hpp(163,44): error C2143: syntax error: missing ',' before '['
C:\Users\krisf\Desktop\GBase\GBase\Dependencies\FGUI\internal\definitions.hpp(163,45): error C4430: missing type specifier - int assumed. Note: C++ does not support default-int
C:\Users\krisf\Desktop\GBase\GBase\Dependencies\FGUI\internal\definitions.hpp(179,16): error C2039: 'string_view': is not a member of 'std'
C:\Visual Studio\VC\Tools\MSVC\14.26.28801\include\algorithm(28): message : see declaration of 'std'
C:\Users\krisf\Desktop\GBase\GBase\Dependencies\FGUI\internal\definitions.hpp(179,28): error C4430: missing type specifier - int assumed. Note: C++ does not support default-int
C:\Users\krisf\Desktop\GBase\GBase\Dependencies\FGUI\internal\definitions.hpp(179,48): error C3646: 'm_strVirtualKeyCodes': unknown override specifier
C:\Users\krisf\Desktop\GBase\GBase\Dependencies\FGUI\internal\definitions.hpp(179,48): error C2143: syntax error: missing ',' before '['
C:\Users\krisf\Desktop\GBase\GBase\Dependencies\FGUI\internal\definitions.hpp(179,49): error C4430: missing type specifier - int assumed. Note: C++ does not support default-int
C:\Users\krisf\Desktop\GBase\GBase\Dependencies\FGUI\internal\definitions.hpp(199,16): error C2039: 'string_view': is not a member of 'std'
C:\Visual Studio\VC\Tools\MSVC\14.26.28801\include\algorithm(28): message : see declaration of 'std'
C:\Users\krisf\Desktop\GBase\GBase\Dependencies\FGUI\internal\definitions.hpp(199,28): error C4430: missing type specifier - int assumed. Note: C++ does not support default-int
C:\Users\krisf\Desktop\GBase\GBase\Dependencies\FGUI\internal\definitions.hpp(199,47): error C3646: 'm_strCustomKeyCodes': unknown override specifier
C:\Users\krisf\Desktop\GBase\GBase\Dependencies\FGUI\internal\definitions.hpp(199,47): error C2143: syntax error: missing ',' before '['
C:\Users\krisf\Desktop\GBase\GBase\Dependencies\FGUI\internal\definitions.hpp(199,48): error C4430: missing type specifier - int assumed. Note: C++ does not support default-int
C:\Users\krisf\Desktop\GBase\GBase\Dependencies\FGUI\internal\definitions.hpp(200,4): error C2143: syntax error: missing ')' before ';'
C:\Users\krisf\Desktop\GBase\GBase\Dependencies\FGUI\internal\definitions.hpp(200,4): error C2143: syntax error: missing ';' before ')'
C:\Users\krisf\Desktop\GBase\GBase\Dependencies\FGUI\internal\definitions.hpp(200,4): error C2059: syntax error: ')'
C:\Users\krisf\Desktop\GBase\GBase\Dependencies\FGUI\internal\definitions.hpp(205,16): error C2039: 'string_view': is not a member of 'std'
C:\Visual Studio\VC\Tools\MSVC\14.26.28801\include\algorithm(28): message : see declaration of 'std'
C:\Users\krisf\Desktop\GBase\GBase\Dependencies\FGUI\internal\definitions.hpp(205,28): error C4430: missing type specifier - int assumed. Note: C++ does not support default-int
C:\Users\krisf\Desktop\GBase\GBase\Dependencies\FGUI\internal\definitions.hpp(205,44): error C3646: 'm_strInputSystem': unknown override specifier
C:\Users\krisf\Desktop\GBase\GBase\Dependencies\FGUI\internal\definitions.hpp(205,44): error C2143: syntax error: missing ',' before '['
C:\Users\krisf\Desktop\GBase\GBase\Dependencies\FGUI\internal\definitions.hpp(205,45): error C4430: missing type specifier - int assumed. Note: C++ does not support default-int
C:\Users\krisf\Desktop\GBase\GBase\Dependencies\FGUI\internal\definitions.hpp(221,16): error C2039: 'string_view': is not a member of 'std'
C:\Visual Studio\VC\Tools\MSVC\14.26.28801\include\algorithm(28): message : see declaration of 'std'
C:\Users\krisf\Desktop\GBase\GBase\Dependencies\FGUI\internal\definitions.hpp(221,28): error C4430: missing type specifier - int assumed. Note: C++ does not support default-int
C:\Users\krisf\Desktop\GBase\GBase\Dependencies\FGUI\internal\definitions.hpp(221,48): error C3646: 'm_strVirtualKeyCodes': unknown override specifier
C:\Users\krisf\Desktop\GBase\GBase\Dependencies\FGUI\internal\definitions.hpp(221,48): error C2143: syntax error: missing ',' before '['
C:\Users\krisf\Desktop\GBase\GBase\Dependencies\FGUI\internal\definitions.hpp(221,49): error C4430: missing type specifier - int assumed. Note: C++ does not support default-int
C:\Users\krisf\Desktop\GBase\GBase\Dependencies\FGUI\internal\definitions.hpp(241,16): error C2039: 'string_view': is not a member of 'std'
C:\Visual Studio\VC\Tools\MSVC\14.26.28801\include\algorithm(28): message : see declaration of 'std'
C:\Users\krisf\Desktop\GBase\GBase\Dependencies\FGUI\internal\definitions.hpp(241,28): error C4430: missing type specifier - int assumed. Note: C++ does not support default-int
C:\Users\krisf\Desktop\GBase\GBase\Dependencies\FGUI\internal\definitions.hpp(241,47): error C3646: 'm_strCustomKeyCodes': unknown override specifier
C:\Users\krisf\Desktop\GBase\GBase\Dependencies\FGUI\internal\definitions.hpp(241,47): error C2143: syntax error: missing ',' before '['
C:\Users\krisf\Desktop\GBase\GBase\Dependencies\FGUI\internal\definitions.hpp(241,48): error C4430: missing type specifier - int assumed. Note: C++ does not support default-int
C:\Users\krisf\Desktop\GBase\GBase\Dependencies\FGUI\internal\definitions.hpp(242,4): error C2143: syntax error: missing ')' before ';'
C:\Users\krisf\Desktop\GBase\GBase\Dependencies\FGUI\internal\definitions.hpp(242,4): error C2143: syntax error: missing ';' before ')'
C:\Users\krisf\Desktop\GBase\GBase\Dependencies\FGUI\internal\definitions.hpp(242,4): error C2059: syntax error: ')'
C:\Users\krisf\Desktop\GBase\GBase\Dependencies\FGUI\internal\aliases.hpp(87,33): error C7525: inline variables require at least '/std:c++17'
C:\Users\krisf\Desktop\GBase\GBase\Dependencies\FGUI\internal\aliases.hpp(88,30): error C7525: inline variables require at least '/std:c++17'
  keybinder.cpp
C:\Users\krisf\Desktop\GBase\GBase\Dependencies\FGUI\internal\definitions.hpp(67,18): error C2039: 'clamp': is not a member of 'std'
C:\Visual Studio\VC\Tools\MSVC\14.26.28801\include\algorithm(28): message : see declaration of 'std'
C:\Users\krisf\Desktop\GBase\GBase\Dependencies\FGUI\internal\definitions.hpp(67,1): error C3861: 'clamp': identifier not found
C:\Users\krisf\Desktop\GBase\GBase\Dependencies\FGUI\internal\definitions.hpp(68,25): error C2039: 'clamp': is not a member of 'std'
C:\Visual Studio\VC\Tools\MSVC\14.26.28801\include\algorithm(28): message : see declaration of 'std'
C:\Users\krisf\Desktop\GBase\GBase\Dependencies\FGUI\internal\definitions.hpp(68,1): error C3861: 'clamp': identifier not found
C:\Users\krisf\Desktop\GBase\GBase\Dependencies\FGUI\internal\definitions.hpp(69,25): error C2039: 'clamp': is not a member of 'std'
C:\Visual Studio\VC\Tools\MSVC\14.26.28801\include\algorithm(28): message : see declaration of 'std'
C:\Users\krisf\Desktop\GBase\GBase\Dependencies\FGUI\internal\definitions.hpp(69,1): error C3861: 'clamp': identifier not found
C:\Users\krisf\Desktop\GBase\GBase\Dependencies\FGUI\internal\definitions.hpp(163,16): error C2039: 'string_view': is not a member of 'std'
C:\Visual Studio\VC\Tools\MSVC\14.26.28801\include\algorithm(28): message : see declaration of 'std'
C:\Users\krisf\Desktop\GBase\GBase\Dependencies\FGUI\internal\definitions.hpp(163,28): error C4430: missing type specifier - int assumed. Note: C++ does not support default-int
C:\Users\krisf\Desktop\GBase\GBase\Dependencies\FGUI\internal\definitions.hpp(163,44): error C3646: 'm_strInputSystem': unknown override specifier
C:\Users\krisf\Desktop\GBase\GBase\Dependencies\FGUI\internal\definitions.hpp(163,44): error C2143: syntax error: missing ',' before '['
C:\Users\krisf\Desktop\GBase\GBase\Dependencies\FGUI\internal\definitions.hpp(163,45): error C4430: missing type specifier - int assumed. Note: C++ does not support default-int
C:\Users\krisf\Desktop\GBase\GBase\Dependencies\FGUI\internal\definitions.hpp(179,16): error C2039: 'string_view': is not a member of 'std'
C:\Visual Studio\VC\Tools\MSVC\14.26.28801\include\algorithm(28): message : see declaration of 'std'
C:\Users\krisf\Desktop\GBase\GBase\Dependencies\FGUI\internal\definitions.hpp(179,28): error C4430: missing type specifier - int assumed. Note: C++ does not support default-int
C:\Users\krisf\Desktop\GBase\GBase\Dependencies\FGUI\internal\definitions.hpp(179,48): error C3646: 'm_strVirtualKeyCodes': unknown override specifier
C:\Users\krisf\Desktop\GBase\GBase\Dependencies\FGUI\internal\definitions.hpp(179,48): error C2143: syntax error: missing ',' before '['
C:\Users\krisf\Desktop\GBase\GBase\Dependencies\FGUI\internal\definitions.hpp(179,49): error C4430: missing type specifier - int assumed. Note: C++ does not support default-int
C:\Users\krisf\Desktop\GBase\GBase\Dependencies\FGUI\internal\definitions.hpp(199,16): error C2039: 'string_view': is not a member of 'std'
C:\Visual Studio\VC\Tools\MSVC\14.26.28801\include\algorithm(28): message : see declaration of 'std'
C:\Users\krisf\Desktop\GBase\GBase\Dependencies\FGUI\internal\definitions.hpp(199,28): error C4430: missing type specifier - int assumed. Note: C++ does not support default-int
C:\Users\krisf\Desktop\GBase\GBase\Dependencies\FGUI\internal\definitions.hpp(199,47): error C3646: 'm_strCustomKeyCodes': unknown override specifier
C:\Users\krisf\Desktop\GBase\GBase\Dependencies\FGUI\internal\definitions.hpp(199,47): error C2143: syntax error: missing ',' before '['
C:\Users\krisf\Desktop\GBase\GBase\Dependencies\FGUI\internal\definitions.hpp(199,48): error C4430: missing type specifier - int assumed. Note: C++ does not support default-int
C:\Users\krisf\Desktop\GBase\GBase\Dependencies\FGUI\internal\definitions.hpp(200,4): error C2143: syntax error: missing ')' before ';'
C:\Users\krisf\Desktop\GBase\GBase\Dependencies\FGUI\internal\definitions.hpp(200,4): error C2143: syntax error: missing ';' before ')'
C:\Users\krisf\Desktop\GBase\GBase\Dependencies\FGUI\internal\definitions.hpp(200,4): error C2059: syntax error: ')'
C:\Users\krisf\Desktop\GBase\GBase\Dependencies\FGUI\internal\definitions.hpp(205,16): error C2039: 'string_view': is not a member of 'std'
C:\Visual Studio\VC\Tools\MSVC\14.26.28801\include\algorithm(28): message : see declaration of 'std'
C:\Users\krisf\Desktop\GBase\GBase\Dependencies\FGUI\internal\definitions.hpp(205,28): error C4430: missing type specifier - int assumed. Note: C++ does not support default-int
C:\Users\krisf\Desktop\GBase\GBase\Dependencies\FGUI\internal\definitions.hpp(205,44): error C3646: 'm_strInputSystem': unknown override specifier
C:\Users\krisf\Desktop\GBase\GBase\Dependencies\FGUI\internal\definitions.hpp(205,44): error C2143: syntax error: missing ',' before '['
C:\Users\krisf\Desktop\GBase\GBase\Dependencies\FGUI\internal\definitions.hpp(205,45): error C4430: missing type specifier - int assumed. Note: C++ does not support default-int
C:\Users\krisf\Desktop\GBase\GBase\Dependencies\FGUI\internal\definitions.hpp(221,16): error C2039: 'string_view': is not a member of 'std'
C:\Visual Studio\VC\Tools\MSVC\14.26.28801\include\algorithm(28): message : see declaration of 'std'
C:\Users\krisf\Desktop\GBase\GBase\Dependencies\FGUI\internal\definitions.hpp(221,28): error C4430: missing type specifier - int assumed. Note: C++ does not support default-int
C:\Users\krisf\Desktop\GBase\GBase\Dependencies\FGUI\internal\definitions.hpp(221,48): error C3646: 'm_strVirtualKeyCodes': unknown override specifier
C:\Users\krisf\Desktop\GBase\GBase\Dependencies\FGUI\internal\definitions.hpp(221,48): error C2143: syntax error: missing ',' before '['
C:\Users\krisf\Desktop\GBase\GBase\Dependencies\FGUI\internal\definitions.hpp(221,49): error C4430: missing type specifier - int assumed. Note: C++ does not support default-int
C:\Users\krisf\Desktop\GBase\GBase\Dependencies\FGUI\internal\definitions.hpp(241,16): error C2039: 'string_view': is not a member of 'std'
C:\Visual Studio\VC\Tools\MSVC\14.26.28801\include\algorithm(28): message : see declaration of 'std'
C:\Users\krisf\Desktop\GBase\GBase\Dependencies\FGUI\internal\definitions.hpp(241,28): error C4430: missing type specifier - int assumed. Note: C++ does not support default-int
C:\Users\krisf\Desktop\GBase\GBase\Dependencies\FGUI\internal\definitions.hpp(241,47): error C3646: 'm_strCustomKeyCodes': unknown override specifier
C:\Users\krisf\Desktop\GBase\GBase\Dependencies\FGUI\internal\definitions.hpp(241,47): error C2143: syntax error: missing ',' before '['
C:\Users\krisf\Desktop\GBase\GBase\Dependencies\FGUI\internal\definitions.hpp(241,48): error C4430: missing type specifier - int assumed. Note: C++ does not support default-int
C:\Users\krisf\Desktop\GBase\GBase\Dependencies\FGUI\internal\definitions.hpp(242,4): error C2143: syntax error: missing ')' before ';'
C:\Users\krisf\Desktop\GBase\GBase\Dependencies\FGUI\internal\definitions.hpp(242,4): error C2143: syntax error: missing ';' before ')'
C:\Users\krisf\Desktop\GBase\GBase\Dependencies\FGUI\internal\definitions.hpp(242,4): error C2059: syntax error: ')'
C:\Users\krisf\Desktop\GBase\GBase\Dependencies\FGUI\internal\aliases.hpp(87,33): error C7525: inline variables require at least '/std:c++17'
C:\Users\krisf\Desktop\GBase\GBase\Dependencies\FGUI\internal\aliases.hpp(88,30): error C7525: inline variables require at least '/std:c++17'
C:\Users\krisf\Desktop\GBase\GBase\Dependencies\FGUI\widgets\keybinder.cpp(94,53): error C2039: 'm_strVirtualKeyCodes': is not a member of 'FGUI::SKeyCodes_t'
C:\Users\krisf\Desktop\GBase\GBase\Dependencies\FGUI\internal\definitions.hpp(160): message : see declaration of 'FGUI::SKeyCodes_t'
C:\Users\krisf\Desktop\GBase\GBase\Dependencies\FGUI\widgets\keybinder.cpp(99,49): error C2039: 'm_strInputSystem': is not a member of 'FGUI::SKeyCodes_t'
C:\Users\krisf\Desktop\GBase\GBase\Dependencies\FGUI\internal\definitions.hpp(160): message : see declaration of 'FGUI::SKeyCodes_t'
C:\Users\krisf\Desktop\GBase\GBase\Dependencies\FGUI\widgets\keybinder.cpp(104,52): error C2039: 'm_strCustomKeyCodes': is not a member of 'FGUI::SKeyCodes_t'
C:\Users\krisf\Desktop\GBase\GBase\Dependencies\FGUI\internal\definitions.hpp(160): message : see declaration of 'FGUI::SKeyCodes_t'
C:\Users\krisf\Desktop\GBase\GBase\Dependencies\FGUI\widgets\keybinder.cpp(146,61): error C2039: 'm_strVirtualKeyCodes': is not a member of 'FGUI::SKeyCodes_t'
C:\Users\krisf\Desktop\GBase\GBase\Dependencies\FGUI\internal\definitions.hpp(160): message : see declaration of 'FGUI::SKeyCodes_t'
C:\Users\krisf\Desktop\GBase\GBase\Dependencies\FGUI\widgets\keybinder.cpp(151,57): error C2039: 'm_strInputSystem': is not a member of 'FGUI::SKeyCodes_t'
C:\Users\krisf\Desktop\GBase\GBase\Dependencies\FGUI\internal\definitions.hpp(160): message : see declaration of 'FGUI::SKeyCodes_t'
C:\Users\krisf\Desktop\GBase\GBase\Dependencies\FGUI\widgets\keybinder.cpp(156,60): error C2039: 'm_strCustomKeyCodes': is not a member of 'FGUI::SKeyCodes_t'
C:\Users\krisf\Desktop\GBase\GBase\Dependencies\FGUI\internal\definitions.hpp(160): message : see declaration of 'FGUI::SKeyCodes_t'
C:\Users\krisf\Desktop\GBase\GBase\Dependencies\FGUI\widgets\keybinder.cpp(209,51): error C2039: 'm_strVirtualKeyCodes': is not a member of 'FGUI::SKeyCodes_t'
C:\Users\krisf\Desktop\GBase\GBase\Dependencies\FGUI\internal\definitions.hpp(160): message : see declaration of 'FGUI::SKeyCodes_t'
  label.cpp
C:\Users\krisf\Desktop\GBase\GBase\Dependencies\FGUI\internal\definitions.hpp(67,18): error C2039: 'clamp': is not a member of 'std'
C:\Visual Studio\VC\Tools\MSVC\14.26.28801\include\algorithm(28): message : see declaration of 'std'
C:\Users\krisf\Desktop\GBase\GBase\Dependencies\FGUI\internal\definitions.hpp(67,1): error C3861: 'clamp': identifier not found
C:\Users\krisf\Desktop\GBase\GBase\Dependencies\FGUI\internal\definitions.hpp(68,25): error C2039: 'clamp': is not a member of 'std'
C:\Visual Studio\VC\Tools\MSVC\14.26.28801\include\algorithm(28): message : see declaration of 'std'
C:\Users\krisf\Desktop\GBase\GBase\Dependencies\FGUI\internal\definitions.hpp(68,1): error C3861: 'clamp': identifier not found
C:\Users\krisf\Desktop\GBase\GBase\Dependencies\FGUI\internal\definitions.hpp(69,25): error C2039: 'clamp': is not a member of 'std'
C:\Visual Studio\VC\Tools\MSVC\14.26.28801\include\algorithm(28): message : see declaration of 'std'
C:\Users\krisf\Desktop\GBase\GBase\Dependencies\FGUI\internal\definitions.hpp(69,1): error C3861: 'clamp': identifier not found
C:\Users\krisf\Desktop\GBase\GBase\Dependencies\FGUI\internal\definitions.hpp(163,16): error C2039: 'string_view': is not a member of 'std'
C:\Visual Studio\VC\Tools\MSVC\14.26.28801\include\algorithm(28): message : see declaration of 'std'
C:\Users\krisf\Desktop\GBase\GBase\Dependencies\FGUI\internal\definitions.hpp(163,28): error C4430: missing type specifier - int assumed. Note: C++ does not support default-int
C:\Users\krisf\Desktop\GBase\GBase\Dependencies\FGUI\internal\definitions.hpp(163,44): error C3646: 'm_strInputSystem': unknown override specifier
C:\Users\krisf\Desktop\GBase\GBase\Dependencies\FGUI\internal\definitions.hpp(163,44): error C2143: syntax error: missing ',' before '['
C:\Users\krisf\Desktop\GBase\GBase\Dependencies\FGUI\internal\definitions.hpp(163,45): error C4430: missing type specifier - int assumed. Note: C++ does not support default-int
C:\Users\krisf\Desktop\GBase\GBase\Dependencies\FGUI\internal\definitions.hpp(179,16): error C2039: 'string_view': is not a member of 'std'
C:\Visual Studio\VC\Tools\MSVC\14.26.28801\include\algorithm(28): message : see declaration of 'std'
C:\Users\krisf\Desktop\GBase\GBase\Dependencies\FGUI\internal\definitions.hpp(179,28): error C4430: missing type specifier - int assumed. Note: C++ does not support default-int
C:\Users\krisf\Desktop\GBase\GBase\Dependencies\FGUI\internal\definitions.hpp(179,48): error C3646: 'm_strVirtualKeyCodes': unknown override specifier
C:\Users\krisf\Desktop\GBase\GBase\Dependencies\FGUI\internal\definitions.hpp(179,48): error C2143: syntax error: missing ',' before '['
C:\Users\krisf\Desktop\GBase\GBase\Dependencies\FGUI\internal\definitions.hpp(179,49): error C4430: missing type specifier - int assumed. Note: C++ does not support default-int
C:\Users\krisf\Desktop\GBase\GBase\Dependencies\FGUI\internal\definitions.hpp(199,16): error C2039: 'string_view': is not a member of 'std'
C:\Visual Studio\VC\Tools\MSVC\14.26.28801\include\algorithm(28): message : see declaration of 'std'
C:\Users\krisf\Desktop\GBase\GBase\Dependencies\FGUI\internal\definitions.hpp(199,28): error C4430: missing type specifier - int assumed. Note: C++ does not support default-int
C:\Users\krisf\Desktop\GBase\GBase\Dependencies\FGUI\internal\definitions.hpp(199,47): error C3646: 'm_strCustomKeyCodes': unknown override specifier
C:\Users\krisf\Desktop\GBase\GBase\Dependencies\FGUI\internal\definitions.hpp(199,47): error C2143: syntax error: missing ',' before '['
C:\Users\krisf\Desktop\GBase\GBase\Dependencies\FGUI\internal\definitions.hpp(199,48): error C4430: missing type specifier - int assumed. Note: C++ does not support default-int
C:\Users\krisf\Desktop\GBase\GBase\Dependencies\FGUI\internal\definitions.hpp(200,4): error C2143: syntax error: missing ')' before ';'
C:\Users\krisf\Desktop\GBase\GBase\Dependencies\FGUI\internal\definitions.hpp(200,4): error C2143: syntax error: missing ';' before ')'
C:\Users\krisf\Desktop\GBase\GBase\Dependencies\FGUI\internal\definitions.hpp(200,4): error C2059: syntax error: ')'
C:\Users\krisf\Desktop\GBase\GBase\Dependencies\FGUI\internal\definitions.hpp(205,16): error C2039: 'string_view': is not a member of 'std'
C:\Visual Studio\VC\Tools\MSVC\14.26.28801\include\algorithm(28): message : see declaration of 'std'
C:\Users\krisf\Desktop\GBase\GBase\Dependencies\FGUI\internal\definitions.hpp(205,28): error C4430: missing type specifier - int assumed. Note: C++ does not support default-int
C:\Users\krisf\Desktop\GBase\GBase\Dependencies\FGUI\internal\definitions.hpp(205,44): error C3646: 'm_strInputSystem': unknown override specifier
C:\Users\krisf\Desktop\GBase\GBase\Dependencies\FGUI\internal\definitions.hpp(205,44): error C2143: syntax error: missing ',' before '['
C:\Users\krisf\Desktop\GBase\GBase\Dependencies\FGUI\internal\definitions.hpp(205,45): error C4430: missing type specifier - int assumed. Note: C++ does not support default-int
C:\Users\krisf\Desktop\GBase\GBase\Dependencies\FGUI\internal\definitions.hpp(221,16): error C2039: 'string_view': is not a member of 'std'
C:\Visual Studio\VC\Tools\MSVC\14.26.28801\include\algorithm(28): message : see declaration of 'std'
C:\Users\krisf\Desktop\GBase\GBase\Dependencies\FGUI\internal\definitions.hpp(221,28): error C4430: missing type specifier - int assumed. Note: C++ does not support default-int
C:\Users\krisf\Desktop\GBase\GBase\Dependencies\FGUI\internal\definitions.hpp(221,48): error C3646: 'm_strVirtualKeyCodes': unknown override specifier
C:\Users\krisf\Desktop\GBase\GBase\Dependencies\FGUI\internal\definitions.hpp(221,48): error C2143: syntax error: missing ',' before '['
C:\Users\krisf\Desktop\GBase\GBase\Dependencies\FGUI\internal\definitions.hpp(221,49): error C4430: missing type specifier - int assumed. Note: C++ does not support default-int
C:\Users\krisf\Desktop\GBase\GBase\Dependencies\FGUI\internal\definitions.hpp(241,16): error C2039: 'string_view': is not a member of 'std'
C:\Visual Studio\VC\Tools\MSVC\14.26.28801\include\algorithm(28): message : see declaration of 'std'
C:\Users\krisf\Desktop\GBase\GBase\Dependencies\FGUI\internal\definitions.hpp(241,28): error C4430: missing type specifier - int assumed. Note: C++ does not support default-int
C:\Users\krisf\Desktop\GBase\GBase\Dependencies\FGUI\internal\definitions.hpp(241,47): error C3646: 'm_strCustomKeyCodes': unknown override specifier
C:\Users\krisf\Desktop\GBase\GBase\Dependencies\FGUI\internal\definitions.hpp(241,47): error C2143: syntax error: missing ',' before '['
C:\Users\krisf\Desktop\GBase\GBase\Dependencies\FGUI\internal\definitions.hpp(241,48): error C4430: missing type specifier - int assumed. Note: C++ does not support default-int
C:\Users\krisf\Desktop\GBase\GBase\Dependencies\FGUI\internal\definitions.hpp(242,4): error C2143: syntax error: missing ')' before ';'
C:\Users\krisf\Desktop\GBase\GBase\Dependencies\FGUI\internal\definitions.hpp(242,4): error C2143: syntax error: missing ';' before ')'
C:\Users\krisf\Desktop\GBase\GBase\Dependencies\FGUI\internal\definitions.hpp(242,4): error C2059: syntax error: ')'
C:\Users\krisf\Desktop\GBase\GBase\Dependencies\FGUI\internal\aliases.hpp(87,33): error C7525: inline variables require at least '/std:c++17'
C:\Users\krisf\Desktop\GBase\GBase\Dependencies\FGUI\internal\aliases.hpp(88,30): error C7525: inline variables require at least '/std:c++17'
  listbox.cpp
C:\Users\krisf\Desktop\GBase\GBase\Dependencies\FGUI\internal\definitions.hpp(67,18): error C2039: 'clamp': is not a member of 'std'
C:\Visual Studio\VC\Tools\MSVC\14.26.28801\include\algorithm(28): message : see declaration of 'std'
C:\Users\krisf\Desktop\GBase\GBase\Dependencies\FGUI\internal\definitions.hpp(67,1): error C3861: 'clamp': identifier not found
C:\Users\krisf\Desktop\GBase\GBase\Dependencies\FGUI\internal\definitions.hpp(68,25): error C2039: 'clamp': is not a member of 'std'
C:\Visual Studio\VC\Tools\MSVC\14.26.28801\include\algorithm(28): message : see declaration of 'std'
C:\Users\krisf\Desktop\GBase\GBase\Dependencies\FGUI\internal\definitions.hpp(68,1): error C3861: 'clamp': identifier not found
C:\Users\krisf\Desktop\GBase\GBase\Dependencies\FGUI\internal\definitions.hpp(69,25): error C2039: 'clamp': is not a member of 'std'
C:\Visual Studio\VC\Tools\MSVC\14.26.28801\include\algorithm(28): message : see declaration of 'std'
C:\Users\krisf\Desktop\GBase\GBase\Dependencies\FGUI\internal\definitions.hpp(69,1): error C3861: 'clamp': identifier not found
C:\Users\krisf\Desktop\GBase\GBase\Dependencies\FGUI\internal\definitions.hpp(163,16): error C2039: 'string_view': is not a member of 'std'
C:\Visual Studio\VC\Tools\MSVC\14.26.28801\include\algorithm(28): message : see declaration of 'std'
C:\Users\krisf\Desktop\GBase\GBase\Dependencies\FGUI\internal\definitions.hpp(163,28): error C4430: missing type specifier - int assumed. Note: C++ does not support default-int
C:\Users\krisf\Desktop\GBase\GBase\Dependencies\FGUI\internal\definitions.hpp(163,44): error C3646: 'm_strInputSystem': unknown override specifier
C:\Users\krisf\Desktop\GBase\GBase\Dependencies\FGUI\internal\definitions.hpp(163,44): error C2143: syntax error: missing ',' before '['
C:\Users\krisf\Desktop\GBase\GBase\Dependencies\FGUI\internal\definitions.hpp(163,45): error C4430: missing type specifier - int assumed. Note: C++ does not support default-int
C:\Users\krisf\Desktop\GBase\GBase\Dependencies\FGUI\internal\definitions.hpp(179,16): error C2039: 'string_view': is not a member of 'std'
C:\Visual Studio\VC\Tools\MSVC\14.26.28801\include\algorithm(28): message : see declaration of 'std'
C:\Users\krisf\Desktop\GBase\GBase\Dependencies\FGUI\internal\definitions.hpp(179,28): error C4430: missing type specifier - int assumed. Note: C++ does not support default-int
C:\Users\krisf\Desktop\GBase\GBase\Dependencies\FGUI\internal\definitions.hpp(179,48): error C3646: 'm_strVirtualKeyCodes': unknown override specifier
C:\Users\krisf\Desktop\GBase\GBase\Dependencies\FGUI\internal\definitions.hpp(179,48): error C2143: syntax error: missing ',' before '['
C:\Users\krisf\Desktop\GBase\GBase\Dependencies\FGUI\internal\definitions.hpp(179,49): error C4430: missing type specifier - int assumed. Note: C++ does not support default-int
C:\Users\krisf\Desktop\GBase\GBase\Dependencies\FGUI\internal\definitions.hpp(199,16): error C2039: 'string_view': is not a member of 'std'
C:\Visual Studio\VC\Tools\MSVC\14.26.28801\include\algorithm(28): message : see declaration of 'std'
C:\Users\krisf\Desktop\GBase\GBase\Dependencies\FGUI\internal\definitions.hpp(199,28): error C4430: missing type specifier - int assumed. Note: C++ does not support default-int
C:\Users\krisf\Desktop\GBase\GBase\Dependencies\FGUI\internal\definitions.hpp(199,47): error C3646: 'm_strCustomKeyCodes': unknown override specifier
C:\Users\krisf\Desktop\GBase\GBase\Dependencies\FGUI\internal\definitions.hpp(199,47): error C2143: syntax error: missing ',' before '['
C:\Users\krisf\Desktop\GBase\GBase\Dependencies\FGUI\internal\definitions.hpp(199,48): error C4430: missing type specifier - int assumed. Note: C++ does not support default-int
C:\Users\krisf\Desktop\GBase\GBase\Dependencies\FGUI\internal\definitions.hpp(200,4): error C2143: syntax error: missing ')' before ';'
C:\Users\krisf\Desktop\GBase\GBase\Dependencies\FGUI\internal\definitions.hpp(200,4): error C2143: syntax error: missing ';' before ')'
C:\Users\krisf\Desktop\GBase\GBase\Dependencies\FGUI\internal\definitions.hpp(200,4): error C2059: syntax error: ')'
C:\Users\krisf\Desktop\GBase\GBase\Dependencies\FGUI\internal\definitions.hpp(205,16): error C2039: 'string_view': is not a member of 'std'
C:\Visual Studio\VC\Tools\MSVC\14.26.28801\include\algorithm(28): message : see declaration of 'std'
C:\Users\krisf\Desktop\GBase\GBase\Dependencies\FGUI\internal\definitions.hpp(205,28): error C4430: missing type specifier - int assumed. Note: C++ does not support default-int
C:\Users\krisf\Desktop\GBase\GBase\Dependencies\FGUI\internal\definitions.hpp(205,44): error C3646: 'm_strInputSystem': unknown override specifier
C:\Users\krisf\Desktop\GBase\GBase\Dependencies\FGUI\internal\definitions.hpp(205,44): error C2143: syntax error: missing ',' before '['
C:\Users\krisf\Desktop\GBase\GBase\Dependencies\FGUI\internal\definitions.hpp(205,45): error C4430: missing type specifier - int assumed. Note: C++ does not support default-int
C:\Users\krisf\Desktop\GBase\GBase\Dependencies\FGUI\internal\definitions.hpp(221,16): error C2039: 'string_view': is not a member of 'std'
C:\Visual Studio\VC\Tools\MSVC\14.26.28801\include\algorithm(28): message : see declaration of 'std'
C:\Users\krisf\Desktop\GBase\GBase\Dependencies\FGUI\internal\definitions.hpp(221,28): error C4430: missing type specifier - int assumed. Note: C++ does not support default-int
C:\Users\krisf\Desktop\GBase\GBase\Dependencies\FGUI\internal\definitions.hpp(221,48): error C3646: 'm_strVirtualKeyCodes': unknown override specifier
C:\Users\krisf\Desktop\GBase\GBase\Dependencies\FGUI\internal\definitions.hpp(221,48): error C2143: syntax error: missing ',' before '['
C:\Users\krisf\Desktop\GBase\GBase\Dependencies\FGUI\internal\definitions.hpp(221,49): error C4430: missing type specifier - int assumed. Note: C++ does not support default-int
C:\Users\krisf\Desktop\GBase\GBase\Dependencies\FGUI\internal\definitions.hpp(241,16): error C2039: 'string_view': is not a member of 'std'
C:\Visual Studio\VC\Tools\MSVC\14.26.28801\include\algorithm(28): message : see declaration of 'std'
C:\Users\krisf\Desktop\GBase\GBase\Dependencies\FGUI\internal\definitions.hpp(241,28): error C4430: missing type specifier - int assumed. Note: C++ does not support default-int
C:\Users\krisf\Desktop\GBase\GBase\Dependencies\FGUI\internal\definitions.hpp(241,47): error C3646: 'm_strCustomKeyCodes': unknown override specifier
C:\Users\krisf\Desktop\GBase\GBase\Dependencies\FGUI\internal\definitions.hpp(241,47): error C2143: syntax error: missing ',' before '['
C:\Users\krisf\Desktop\GBase\GBase\Dependencies\FGUI\internal\definitions.hpp(241,48): error C4430: missing type specifier - int assumed. Note: C++ does not support default-int
C:\Users\krisf\Desktop\GBase\GBase\Dependencies\FGUI\internal\definitions.hpp(242,4): error C2143: syntax error: missing ')' before ';'
C:\Users\krisf\Desktop\GBase\GBase\Dependencies\FGUI\internal\definitions.hpp(242,4): error C2143: syntax error: missing ';' before ')'
C:\Users\krisf\Desktop\GBase\GBase\Dependencies\FGUI\internal\definitions.hpp(242,4): error C2059: syntax error: ')'
C:\Users\krisf\Desktop\GBase\GBase\Dependencies\FGUI\internal\aliases.hpp(87,33): error C7525: inline variables require at least '/std:c++17'
C:\Users\krisf\Desktop\GBase\GBase\Dependencies\FGUI\internal\aliases.hpp(88,30): error C7525: inline variables require at least '/std:c++17'
  multibox.cpp
C:\Users\krisf\Desktop\GBase\GBase\Dependencies\FGUI\internal\definitions.hpp(67,18): error C2039: 'clamp': is not a member of 'std'
C:\Visual Studio\VC\Tools\MSVC\14.26.28801\include\algorithm(28): message : see declaration of 'std'
C:\Users\krisf\Desktop\GBase\GBase\Dependencies\FGUI\internal\definitions.hpp(67,1): error C3861: 'clamp': identifier not found
C:\Users\krisf\Desktop\GBase\GBase\Dependencies\FGUI\internal\definitions.hpp(68,25): error C2039: 'clamp': is not a member of 'std'
C:\Visual Studio\VC\Tools\MSVC\14.26.28801\include\algorithm(28): message : see declaration of 'std'
C:\Users\krisf\Desktop\GBase\GBase\Dependencies\FGUI\internal\definitions.hpp(68,1): error C3861: 'clamp': identifier not found
C:\Users\krisf\Desktop\GBase\GBase\Dependencies\FGUI\internal\definitions.hpp(69,25): error C2039: 'clamp': is not a member of 'std'
C:\Visual Studio\VC\Tools\MSVC\14.26.28801\include\algorithm(28): message : see declaration of 'std'
C:\Users\krisf\Desktop\GBase\GBase\Dependencies\FGUI\internal\definitions.hpp(69,1): error C3861: 'clamp': identifier not found
C:\Users\krisf\Desktop\GBase\GBase\Dependencies\FGUI\internal\definitions.hpp(163,16): error C2039: 'string_view': is not a member of 'std'
C:\Visual Studio\VC\Tools\MSVC\14.26.28801\include\algorithm(28): message : see declaration of 'std'
C:\Users\krisf\Desktop\GBase\GBase\Dependencies\FGUI\internal\definitions.hpp(163,28): error C4430: missing type specifier - int assumed. Note: C++ does not support default-int
C:\Users\krisf\Desktop\GBase\GBase\Dependencies\FGUI\internal\definitions.hpp(163,44): error C3646: 'm_strInputSystem': unknown override specifier
C:\Users\krisf\Desktop\GBase\GBase\Dependencies\FGUI\internal\definitions.hpp(163,44): error C2143: syntax error: missing ',' before '['
C:\Users\krisf\Desktop\GBase\GBase\Dependencies\FGUI\internal\definitions.hpp(163,45): error C4430: missing type specifier - int assumed. Note: C++ does not support default-int
C:\Users\krisf\Desktop\GBase\GBase\Dependencies\FGUI\internal\definitions.hpp(179,16): error C2039: 'string_view': is not a member of 'std'
C:\Visual Studio\VC\Tools\MSVC\14.26.28801\include\algorithm(28): message : see declaration of 'std'
C:\Users\krisf\Desktop\GBase\GBase\Dependencies\FGUI\internal\definitions.hpp(179,28): error C4430: missing type specifier - int assumed. Note: C++ does not support default-int
C:\Users\krisf\Desktop\GBase\GBase\Dependencies\FGUI\internal\definitions.hpp(179,48): error C3646: 'm_strVirtualKeyCodes': unknown override specifier
C:\Users\krisf\Desktop\GBase\GBase\Dependencies\FGUI\internal\definitions.hpp(179,48): error C2143: syntax error: missing ',' before '['
C:\Users\krisf\Desktop\GBase\GBase\Dependencies\FGUI\internal\definitions.hpp(179,49): error C4430: missing type specifier - int assumed. Note: C++ does not support default-int
C:\Users\krisf\Desktop\GBase\GBase\Dependencies\FGUI\internal\definitions.hpp(199,16): error C2039: 'string_view': is not a member of 'std'
C:\Visual Studio\VC\Tools\MSVC\14.26.28801\include\algorithm(28): message : see declaration of 'std'
C:\Users\krisf\Desktop\GBase\GBase\Dependencies\FGUI\internal\definitions.hpp(199,28): error C4430: missing type specifier - int assumed. Note: C++ does not support default-int
C:\Users\krisf\Desktop\GBase\GBase\Dependencies\FGUI\internal\definitions.hpp(199,47): error C3646: 'm_strCustomKeyCodes': unknown override specifier
C:\Users\krisf\Desktop\GBase\GBase\Dependencies\FGUI\internal\definitions.hpp(199,47): error C2143: syntax error: missing ',' before '['
C:\Users\krisf\Desktop\GBase\GBase\Dependencies\FGUI\internal\definitions.hpp(199,48): error C4430: missing type specifier - int assumed. Note: C++ does not support default-int
C:\Users\krisf\Desktop\GBase\GBase\Dependencies\FGUI\internal\definitions.hpp(200,4): error C2143: syntax error: missing ')' before ';'
C:\Users\krisf\Desktop\GBase\GBase\Dependencies\FGUI\internal\definitions.hpp(200,4): error C2143: syntax error: missing ';' before ')'
C:\Users\krisf\Desktop\GBase\GBase\Dependencies\FGUI\internal\definitions.hpp(200,4): error C2059: syntax error: ')'
C:\Users\krisf\Desktop\GBase\GBase\Dependencies\FGUI\internal\definitions.hpp(205,16): error C2039: 'string_view': is not a member of 'std'
C:\Visual Studio\VC\Tools\MSVC\14.26.28801\include\algorithm(28): message : see declaration of 'std'
C:\Users\krisf\Desktop\GBase\GBase\Dependencies\FGUI\internal\definitions.hpp(205,28): error C4430: missing type specifier - int assumed. Note: C++ does not support default-int
C:\Users\krisf\Desktop\GBase\GBase\Dependencies\FGUI\internal\definitions.hpp(205,44): error C3646: 'm_strInputSystem': unknown override specifier
C:\Users\krisf\Desktop\GBase\GBase\Dependencies\FGUI\internal\definitions.hpp(205,44): error C2143: syntax error: missing ',' before '['
C:\Users\krisf\Desktop\GBase\GBase\Dependencies\FGUI\internal\definitions.hpp(205,45): error C4430: missing type specifier - int assumed. Note: C++ does not support default-int
C:\Users\krisf\Desktop\GBase\GBase\Dependencies\FGUI\internal\definitions.hpp(221,16): error C2039: 'string_view': is not a member of 'std'
C:\Visual Studio\VC\Tools\MSVC\14.26.28801\include\algorithm(28): message : see declaration of 'std'
C:\Users\krisf\Desktop\GBase\GBase\Dependencies\FGUI\internal\definitions.hpp(221,28): error C4430: missing type specifier - int assumed. Note: C++ does not support default-int
C:\Users\krisf\Desktop\GBase\GBase\Dependencies\FGUI\internal\definitions.hpp(221,48): error C3646: 'm_strVirtualKeyCodes': unknown override specifier
C:\Users\krisf\Desktop\GBase\GBase\Dependencies\FGUI\internal\definitions.hpp(221,48): error C2143: syntax error: missing ',' before '['
C:\Users\krisf\Desktop\GBase\GBase\Dependencies\FGUI\internal\definitions.hpp(221,49): error C4430: missing type specifier - int assumed. Note: C++ does not support default-int
C:\Users\krisf\Desktop\GBase\GBase\Dependencies\FGUI\internal\definitions.hpp(241,16): error C2039: 'string_view': is not a member of 'std'
C:\Visual Studio\VC\Tools\MSVC\14.26.28801\include\algorithm(28): message : see declaration of 'std'
C:\Users\krisf\Desktop\GBase\GBase\Dependencies\FGUI\internal\definitions.hpp(241,28): error C4430: missing type specifier - int assumed. Note: C++ does not support default-int
C:\Users\krisf\Desktop\GBase\GBase\Dependencies\FGUI\internal\definitions.hpp(241,47): error C3646: 'm_strCustomKeyCodes': unknown override specifier
C:\Users\krisf\Desktop\GBase\GBase\Dependencies\FGUI\internal\definitions.hpp(241,47): error C2143: syntax error: missing ',' before '['
C:\Users\krisf\Desktop\GBase\GBase\Dependencies\FGUI\internal\definitions.hpp(241,48): error C4430: missing type specifier - int assumed. Note: C++ does not support default-int
C:\Users\krisf\Desktop\GBase\GBase\Dependencies\FGUI\internal\definitions.hpp(242,4): error C2143: syntax error: missing ')' before ';'
C:\Users\krisf\Desktop\GBase\GBase\Dependencies\FGUI\internal\definitions.hpp(242,4): error C2143: syntax error: missing ';' before ')'
C:\Users\krisf\Desktop\GBase\GBase\Dependencies\FGUI\internal\definitions.hpp(242,4): error C2059: syntax error: ')'
C:\Users\krisf\Desktop\GBase\GBase\Dependencies\FGUI\internal\aliases.hpp(87,33): error C7525: inline variables require at least '/std:c++17'
C:\Users\krisf\Desktop\GBase\GBase\Dependencies\FGUI\internal\aliases.hpp(88,30): error C7525: inline variables require at least '/std:c++17'
  slider.cpp
C:\Users\krisf\Desktop\GBase\GBase\Dependencies\FGUI\internal\definitions.hpp(67,18): error C2039: 'clamp': is not a member of 'std'
C:\Visual Studio\VC\Tools\MSVC\14.26.28801\include\algorithm(28): message : see declaration of 'std'
C:\Users\krisf\Desktop\GBase\GBase\Dependencies\FGUI\internal\definitions.hpp(67,1): error C3861: 'clamp': identifier not found
C:\Users\krisf\Desktop\GBase\GBase\Dependencies\FGUI\internal\definitions.hpp(68,25): error C2039: 'clamp': is not a member of 'std'
C:\Visual Studio\VC\Tools\MSVC\14.26.28801\include\algorithm(28): message : see declaration of 'std'
C:\Users\krisf\Desktop\GBase\GBase\Dependencies\FGUI\internal\definitions.hpp(68,1): error C3861: 'clamp': identifier not found
C:\Users\krisf\Desktop\GBase\GBase\Dependencies\FGUI\internal\definitions.hpp(69,25): error C2039: 'clamp': is not a member of 'std'
C:\Visual Studio\VC\Tools\MSVC\14.26.28801\include\algorithm(28): message : see declaration of 'std'
C:\Users\krisf\Desktop\GBase\GBase\Dependencies\FGUI\internal\definitions.hpp(69,1): error C3861: 'clamp': identifier not found
C:\Users\krisf\Desktop\GBase\GBase\Dependencies\FGUI\internal\definitions.hpp(163,16): error C2039: 'string_view': is not a member of 'std'
C:\Visual Studio\VC\Tools\MSVC\14.26.28801\include\algorithm(28): message : see declaration of 'std'
C:\Users\krisf\Desktop\GBase\GBase\Dependencies\FGUI\internal\definitions.hpp(163,28): error C4430: missing type specifier - int assumed. Note: C++ does not support default-int
C:\Users\krisf\Desktop\GBase\GBase\Dependencies\FGUI\internal\definitions.hpp(163,44): error C3646: 'm_strInputSystem': unknown override specifier
C:\Users\krisf\Desktop\GBase\GBase\Dependencies\FGUI\internal\definitions.hpp(163,44): error C2143: syntax error: missing ',' before '['
C:\Users\krisf\Desktop\GBase\GBase\Dependencies\FGUI\internal\definitions.hpp(163,45): error C4430: missing type specifier - int assumed. Note: C++ does not support default-int
C:\Users\krisf\Desktop\GBase\GBase\Dependencies\FGUI\internal\definitions.hpp(179,16): error C2039: 'string_view': is not a member of 'std'
C:\Visual Studio\VC\Tools\MSVC\14.26.28801\include\algorithm(28): message : see declaration of 'std'
C:\Users\krisf\Desktop\GBase\GBase\Dependencies\FGUI\internal\definitions.hpp(179,28): error C4430: missing type specifier - int assumed. Note: C++ does not support default-int
C:\Users\krisf\Desktop\GBase\GBase\Dependencies\FGUI\internal\definitions.hpp(179,48): error C3646: 'm_strVirtualKeyCodes': unknown override specifier
C:\Users\krisf\Desktop\GBase\GBase\Dependencies\FGUI\internal\definitions.hpp(179,48): error C2143: syntax error: missing ',' before '['
C:\Users\krisf\Desktop\GBase\GBase\Dependencies\FGUI\internal\definitions.hpp(179,49): error C4430: missing type specifier - int assumed. Note: C++ does not support default-int
C:\Users\krisf\Desktop\GBase\GBase\Dependencies\FGUI\internal\definitions.hpp(199,16): error C2039: 'string_view': is not a member of 'std'
C:\Visual Studio\VC\Tools\MSVC\14.26.28801\include\algorithm(28): message : see declaration of 'std'
C:\Users\krisf\Desktop\GBase\GBase\Dependencies\FGUI\internal\definitions.hpp(199,28): error C4430: missing type specifier - int assumed. Note: C++ does not support default-int
C:\Users\krisf\Desktop\GBase\GBase\Dependencies\FGUI\internal\definitions.hpp(199,47): error C3646: 'm_strCustomKeyCodes': unknown override specifier
C:\Users\krisf\Desktop\GBase\GBase\Dependencies\FGUI\internal\definitions.hpp(199,47): error C2143: syntax error: missing ',' before '['
C:\Users\krisf\Desktop\GBase\GBase\Dependencies\FGUI\internal\definitions.hpp(199,48): error C4430: missing type specifier - int assumed. Note: C++ does not support default-int
C:\Users\krisf\Desktop\GBase\GBase\Dependencies\FGUI\internal\definitions.hpp(200,4): error C2143: syntax error: missing ')' before ';'
C:\Users\krisf\Desktop\GBase\GBase\Dependencies\FGUI\internal\definitions.hpp(200,4): error C2143: syntax error: missing ';' before ')'
C:\Users\krisf\Desktop\GBase\GBase\Dependencies\FGUI\internal\definitions.hpp(200,4): error C2059: syntax error: ')'
C:\Users\krisf\Desktop\GBase\GBase\Dependencies\FGUI\internal\definitions.hpp(205,16): error C2039: 'string_view': is not a member of 'std'
C:\Visual Studio\VC\Tools\MSVC\14.26.28801\include\algorithm(28): message : see declaration of 'std'
C:\Users\krisf\Desktop\GBase\GBase\Dependencies\FGUI\internal\definitions.hpp(205,28): error C4430: missing type specifier - int assumed. Note: C++ does not support default-int
C:\Users\krisf\Desktop\GBase\GBase\Dependencies\FGUI\internal\definitions.hpp(205,44): error C3646: 'm_strInputSystem': unknown override specifier
C:\Users\krisf\Desktop\GBase\GBase\Dependencies\FGUI\internal\definitions.hpp(205,44): error C2143: syntax error: missing ',' before '['
C:\Users\krisf\Desktop\GBase\GBase\Dependencies\FGUI\internal\definitions.hpp(205,45): error C4430: missing type specifier - int assumed. Note: C++ does not support default-int
C:\Users\krisf\Desktop\GBase\GBase\Dependencies\FGUI\internal\definitions.hpp(221,16): error C2039: 'string_view': is not a member of 'std'
C:\Visual Studio\VC\Tools\MSVC\14.26.28801\include\algorithm(28): message : see declaration of 'std'
C:\Users\krisf\Desktop\GBase\GBase\Dependencies\FGUI\internal\definitions.hpp(221,28): error C4430: missing type specifier - int assumed. Note: C++ does not support default-int
C:\Users\krisf\Desktop\GBase\GBase\Dependencies\FGUI\internal\definitions.hpp(221,48): error C3646: 'm_strVirtualKeyCodes': unknown override specifier
C:\Users\krisf\Desktop\GBase\GBase\Dependencies\FGUI\internal\definitions.hpp(221,48): error C2143: syntax error: missing ',' before '['
C:\Users\krisf\Desktop\GBase\GBase\Dependencies\FGUI\internal\definitions.hpp(221,49): error C4430: missing type specifier - int assumed. Note: C++ does not support default-int
C:\Users\krisf\Desktop\GBase\GBase\Dependencies\FGUI\internal\definitions.hpp(241,16): error C2039: 'string_view': is not a member of 'std'
C:\Visual Studio\VC\Tools\MSVC\14.26.28801\include\algorithm(28): message : see declaration of 'std'
C:\Users\krisf\Desktop\GBase\GBase\Dependencies\FGUI\internal\definitions.hpp(241,28): error C4430: missing type specifier - int assumed. Note: C++ does not support default-int
C:\Users\krisf\Desktop\GBase\GBase\Dependencies\FGUI\internal\definitions.hpp(241,47): error C3646: 'm_strCustomKeyCodes': unknown override specifier
C:\Users\krisf\Desktop\GBase\GBase\Dependencies\FGUI\internal\definitions.hpp(241,47): error C2143: syntax error: missing ',' before '['
C:\Users\krisf\Desktop\GBase\GBase\Dependencies\FGUI\internal\definitions.hpp(241,48): error C4430: missing type specifier - int assumed. Note: C++ does not support default-int
C:\Users\krisf\Desktop\GBase\GBase\Dependencies\FGUI\internal\definitions.hpp(242,4): error C2143: syntax error: missing ')' before ';'
C:\Users\krisf\Desktop\GBase\GBase\Dependencies\FGUI\internal\definitions.hpp(242,4): error C2143: syntax error: missing ';' before ')'
C:\Users\krisf\Desktop\GBase\GBase\Dependencies\FGUI\internal\definitions.hpp(242,4): error C2059: syntax error: ')'
C:\Users\krisf\Desktop\GBase\GBase\Dependencies\FGUI\internal\aliases.hpp(87,33): error C7525: inline variables require at least '/std:c++17'
C:\Users\krisf\Desktop\GBase\GBase\Dependencies\FGUI\internal\aliases.hpp(88,30): error C7525: inline variables require at least '/std:c++17'
  tabpanel.cpp
C:\Users\krisf\Desktop\GBase\GBase\Dependencies\FGUI\internal\definitions.hpp(67,18): error C2039: 'clamp': is not a member of 'std'
C:\Visual Studio\VC\Tools\MSVC\14.26.28801\include\algorithm(28): message : see declaration of 'std'
C:\Users\krisf\Desktop\GBase\GBase\Dependencies\FGUI\internal\definitions.hpp(67,1): error C3861: 'clamp': identifier not found
C:\Users\krisf\Desktop\GBase\GBase\Dependencies\FGUI\internal\definitions.hpp(68,25): error C2039: 'clamp': is not a member of 'std'
C:\Visual Studio\VC\Tools\MSVC\14.26.28801\include\algorithm(28): message : see declaration of 'std'
C:\Users\krisf\Desktop\GBase\GBase\Dependencies\FGUI\internal\definitions.hpp(68,1): error C3861: 'clamp': identifier not found
C:\Users\krisf\Desktop\GBase\GBase\Dependencies\FGUI\internal\definitions.hpp(69,25): error C2039: 'clamp': is not a member of 'std'
C:\Visual Studio\VC\Tools\MSVC\14.26.28801\include\algorithm(28): message : see declaration of 'std'
C:\Users\krisf\Desktop\GBase\GBase\Dependencies\FGUI\internal\definitions.hpp(69,1): error C3861: 'clamp': identifier not found
C:\Users\krisf\Desktop\GBase\GBase\Dependencies\FGUI\internal\definitions.hpp(163,16): error C2039: 'string_view': is not a member of 'std'
C:\Visual Studio\VC\Tools\MSVC\14.26.28801\include\algorithm(28): message : see declaration of 'std'
C:\Users\krisf\Desktop\GBase\GBase\Dependencies\FGUI\internal\definitions.hpp(163,28): error C4430: missing type specifier - int assumed. Note: C++ does not support default-int
C:\Users\krisf\Desktop\GBase\GBase\Dependencies\FGUI\internal\definitions.hpp(163,44): error C3646: 'm_strInputSystem': unknown override specifier
C:\Users\krisf\Desktop\GBase\GBase\Dependencies\FGUI\internal\definitions.hpp(163,44): error C2143: syntax error: missing ',' before '['
C:\Users\krisf\Desktop\GBase\GBase\Dependencies\FGUI\internal\definitions.hpp(163,45): error C4430: missing type specifier - int assumed. Note: C++ does not support default-int
C:\Users\krisf\Desktop\GBase\GBase\Dependencies\FGUI\internal\definitions.hpp(179,16): error C2039: 'string_view': is not a member of 'std'
C:\Visual Studio\VC\Tools\MSVC\14.26.28801\include\algorithm(28): message : see declaration of 'std'
C:\Users\krisf\Desktop\GBase\GBase\Dependencies\FGUI\internal\definitions.hpp(179,28): error C4430: missing type specifier - int assumed. Note: C++ does not support default-int
C:\Users\krisf\Desktop\GBase\GBase\Dependencies\FGUI\internal\definitions.hpp(179,48): error C3646: 'm_strVirtualKeyCodes': unknown override specifier
C:\Users\krisf\Desktop\GBase\GBase\Dependencies\FGUI\internal\definitions.hpp(179,48): error C2143: syntax error: missing ',' before '['
C:\Users\krisf\Desktop\GBase\GBase\Dependencies\FGUI\internal\definitions.hpp(179,49): error C4430: missing type specifier - int assumed. Note: C++ does not support default-int
C:\Users\krisf\Desktop\GBase\GBase\Dependencies\FGUI\internal\definitions.hpp(199,16): error C2039: 'string_view': is not a member of 'std'
C:\Visual Studio\VC\Tools\MSVC\14.26.28801\include\algorithm(28): message : see declaration of 'std'
C:\Users\krisf\Desktop\GBase\GBase\Dependencies\FGUI\internal\definitions.hpp(199,28): error C4430: missing type specifier - int assumed. Note: C++ does not support default-int
C:\Users\krisf\Desktop\GBase\GBase\Dependencies\FGUI\internal\definitions.hpp(199,47): error C3646: 'm_strCustomKeyCodes': unknown override specifier
C:\Users\krisf\Desktop\GBase\GBase\Dependencies\FGUI\internal\definitions.hpp(199,47): error C2143: syntax error: missing ',' before '['
C:\Users\krisf\Desktop\GBase\GBase\Dependencies\FGUI\internal\definitions.hpp(199,48): error C4430: missing type specifier - int assumed. Note: C++ does not support default-int
C:\Users\krisf\Desktop\GBase\GBase\Dependencies\FGUI\internal\definitions.hpp(200,4): error C2143: syntax error: missing ')' before ';'
C:\Users\krisf\Desktop\GBase\GBase\Dependencies\FGUI\internal\definitions.hpp(200,4): error C2143: syntax error: missing ';' before ')'
C:\Users\krisf\Desktop\GBase\GBase\Dependencies\FGUI\internal\definitions.hpp(200,4): error C2059: syntax error: ')'
C:\Users\krisf\Desktop\GBase\GBase\Dependencies\FGUI\internal\definitions.hpp(205,16): error C2039: 'string_view': is not a member of 'std'
C:\Visual Studio\VC\Tools\MSVC\14.26.28801\include\algorithm(28): message : see declaration of 'std'
C:\Users\krisf\Desktop\GBase\GBase\Dependencies\FGUI\internal\definitions.hpp(205,28): error C4430: missing type specifier - int assumed. Note: C++ does not support default-int
C:\Users\krisf\Desktop\GBase\GBase\Dependencies\FGUI\internal\definitions.hpp(205,44): error C3646: 'm_strInputSystem': unknown override specifier
C:\Users\krisf\Desktop\GBase\GBase\Dependencies\FGUI\internal\definitions.hpp(205,44): error C2143: syntax error: missing ',' before '['
C:\Users\krisf\Desktop\GBase\GBase\Dependencies\FGUI\internal\definitions.hpp(205,45): error C4430: missing type specifier - int assumed. Note: C++ does not support default-int
C:\Users\krisf\Desktop\GBase\GBase\Dependencies\FGUI\internal\definitions.hpp(221,16): error C2039: 'string_view': is not a member of 'std'
C:\Visual Studio\VC\Tools\MSVC\14.26.28801\include\algorithm(28): message : see declaration of 'std'
C:\Users\krisf\Desktop\GBase\GBase\Dependencies\FGUI\internal\definitions.hpp(221,28): error C4430: missing type specifier - int assumed. Note: C++ does not support default-int
C:\Users\krisf\Desktop\GBase\GBase\Dependencies\FGUI\internal\definitions.hpp(221,48): error C3646: 'm_strVirtualKeyCodes': unknown override specifier
C:\Users\krisf\Desktop\GBase\GBase\Dependencies\FGUI\internal\definitions.hpp(221,48): error C2143: syntax error: missing ',' before '['
C:\Users\krisf\Desktop\GBase\GBase\Dependencies\FGUI\internal\definitions.hpp(221,49): error C4430: missing type specifier - int assumed. Note: C++ does not support default-int
C:\Users\krisf\Desktop\GBase\GBase\Dependencies\FGUI\internal\definitions.hpp(241,16): error C2039: 'string_view': is not a member of 'std'
C:\Visual Studio\VC\Tools\MSVC\14.26.28801\include\algorithm(28): message : see declaration of 'std'
C:\Users\krisf\Desktop\GBase\GBase\Dependencies\FGUI\internal\definitions.hpp(241,28): error C4430: missing type specifier - int assumed. Note: C++ does not support default-int
C:\Users\krisf\Desktop\GBase\GBase\Dependencies\FGUI\internal\definitions.hpp(241,47): error C3646: 'm_strCustomKeyCodes': unknown override specifier
C:\Users\krisf\Desktop\GBase\GBase\Dependencies\FGUI\internal\definitions.hpp(241,47): error C2143: syntax error: missing ',' before '['
C:\Users\krisf\Desktop\GBase\GBase\Dependencies\FGUI\internal\definitions.hpp(241,48): error C4430: missing type specifier - int assumed. Note: C++ does not support default-int
C:\Users\krisf\Desktop\GBase\GBase\Dependencies\FGUI\internal\definitions.hpp(242,4): error C2143: syntax error: missing ')' before ';'
C:\Users\krisf\Desktop\GBase\GBase\Dependencies\FGUI\internal\definitions.hpp(242,4): error C2143: syntax error: missing ';' before ')'
C:\Users\krisf\Desktop\GBase\GBase\Dependencies\FGUI\internal\definitions.hpp(242,4): error C2059: syntax error: ')'
C:\Users\krisf\Desktop\GBase\GBase\Dependencies\FGUI\internal\aliases.hpp(87,33): error C7525: inline variables require at least '/std:c++17'
C:\Users\krisf\Desktop\GBase\GBase\Dependencies\FGUI\internal\aliases.hpp(88,30): error C7525: inline variables require at least '/std:c++17'
  textbox.cpp
C:\Users\krisf\Desktop\GBase\GBase\Dependencies\FGUI\internal\definitions.hpp(67,18): error C2039: 'clamp': is not a member of 'std'
C:\Visual Studio\VC\Tools\MSVC\14.26.28801\include\functional(28): message : see declaration of 'std'
C:\Users\krisf\Desktop\GBase\GBase\Dependencies\FGUI\internal\definitions.hpp(67,1): error C3861: 'clamp': identifier not found
C:\Users\krisf\Desktop\GBase\GBase\Dependencies\FGUI\internal\definitions.hpp(68,25): error C2039: 'clamp': is not a member of 'std'
C:\Visual Studio\VC\Tools\MSVC\14.26.28801\include\functional(28): message : see declaration of 'std'
C:\Users\krisf\Desktop\GBase\GBase\Dependencies\FGUI\internal\definitions.hpp(68,1): error C3861: 'clamp': identifier not found
C:\Users\krisf\Desktop\GBase\GBase\Dependencies\FGUI\internal\definitions.hpp(69,25): error C2039: 'clamp': is not a member of 'std'
C:\Visual Studio\VC\Tools\MSVC\14.26.28801\include\functional(28): message : see declaration of 'std'
C:\Users\krisf\Desktop\GBase\GBase\Dependencies\FGUI\internal\definitions.hpp(69,1): error C3861: 'clamp': identifier not found
C:\Users\krisf\Desktop\GBase\GBase\Dependencies\FGUI\internal\definitions.hpp(163,16): error C2039: 'string_view': is not a member of 'std'
C:\Visual Studio\VC\Tools\MSVC\14.26.28801\include\functional(28): message : see declaration of 'std'
C:\Users\krisf\Desktop\GBase\GBase\Dependencies\FGUI\internal\definitions.hpp(163,28): error C4430: missing type specifier - int assumed. Note: C++ does not support default-int
C:\Users\krisf\Desktop\GBase\GBase\Dependencies\FGUI\internal\definitions.hpp(163,44): error C3646: 'm_strInputSystem': unknown override specifier
C:\Users\krisf\Desktop\GBase\GBase\Dependencies\FGUI\internal\definitions.hpp(163,44): error C2143: syntax error: missing ',' before '['
C:\Users\krisf\Desktop\GBase\GBase\Dependencies\FGUI\internal\definitions.hpp(163,45): error C4430: missing type specifier - int assumed. Note: C++ does not support default-int
C:\Users\krisf\Desktop\GBase\GBase\Dependencies\FGUI\internal\definitions.hpp(179,16): error C2039: 'string_view': is not a member of 'std'
C:\Visual Studio\VC\Tools\MSVC\14.26.28801\include\functional(28): message : see declaration of 'std'
C:\Users\krisf\Desktop\GBase\GBase\Dependencies\FGUI\internal\definitions.hpp(179,28): error C4430: missing type specifier - int assumed. Note: C++ does not support default-int
C:\Users\krisf\Desktop\GBase\GBase\Dependencies\FGUI\internal\definitions.hpp(179,48): error C3646: 'm_strVirtualKeyCodes': unknown override specifier
C:\Users\krisf\Desktop\GBase\GBase\Dependencies\FGUI\internal\definitions.hpp(179,48): error C2143: syntax error: missing ',' before '['
C:\Users\krisf\Desktop\GBase\GBase\Dependencies\FGUI\internal\definitions.hpp(179,49): error C4430: missing type specifier - int assumed. Note: C++ does not support default-int
C:\Users\krisf\Desktop\GBase\GBase\Dependencies\FGUI\internal\definitions.hpp(199,16): error C2039: 'string_view': is not a member of 'std'
C:\Visual Studio\VC\Tools\MSVC\14.26.28801\include\functional(28): message : see declaration of 'std'
C:\Users\krisf\Desktop\GBase\GBase\Dependencies\FGUI\internal\definitions.hpp(199,28): error C4430: missing type specifier - int assumed. Note: C++ does not support default-int
C:\Users\krisf\Desktop\GBase\GBase\Dependencies\FGUI\internal\definitions.hpp(199,47): error C3646: 'm_strCustomKeyCodes': unknown override specifier
C:\Users\krisf\Desktop\GBase\GBase\Dependencies\FGUI\internal\definitions.hpp(199,47): error C2143: syntax error: missing ',' before '['
C:\Users\krisf\Desktop\GBase\GBase\Dependencies\FGUI\internal\definitions.hpp(199,48): error C4430: missing type specifier - int assumed. Note: C++ does not support default-int
C:\Users\krisf\Desktop\GBase\GBase\Dependencies\FGUI\internal\definitions.hpp(200,4): error C2143: syntax error: missing ')' before ';'
C:\Users\krisf\Desktop\GBase\GBase\Dependencies\FGUI\internal\definitions.hpp(200,4): error C2143: syntax error: missing ';' before ')'
C:\Users\krisf\Desktop\GBase\GBase\Dependencies\FGUI\internal\definitions.hpp(200,4): error C2059: syntax error: ')'
C:\Users\krisf\Desktop\GBase\GBase\Dependencies\FGUI\internal\definitions.hpp(205,16): error C2039: 'string_view': is not a member of 'std'
C:\Visual Studio\VC\Tools\MSVC\14.26.28801\include\functional(28): message : see declaration of 'std'
C:\Users\krisf\Desktop\GBase\GBase\Dependencies\FGUI\internal\definitions.hpp(205,28): error C4430: missing type specifier - int assumed. Note: C++ does not support default-int
C:\Users\krisf\Desktop\GBase\GBase\Dependencies\FGUI\internal\definitions.hpp(205,44): error C3646: 'm_strInputSystem': unknown override specifier
C:\Users\krisf\Desktop\GBase\GBase\Dependencies\FGUI\internal\definitions.hpp(205,44): error C2143: syntax error: missing ',' before '['
C:\Users\krisf\Desktop\GBase\GBase\Dependencies\FGUI\internal\definitions.hpp(205,45): error C4430: missing type specifier - int assumed. Note: C++ does not support default-int
C:\Users\krisf\Desktop\GBase\GBase\Dependencies\FGUI\internal\definitions.hpp(221,16): error C2039: 'string_view': is not a member of 'std'
C:\Visual Studio\VC\Tools\MSVC\14.26.28801\include\functional(28): message : see declaration of 'std'
C:\Users\krisf\Desktop\GBase\GBase\Dependencies\FGUI\internal\definitions.hpp(221,28): error C4430: missing type specifier - int assumed. Note: C++ does not support default-int
C:\Users\krisf\Desktop\GBase\GBase\Dependencies\FGUI\internal\definitions.hpp(221,48): error C3646: 'm_strVirtualKeyCodes': unknown override specifier
C:\Users\krisf\Desktop\GBase\GBase\Dependencies\FGUI\internal\definitions.hpp(221,48): error C2143: syntax error: missing ',' before '['
C:\Users\krisf\Desktop\GBase\GBase\Dependencies\FGUI\internal\definitions.hpp(221,49): error C4430: missing type specifier - int assumed. Note: C++ does not support default-int
C:\Users\krisf\Desktop\GBase\GBase\Dependencies\FGUI\internal\definitions.hpp(241,16): error C2039: 'string_view': is not a member of 'std'
C:\Visual Studio\VC\Tools\MSVC\14.26.28801\include\functional(28): message : see declaration of 'std'
C:\Users\krisf\Desktop\GBase\GBase\Dependencies\FGUI\internal\definitions.hpp(241,28): error C4430: missing type specifier - int assumed. Note: C++ does not support default-int
C:\Users\krisf\Desktop\GBase\GBase\Dependencies\FGUI\internal\definitions.hpp(241,47): error C3646: 'm_strCustomKeyCodes': unknown override specifier
C:\Users\krisf\Desktop\GBase\GBase\Dependencies\FGUI\internal\definitions.hpp(241,47): error C2143: syntax error: missing ',' before '['
C:\Users\krisf\Desktop\GBase\GBase\Dependencies\FGUI\internal\definitions.hpp(241,48): error C4430: missing type specifier - int assumed. Note: C++ does not support default-int
C:\Users\krisf\Desktop\GBase\GBase\Dependencies\FGUI\internal\definitions.hpp(242,4): error C2143: syntax error: missing ')' before ';'
C:\Users\krisf\Desktop\GBase\GBase\Dependencies\FGUI\internal\definitions.hpp(242,4): error C2143: syntax error: missing ';' before ')'
C:\Users\krisf\Desktop\GBase\GBase\Dependencies\FGUI\internal\definitions.hpp(242,4): error C2059: syntax error: ')'
C:\Users\krisf\Desktop\GBase\GBase\Dependencies\FGUI\internal\aliases.hpp(87,33): error C7525: inline variables require at least '/std:c++17'
C:\Users\krisf\Desktop\GBase\GBase\Dependencies\FGUI\internal\aliases.hpp(88,30): error C7525: inline variables require at least '/std:c++17'
C:\Users\krisf\Desktop\GBase\GBase\Dependencies\FGUI\widgets\textbox.cpp(137,57): error C2039: 'm_strVirtualKeyCodes': is not a member of 'FGUI::SKeyStrings_t'
C:\Users\krisf\Desktop\GBase\GBase\Dependencies\FGUI\internal\definitions.hpp(202): message : see declaration of 'FGUI::SKeyStrings_t'
C:\Users\krisf\Desktop\GBase\GBase\Dependencies\FGUI\widgets\textbox.cpp(142,53): error C2039: 'm_strInputSystem': is not a member of 'FGUI::SKeyStrings_t'
C:\Users\krisf\Desktop\GBase\GBase\Dependencies\FGUI\internal\definitions.hpp(202): message : see declaration of 'FGUI::SKeyStrings_t'
C:\Users\krisf\Desktop\GBase\GBase\Dependencies\FGUI\widgets\textbox.cpp(147,56): error C2039: 'm_strCustomKeyCodes': is not a member of 'FGUI::SKeyStrings_t'
C:\Users\krisf\Desktop\GBase\GBase\Dependencies\FGUI\internal\definitions.hpp(202): message : see declaration of 'FGUI::SKeyStrings_t'
  widgets.cpp
C:\Users\krisf\Desktop\GBase\GBase\Dependencies\FGUI\internal\definitions.hpp(67,18): error C2039: 'clamp': is not a member of 'std'
C:\Visual Studio\VC\Tools\MSVC\14.26.28801\include\algorithm(28): message : see declaration of 'std'
C:\Users\krisf\Desktop\GBase\GBase\Dependencies\FGUI\internal\definitions.hpp(67,1): error C3861: 'clamp': identifier not found
C:\Users\krisf\Desktop\GBase\GBase\Dependencies\FGUI\internal\definitions.hpp(68,25): error C2039: 'clamp': is not a member of 'std'
C:\Visual Studio\VC\Tools\MSVC\14.26.28801\include\algorithm(28): message : see declaration of 'std'
C:\Users\krisf\Desktop\GBase\GBase\Dependencies\FGUI\internal\definitions.hpp(68,1): error C3861: 'clamp': identifier not found
C:\Users\krisf\Desktop\GBase\GBase\Dependencies\FGUI\internal\definitions.hpp(69,25): error C2039: 'clamp': is not a member of 'std'
C:\Visual Studio\VC\Tools\MSVC\14.26.28801\include\algorithm(28): message : see declaration of 'std'
C:\Users\krisf\Desktop\GBase\GBase\Dependencies\FGUI\internal\definitions.hpp(69,1): error C3861: 'clamp': identifier not found
C:\Users\krisf\Desktop\GBase\GBase\Dependencies\FGUI\internal\definitions.hpp(163,16): error C2039: 'string_view': is not a member of 'std'
C:\Visual Studio\VC\Tools\MSVC\14.26.28801\include\algorithm(28): message : see declaration of 'std'
C:\Users\krisf\Desktop\GBase\GBase\Dependencies\FGUI\internal\definitions.hpp(163,28): error C4430: missing type specifier - int assumed. Note: C++ does not support default-int
C:\Users\krisf\Desktop\GBase\GBase\Dependencies\FGUI\internal\definitions.hpp(163,44): error C3646: 'm_strInputSystem': unknown override specifier
C:\Users\krisf\Desktop\GBase\GBase\Dependencies\FGUI\internal\definitions.hpp(163,44): error C2143: syntax error: missing ',' before '['
C:\Users\krisf\Desktop\GBase\GBase\Dependencies\FGUI\internal\definitions.hpp(163,45): error C4430: missing type specifier - int assumed. Note: C++ does not support default-int
C:\Users\krisf\Desktop\GBase\GBase\Dependencies\FGUI\internal\definitions.hpp(179,16): error C2039: 'string_view': is not a member of 'std'
C:\Visual Studio\VC\Tools\MSVC\14.26.28801\include\algorithm(28): message : see declaration of 'std'
C:\Users\krisf\Desktop\GBase\GBase\Dependencies\FGUI\internal\definitions.hpp(179,28): error C4430: missing type specifier - int assumed. Note: C++ does not support default-int
C:\Users\krisf\Desktop\GBase\GBase\Dependencies\FGUI\internal\definitions.hpp(179,48): error C3646: 'm_strVirtualKeyCodes': unknown override specifier
C:\Users\krisf\Desktop\GBase\GBase\Dependencies\FGUI\internal\definitions.hpp(179,48): error C2143: syntax error: missing ',' before '['
C:\Users\krisf\Desktop\GBase\GBase\Dependencies\FGUI\internal\definitions.hpp(179,49): error C4430: missing type specifier - int assumed. Note: C++ does not support default-int
C:\Users\krisf\Desktop\GBase\GBase\Dependencies\FGUI\internal\definitions.hpp(199,16): error C2039: 'string_view': is not a member of 'std'
C:\Visual Studio\VC\Tools\MSVC\14.26.28801\include\algorithm(28): message : see declaration of 'std'
C:\Users\krisf\Desktop\GBase\GBase\Dependencies\FGUI\internal\definitions.hpp(199,28): error C4430: missing type specifier - int assumed. Note: C++ does not support default-int
C:\Users\krisf\Desktop\GBase\GBase\Dependencies\FGUI\internal\definitions.hpp(199,47): error C3646: 'm_strCustomKeyCodes': unknown override specifier
C:\Users\krisf\Desktop\GBase\GBase\Dependencies\FGUI\internal\definitions.hpp(199,47): error C2143: syntax error: missing ',' before '['
C:\Users\krisf\Desktop\GBase\GBase\Dependencies\FGUI\internal\definitions.hpp(199,48): error C4430: missing type specifier - int assumed. Note: C++ does not support default-int
C:\Users\krisf\Desktop\GBase\GBase\Dependencies\FGUI\internal\definitions.hpp(200,4): error C2143: syntax error: missing ')' before ';'
C:\Users\krisf\Desktop\GBase\GBase\Dependencies\FGUI\internal\definitions.hpp(200,4): error C2143: syntax error: missing ';' before ')'
C:\Users\krisf\Desktop\GBase\GBase\Dependencies\FGUI\internal\definitions.hpp(200,4): error C2059: syntax error: ')'
C:\Users\krisf\Desktop\GBase\GBase\Dependencies\FGUI\internal\definitions.hpp(205,16): error C2039: 'string_view': is not a member of 'std'
C:\Visual Studio\VC\Tools\MSVC\14.26.28801\include\algorithm(28): message : see declaration of 'std'
C:\Users\krisf\Desktop\GBase\GBase\Dependencies\FGUI\internal\definitions.hpp(205,28): error C4430: missing type specifier - int assumed. Note: C++ does not support default-int
C:\Users\krisf\Desktop\GBase\GBase\Dependencies\FGUI\internal\definitions.hpp(205,44): error C3646: 'm_strInputSystem': unknown override specifier
C:\Users\krisf\Desktop\GBase\GBase\Dependencies\FGUI\internal\definitions.hpp(205,44): error C2143: syntax error: missing ',' before '['
C:\Users\krisf\Desktop\GBase\GBase\Dependencies\FGUI\internal\definitions.hpp(205,45): error C4430: missing type specifier - int assumed. Note: C++ does not support default-int
C:\Users\krisf\Desktop\GBase\GBase\Dependencies\FGUI\internal\definitions.hpp(221,16): error C2039: 'string_view': is not a member of 'std'
C:\Visual Studio\VC\Tools\MSVC\14.26.28801\include\algorithm(28): message : see declaration of 'std'
C:\Users\krisf\Desktop\GBase\GBase\Dependencies\FGUI\internal\definitions.hpp(221,28): error C4430: missing type specifier - int assumed. Note: C++ does not support default-int
C:\Users\krisf\Desktop\GBase\GBase\Dependencies\FGUI\internal\definitions.hpp(221,48): error C3646: 'm_strVirtualKeyCodes': unknown override specifier
C:\Users\krisf\Desktop\GBase\GBase\Dependencies\FGUI\internal\definitions.hpp(221,48): error C2143: syntax error: missing ',' before '['
C:\Users\krisf\Desktop\GBase\GBase\Dependencies\FGUI\internal\definitions.hpp(221,49): error C4430: missing type specifier - int assumed. Note: C++ does not support default-int
C:\Users\krisf\Desktop\GBase\GBase\Dependencies\FGUI\internal\definitions.hpp(241,16): error C2039: 'string_view': is not a member of 'std'
C:\Visual Studio\VC\Tools\MSVC\14.26.28801\include\algorithm(28): message : see declaration of 'std'
C:\Users\krisf\Desktop\GBase\GBase\Dependencies\FGUI\internal\definitions.hpp(241,28): error C4430: missing type specifier - int assumed. Note: C++ does not support default-int
C:\Users\krisf\Desktop\GBase\GBase\Dependencies\FGUI\internal\definitions.hpp(241,47): error C3646: 'm_strCustomKeyCodes': unknown override specifier
C:\Users\krisf\Desktop\GBase\GBase\Dependencies\FGUI\internal\definitions.hpp(241,47): error C2143: syntax error: missing ',' before '['
C:\Users\krisf\Desktop\GBase\GBase\Dependencies\FGUI\internal\definitions.hpp(241,48): error C4430: missing type specifier - int assumed. Note: C++ does not support default-int
C:\Users\krisf\Desktop\GBase\GBase\Dependencies\FGUI\internal\definitions.hpp(242,4): error C2143: syntax error: missing ')' before ';'
C:\Users\krisf\Desktop\GBase\GBase\Dependencies\FGUI\internal\definitions.hpp(242,4): error C2143: syntax error: missing ';' before ')'
C:\Users\krisf\Desktop\GBase\GBase\Dependencies\FGUI\internal\definitions.hpp(242,4): error C2059: syntax error: ')'
C:\Users\krisf\Desktop\GBase\GBase\Dependencies\FGUI\internal\aliases.hpp(87,33): error C7525: inline variables require at least '/std:c++17'
C:\Users\krisf\Desktop\GBase\GBase\Dependencies\FGUI\internal\aliases.hpp(88,30): error C7525: inline variables require at least '/std:c++17'
  imgui.cpp
  imgui_demo.cpp
  imgui_draw.cpp
  imgui_impl_dx11.cpp
  imgui_impl_dx9.cpp
  imgui_impl_win32.cpp
  Generating Code...
  Compiling...
  imgui_tables.cpp
  imgui_widgets.cpp
  Aim.cpp
  The contents of <string_view> are available only with C++17 or later.
C:\Users\krisf\Desktop\GBase\GBase\SDK\Interfaces\IStudioRender.h(17,10): error C2039: 'byte': is not a member of 'std'
C:\Visual Studio\VC\Tools\MSVC\14.26.28801\include\fstream(26): message : see declaration of 'std'
C:\Users\krisf\Desktop\GBase\GBase\SDK\Interfaces\IStudioRender.h(19,10): error C2039: 'byte': is not a member of 'std'
C:\Visual Studio\VC\Tools\MSVC\14.26.28801\include\fstream(26): message : see declaration of 'std'
C:\Users\krisf\Desktop\GBase\GBase\SDK\Interfaces\IStudioRender.h(26,21): error C2039: 'string_view': is not a member of 'std'
C:\Visual Studio\VC\Tools\MSVC\14.26.28801\include\fstream(26): message : see declaration of 'std'
C:\Users\krisf\Desktop\GBase\GBase\SDK\Interfaces\IStudioRender.h(26,1): error C2065: 'string_view': undeclared identifier
C:\Users\krisf\Desktop\GBase\GBase\SDK\SDK.h(28,23): error C7525: inline variables require at least '/std:c++17'
C:\Users\krisf\Desktop\GBase\GBase\SDK\SDK.h(29,27): error C7525: inline variables require at least '/std:c++17'
C:\Users\krisf\Desktop\GBase\GBase\SDK\SDK.h(30,19): error C7525: inline variables require at least '/std:c++17'
C:\Users\krisf\Desktop\GBase\GBase\SDK\SDK.h(31,17): error C7525: inline variables require at least '/std:c++17'
C:\Users\krisf\Desktop\GBase\GBase\SDK\SDK.h(32,22): error C7525: inline variables require at least '/std:c++17'
C:\Users\krisf\Desktop\GBase\GBase\SDK\SDK.h(33,25): error C7525: inline variables require at least '/std:c++17'
C:\Users\krisf\Desktop\GBase\GBase\SDK\SDK.h(34,25): error C7525: inline variables require at least '/std:c++17'
C:\Users\krisf\Desktop\GBase\GBase\SDK\SDK.h(35,24): error C7525: inline variables require at least '/std:c++17'
C:\Users\krisf\Desktop\GBase\GBase\SDK\SDK.h(36,23): error C7525: inline variables require at least '/std:c++17'
C:\Users\krisf\Desktop\GBase\GBase\SDK\SDK.h(37,28): error C7525: inline variables require at least '/std:c++17'
C:\Users\krisf\Desktop\GBase\GBase\SDK\SDK.h(38,22): error C7525: inline variables require at least '/std:c++17'
C:\Users\krisf\Desktop\GBase\GBase\SDK\SDK.h(39,26): error C7525: inline variables require at least '/std:c++17'
C:\Users\krisf\Desktop\GBase\GBase\SDK\SDK.h(40,24): error C7525: inline variables require at least '/std:c++17'
C:\Users\krisf\Desktop\GBase\GBase\SDK\SDK.h(41,26): error C7525: inline variables require at least '/std:c++17'
C:\Users\krisf\Desktop\GBase\GBase\SDK\SDK.h(42,24): error C7525: inline variables require at least '/std:c++17'
C:\Users\krisf\Desktop\GBase\GBase\SDK\SDK.h(43,17): error C7525: inline variables require at least '/std:c++17'
  The contents of <any> are available only with C++17 or later.
  The contents of <filesystem> are available only with C++17 or later.
C:\Users\krisf\Desktop\GBase\GBase\Utilities\Config\Config.h(85,91): error C2039: 'any': is not a member of 'std'
C:\Visual Studio\VC\Tools\MSVC\14.26.28801\include\vector(24): message : see declaration of 'std'
C:\Users\krisf\Desktop\GBase\GBase\Utilities\Config\Config.h(85,3): error C4430: missing type specifier - int assumed. Note: C++ does not support default-int
C:\Users\krisf\Desktop\GBase\GBase\Utilities\Config\Config.h(85,95): error C2146: syntax error: missing ')' before identifier 'pDefault'
C:\Users\krisf\Desktop\GBase\GBase\Utilities\Config\Config.h(85,3): error C3646: 'pDefault': unknown override specifier
C:\Users\krisf\Desktop\GBase\GBase\Utilities\Config\Config.h(85,3): error C2059: syntax error: ')'
C:\Users\krisf\Desktop\GBase\GBase\Utilities\Config\Config.h(106,7): error C2039: 'any': is not a member of 'std'
C:\Visual Studio\VC\Tools\MSVC\14.26.28801\include\vector(24): message : see declaration of 'std'
C:\Users\krisf\Desktop\GBase\GBase\Utilities\Config\Config.h(106,17): error C3646: 'pValue': unknown override specifier
C:\Users\krisf\Desktop\GBase\GBase\Utilities\Config\Config.h(106,17): error C4430: missing type specifier - int assumed. Note: C++ does not support default-int
C:\Users\krisf\Desktop\GBase\GBase\Utilities\Config\Config.h(86,56): error C2065: 'pDefault': undeclared identifier
C:\Users\krisf\Desktop\GBase\GBase\Utilities\Config\Config.h(86,49): error C2614: 'VariableObject_t': illegal member initialization: 'pValue' is not a base or member
C:\Users\krisf\Desktop\GBase\GBase\Utilities\Config\Config.h(111,18): error C2039: 'string_view': is not a member of 'std'
C:\Visual Studio\VC\Tools\MSVC\14.26.28801\include\vector(24): message : see declaration of 'std'
C:\Users\krisf\Desktop\GBase\GBase\Utilities\Config\Config.h(111,30): error C2065: 'string_view': undeclared identifier
C:\Users\krisf\Desktop\GBase\GBase\Utilities\Config\Config.h(111,30): error C2146: syntax error: missing ')' before identifier 'szDefaultFileName'
C:\Users\krisf\Desktop\GBase\GBase\Utilities\Config\Config.h(112,17): error C2039: 'string_view': is not a member of 'std'
C:\Visual Studio\VC\Tools\MSVC\14.26.28801\include\vector(24): message : see declaration of 'std'
C:\Users\krisf\Desktop\GBase\GBase\Utilities\Config\Config.h(112,29): error C2065: 'string_view': undeclared identifier
C:\Users\krisf\Desktop\GBase\GBase\Utilities\Config\Config.h(112,29): error C2146: syntax error: missing ')' before identifier 'szFileName'
C:\Users\krisf\Desktop\GBase\GBase\Utilities\Config\Config.h(113,17): error C2039: 'string_view': is not a member of 'std'
C:\Visual Studio\VC\Tools\MSVC\14.26.28801\include\vector(24): message : see declaration of 'std'
C:\Users\krisf\Desktop\GBase\GBase\Utilities\Config\Config.h(113,29): error C2065: 'string_view': undeclared identifier
C:\Users\krisf\Desktop\GBase\GBase\Utilities\Config\Config.h(113,29): error C2146: syntax error: missing ')' before identifier 'szFileName'
C:\Users\krisf\Desktop\GBase\GBase\Utilities\Config\Config.h(115,19): error C2039: 'string_view': is not a member of 'std'
C:\Visual Studio\VC\Tools\MSVC\14.26.28801\include\vector(24): message : see declaration of 'std'
C:\Users\krisf\Desktop\GBase\GBase\Utilities\Config\Config.h(115,31): error C2065: 'string_view': undeclared identifier
C:\Users\krisf\Desktop\GBase\GBase\Utilities\Config\Config.h(115,31): error C2146: syntax error: missing ')' before identifier 'szFileName'
C:\Users\krisf\Desktop\GBase\GBase\Utilities\Config\Config.h(119,7): error C2039: 'filesystem': is not a member of 'std'
C:\Visual Studio\VC\Tools\MSVC\14.26.28801\include\vector(24): message : see declaration of 'std'
C:\Users\krisf\Desktop\GBase\GBase\Utilities\Config\Config.h(119,7): error C3083: 'filesystem': the symbol to the left of a '::' must be a type
C:\Users\krisf\Desktop\GBase\GBase\Utilities\Config\Config.h(119,19): error C2039: 'path': is not a member of 'std'
C:\Visual Studio\VC\Tools\MSVC\14.26.28801\include\vector(24): message : see declaration of 'std'
C:\Users\krisf\Desktop\GBase\GBase\Utilities\Config\Config.h(119,38): error C4430: missing type specifier - int assumed. Note: C++ does not support default-int
C:\Users\krisf\Desktop\GBase\GBase\Utilities\Config\Config.h(119,24): error C2146: syntax error: missing ';' before identifier 'GetWorkingPath'
C:\Users\krisf\Desktop\GBase\GBase\Utilities\Config\Config.h(121,39): error C7525: inline variables require at least '/std:c++17'
C:\Users\krisf\Desktop\GBase\GBase\Utilities\Config\Config.h(136,13): error C2039: 'filesystem': is not a member of 'std'
C:\Visual Studio\VC\Tools\MSVC\14.26.28801\include\vector(24): message : see declaration of 'std'
C:\Users\krisf\Desktop\GBase\GBase\Utilities\Config\Config.h(136,13): error C3083: 'filesystem': the symbol to the left of a '::' must be a type
C:\Users\krisf\Desktop\GBase\GBase\Utilities\Config\Config.h(136,25): error C2039: 'path': is not a member of 'std'
C:\Visual Studio\VC\Tools\MSVC\14.26.28801\include\vector(24): message : see declaration of 'std'
C:\Users\krisf\Desktop\GBase\GBase\Utilities\Config\Config.h(136,30): error C4430: missing type specifier - int assumed. Note: C++ does not support default-int
C:\Users\krisf\Desktop\GBase\GBase\Utilities\Config\Config.h(136,30): error C2373: 'C::path': redefinition; different type modifiers
C:\Users\krisf\Desktop\GBase\GBase\Utilities\Config\Config.h(119): message : see declaration of 'C::path'
C:\Users\krisf\Desktop\GBase\GBase\Utilities\Config\Config.h(136,30): error C2146: syntax error: missing ';' before identifier 'fsPath'
C:\Users\krisf\Desktop\GBase\GBase\Utilities\Config\Config.h(136,39): error C4430: missing type specifier - int assumed. Note: C++ does not support default-int
C:\Users\krisf\Desktop\GBase\GBase\Utilities\Config\Config.h(136,39): error C3861: 'GetWorkingPath': identifier not found
C:\Users\krisf\Desktop\GBase\GBase\Utilities\Config\Config.h(137,33): error C7525: inline variables require at least '/std:c++17'
C:\Users\krisf\Desktop\GBase\GBase\Utilities\Config\Config.h(138,21): error C7525: inline variables require at least '/std:c++17'
C:\Users\krisf\Desktop\GBase\GBase\Features\Aim.h(9,16): error C7525: inline variables require at least '/std:c++17'
C:\Users\krisf\Desktop\GBase\GBase\Features\Aim.h(10,15): error C7525: inline variables require at least '/std:c++17'
C:\Users\krisf\Desktop\GBase\GBase\Features\Aim.h(11,22): error C7525: inline variables require at least '/std:c++17'
C:\Users\krisf\Desktop\GBase\GBase\Features\Variables.h(57,18): error C7525: inline variables require at least '/std:c++17'
  Autowall.cpp
  The contents of <string_view> are available only with C++17 or later.
C:\Users\krisf\Desktop\GBase\GBase\SDK\Interfaces\IStudioRender.h(17,10): error C2039: 'byte': is not a member of 'std'
C:\Visual Studio\VC\Tools\MSVC\14.26.28801\include\fstream(26): message : see declaration of 'std'
C:\Users\krisf\Desktop\GBase\GBase\SDK\Interfaces\IStudioRender.h(19,10): error C2039: 'byte': is not a member of 'std'
C:\Visual Studio\VC\Tools\MSVC\14.26.28801\include\fstream(26): message : see declaration of 'std'
C:\Users\krisf\Desktop\GBase\GBase\SDK\Interfaces\IStudioRender.h(26,21): error C2039: 'string_view': is not a member of 'std'
C:\Visual Studio\VC\Tools\MSVC\14.26.28801\include\fstream(26): message : see declaration of 'std'
C:\Users\krisf\Desktop\GBase\GBase\SDK\Interfaces\IStudioRender.h(26,1): error C2065: 'string_view': undeclared identifier
C:\Users\krisf\Desktop\GBase\GBase\SDK\SDK.h(28,23): error C7525: inline variables require at least '/std:c++17'
C:\Users\krisf\Desktop\GBase\GBase\SDK\SDK.h(29,27): error C7525: inline variables require at least '/std:c++17'
C:\Users\krisf\Desktop\GBase\GBase\SDK\SDK.h(30,19): error C7525: inline variables require at least '/std:c++17'
C:\Users\krisf\Desktop\GBase\GBase\SDK\SDK.h(31,17): error C7525: inline variables require at least '/std:c++17'
C:\Users\krisf\Desktop\GBase\GBase\SDK\SDK.h(32,22): error C7525: inline variables require at least '/std:c++17'
C:\Users\krisf\Desktop\GBase\GBase\SDK\SDK.h(33,25): error C7525: inline variables require at least '/std:c++17'
C:\Users\krisf\Desktop\GBase\GBase\SDK\SDK.h(34,25): error C7525: inline variables require at least '/std:c++17'
C:\Users\krisf\Desktop\GBase\GBase\SDK\SDK.h(35,24): error C7525: inline variables require at least '/std:c++17'
C:\Users\krisf\Desktop\GBase\GBase\SDK\SDK.h(36,23): error C7525: inline variables require at least '/std:c++17'
C:\Users\krisf\Desktop\GBase\GBase\SDK\SDK.h(37,28): error C7525: inline variables require at least '/std:c++17'
C:\Users\krisf\Desktop\GBase\GBase\SDK\SDK.h(38,22): error C7525: inline variables require at least '/std:c++17'
C:\Users\krisf\Desktop\GBase\GBase\SDK\SDK.h(39,26): error C7525: inline variables require at least '/std:c++17'
C:\Users\krisf\Desktop\GBase\GBase\SDK\SDK.h(40,24): error C7525: inline variables require at least '/std:c++17'
C:\Users\krisf\Desktop\GBase\GBase\SDK\SDK.h(41,26): error C7525: inline variables require at least '/std:c++17'
C:\Users\krisf\Desktop\GBase\GBase\SDK\SDK.h(42,24): error C7525: inline variables require at least '/std:c++17'
C:\Users\krisf\Desktop\GBase\GBase\SDK\SDK.h(43,17): error C7525: inline variables require at least '/std:c++17'
  The contents of <any> are available only with C++17 or later.
  The contents of <filesystem> are available only with C++17 or later.
C:\Users\krisf\Desktop\GBase\GBase\Utilities\Config\Config.h(85,91): error C2039: 'any': is not a member of 'std'
C:\Visual Studio\VC\Tools\MSVC\14.26.28801\include\vector(24): message : see declaration of 'std'
C:\Users\krisf\Desktop\GBase\GBase\Utilities\Config\Config.h(85,3): error C4430: missing type specifier - int assumed. Note: C++ does not support default-int
C:\Users\krisf\Desktop\GBase\GBase\Utilities\Config\Config.h(85,95): error C2146: syntax error: missing ')' before identifier 'pDefault'
C:\Users\krisf\Desktop\GBase\GBase\Utilities\Config\Config.h(85,3): error C3646: 'pDefault': unknown override specifier
C:\Users\krisf\Desktop\GBase\GBase\Utilities\Config\Config.h(85,3): error C2059: syntax error: ')'
C:\Users\krisf\Desktop\GBase\GBase\Utilities\Config\Config.h(106,7): error C2039: 'any': is not a member of 'std'
C:\Visual Studio\VC\Tools\MSVC\14.26.28801\include\vector(24): message : see declaration of 'std'
C:\Users\krisf\Desktop\GBase\GBase\Utilities\Config\Config.h(106,17): error C3646: 'pValue': unknown override specifier
C:\Users\krisf\Desktop\GBase\GBase\Utilities\Config\Config.h(106,17): error C4430: missing type specifier - int assumed. Note: C++ does not support default-int
C:\Users\krisf\Desktop\GBase\GBase\Utilities\Config\Config.h(86,56): error C2065: 'pDefault': undeclared identifier
C:\Users\krisf\Desktop\GBase\GBase\Utilities\Config\Config.h(86,49): error C2614: 'VariableObject_t': illegal member initialization: 'pValue' is not a base or member
C:\Users\krisf\Desktop\GBase\GBase\Utilities\Config\Config.h(111,18): error C2039: 'string_view': is not a member of 'std'
C:\Visual Studio\VC\Tools\MSVC\14.26.28801\include\vector(24): message : see declaration of 'std'
C:\Users\krisf\Desktop\GBase\GBase\Utilities\Config\Config.h(111,30): error C2065: 'string_view': undeclared identifier
C:\Users\krisf\Desktop\GBase\GBase\Utilities\Config\Config.h(111,30): error C2146: syntax error: missing ')' before identifier 'szDefaultFileName'
C:\Users\krisf\Desktop\GBase\GBase\Utilities\Config\Config.h(112,17): error C2039: 'string_view': is not a member of 'std'
C:\Visual Studio\VC\Tools\MSVC\14.26.28801\include\vector(24): message : see declaration of 'std'
C:\Users\krisf\Desktop\GBase\GBase\Utilities\Config\Config.h(112,29): error C2065: 'string_view': undeclared identifier
C:\Users\krisf\Desktop\GBase\GBase\Utilities\Config\Config.h(112,29): error C2146: syntax error: missing ')' before identifier 'szFileName'
C:\Users\krisf\Desktop\GBase\GBase\Utilities\Config\Config.h(113,17): error C2039: 'string_view': is not a member of 'std'
C:\Visual Studio\VC\Tools\MSVC\14.26.28801\include\vector(24): message : see declaration of 'std'
C:\Users\krisf\Desktop\GBase\GBase\Utilities\Config\Config.h(113,29): error C2065: 'string_view': undeclared identifier
C:\Users\krisf\Desktop\GBase\GBase\Utilities\Config\Config.h(113,29): error C2146: syntax error: missing ')' before identifier 'szFileName'
C:\Users\krisf\Desktop\GBase\GBase\Utilities\Config\Config.h(115,19): error C2039: 'string_view': is not a member of 'std'
C:\Visual Studio\VC\Tools\MSVC\14.26.28801\include\vector(24): message : see declaration of 'std'
C:\Users\krisf\Desktop\GBase\GBase\Utilities\Config\Config.h(115,31): error C2065: 'string_view': undeclared identifier
C:\Users\krisf\Desktop\GBase\GBase\Utilities\Config\Config.h(115,31): error C2146: syntax error: missing ')' before identifier 'szFileName'
C:\Users\krisf\Desktop\GBase\GBase\Utilities\Config\Config.h(119,7): error C2039: 'filesystem': is not a member of 'std'
C:\Visual Studio\VC\Tools\MSVC\14.26.28801\include\vector(24): message : see declaration of 'std'
C:\Users\krisf\Desktop\GBase\GBase\Utilities\Config\Config.h(119,7): error C3083: 'filesystem': the symbol to the left of a '::' must be a type
C:\Users\krisf\Desktop\GBase\GBase\Utilities\Config\Config.h(119,19): error C2039: 'path': is not a member of 'std'
C:\Visual Studio\VC\Tools\MSVC\14.26.28801\include\vector(24): message : see declaration of 'std'
C:\Users\krisf\Desktop\GBase\GBase\Utilities\Config\Config.h(119,38): error C4430: missing type specifier - int assumed. Note: C++ does not support default-int
C:\Users\krisf\Desktop\GBase\GBase\Utilities\Config\Config.h(119,24): error C2146: syntax error: missing ';' before identifier 'GetWorkingPath'
C:\Users\krisf\Desktop\GBase\GBase\Utilities\Config\Config.h(121,39): error C7525: inline variables require at least '/std:c++17'
C:\Users\krisf\Desktop\GBase\GBase\Utilities\Config\Config.h(136,13): error C2039: 'filesystem': is not a member of 'std'
C:\Visual Studio\VC\Tools\MSVC\14.26.28801\include\vector(24): message : see declaration of 'std'
C:\Users\krisf\Desktop\GBase\GBase\Utilities\Config\Config.h(136,13): error C3083: 'filesystem': the symbol to the left of a '::' must be a type
C:\Users\krisf\Desktop\GBase\GBase\Utilities\Config\Config.h(136,25): error C2039: 'path': is not a member of 'std'
C:\Visual Studio\VC\Tools\MSVC\14.26.28801\include\vector(24): message : see declaration of 'std'
C:\Users\krisf\Desktop\GBase\GBase\Utilities\Config\Config.h(136,30): error C4430: missing type specifier - int assumed. Note: C++ does not support default-int
C:\Users\krisf\Desktop\GBase\GBase\Utilities\Config\Config.h(136,30): error C2373: 'C::path': redefinition; different type modifiers
C:\Users\krisf\Desktop\GBase\GBase\Utilities\Config\Config.h(119): message : see declaration of 'C::path'
C:\Users\krisf\Desktop\GBase\GBase\Utilities\Config\Config.h(136,30): error C2146: syntax error: missing ';' before identifier 'fsPath'
C:\Users\krisf\Desktop\GBase\GBase\Utilities\Config\Config.h(136,39): error C4430: missing type specifier - int assumed. Note: C++ does not support default-int
C:\Users\krisf\Desktop\GBase\GBase\Utilities\Config\Config.h(136,39): error C3861: 'GetWorkingPath': identifier not found
C:\Users\krisf\Desktop\GBase\GBase\Utilities\Config\Config.h(137,33): error C7525: inline variables require at least '/std:c++17'
C:\Users\krisf\Desktop\GBase\GBase\Utilities\Config\Config.h(138,21): error C7525: inline variables require at least '/std:c++17'
  Misc.cpp
  The contents of <string_view> are available only with C++17 or later.
C:\Users\krisf\Desktop\GBase\GBase\SDK\Interfaces\IStudioRender.h(17,10): error C2039: 'byte': is not a member of 'std'
C:\Visual Studio\VC\Tools\MSVC\14.26.28801\include\fstream(26): message : see declaration of 'std'
C:\Users\krisf\Desktop\GBase\GBase\SDK\Interfaces\IStudioRender.h(19,10): error C2039: 'byte': is not a member of 'std'
C:\Visual Studio\VC\Tools\MSVC\14.26.28801\include\fstream(26): message : see declaration of 'std'
C:\Users\krisf\Desktop\GBase\GBase\SDK\Interfaces\IStudioRender.h(26,21): error C2039: 'string_view': is not a member of 'std'
C:\Visual Studio\VC\Tools\MSVC\14.26.28801\include\fstream(26): message : see declaration of 'std'
C:\Users\krisf\Desktop\GBase\GBase\SDK\Interfaces\IStudioRender.h(26,1): error C2065: 'string_view': undeclared identifier
C:\Users\krisf\Desktop\GBase\GBase\SDK\SDK.h(28,23): error C7525: inline variables require at least '/std:c++17'
C:\Users\krisf\Desktop\GBase\GBase\SDK\SDK.h(29,27): error C7525: inline variables require at least '/std:c++17'
C:\Users\krisf\Desktop\GBase\GBase\SDK\SDK.h(30,19): error C7525: inline variables require at least '/std:c++17'
C:\Users\krisf\Desktop\GBase\GBase\SDK\SDK.h(31,17): error C7525: inline variables require at least '/std:c++17'
C:\Users\krisf\Desktop\GBase\GBase\SDK\SDK.h(32,22): error C7525: inline variables require at least '/std:c++17'
C:\Users\krisf\Desktop\GBase\GBase\SDK\SDK.h(33,25): error C7525: inline variables require at least '/std:c++17'
C:\Users\krisf\Desktop\GBase\GBase\SDK\SDK.h(34,25): error C7525: inline variables require at least '/std:c++17'
C:\Users\krisf\Desktop\GBase\GBase\SDK\SDK.h(35,24): error C7525: inline variables require at least '/std:c++17'
C:\Users\krisf\Desktop\GBase\GBase\SDK\SDK.h(36,23): error C7525: inline variables require at least '/std:c++17'
C:\Users\krisf\Desktop\GBase\GBase\SDK\SDK.h(37,28): error C7525: inline variables require at least '/std:c++17'
C:\Users\krisf\Desktop\GBase\GBase\SDK\SDK.h(38,22): error C7525: inline variables require at least '/std:c++17'
C:\Users\krisf\Desktop\GBase\GBase\SDK\SDK.h(39,26): error C7525: inline variables require at least '/std:c++17'
C:\Users\krisf\Desktop\GBase\GBase\SDK\SDK.h(40,24): error C7525: inline variables require at least '/std:c++17'
C:\Users\krisf\Desktop\GBase\GBase\SDK\SDK.h(41,26): error C7525: inline variables require at least '/std:c++17'
C:\Users\krisf\Desktop\GBase\GBase\SDK\SDK.h(42,24): error C7525: inline variables require at least '/std:c++17'
C:\Users\krisf\Desktop\GBase\GBase\SDK\SDK.h(43,17): error C7525: inline variables require at least '/std:c++17'
C:\Users\krisf\Desktop\GBase\GBase\Features\Misc.h(7,14): error C7525: inline variables require at least '/std:c++17'
  The contents of <any> are available only with C++17 or later.
  The contents of <filesystem> are available only with C++17 or later.
C:\Users\krisf\Desktop\GBase\GBase\Utilities\Config\Config.h(85,91): error C2039: 'any': is not a member of 'std'
C:\Visual Studio\VC\Tools\MSVC\14.26.28801\include\vector(24): message : see declaration of 'std'
C:\Users\krisf\Desktop\GBase\GBase\Utilities\Config\Config.h(85,3): error C4430: missing type specifier - int assumed. Note: C++ does not support default-int
C:\Users\krisf\Desktop\GBase\GBase\Utilities\Config\Config.h(85,95): error C2146: syntax error: missing ')' before identifier 'pDefault'
C:\Users\krisf\Desktop\GBase\GBase\Utilities\Config\Config.h(85,3): error C3646: 'pDefault': unknown override specifier
C:\Users\krisf\Desktop\GBase\GBase\Utilities\Config\Config.h(85,3): error C2059: syntax error: ')'
C:\Users\krisf\Desktop\GBase\GBase\Utilities\Config\Config.h(106,7): error C2039: 'any': is not a member of 'std'
C:\Visual Studio\VC\Tools\MSVC\14.26.28801\include\vector(24): message : see declaration of 'std'
C:\Users\krisf\Desktop\GBase\GBase\Utilities\Config\Config.h(106,17): error C3646: 'pValue': unknown override specifier
C:\Users\krisf\Desktop\GBase\GBase\Utilities\Config\Config.h(106,17): error C4430: missing type specifier - int assumed. Note: C++ does not support default-int
C:\Users\krisf\Desktop\GBase\GBase\Utilities\Config\Config.h(86,56): error C2065: 'pDefault': undeclared identifier
C:\Users\krisf\Desktop\GBase\GBase\Utilities\Config\Config.h(86,49): error C2614: 'VariableObject_t': illegal member initialization: 'pValue' is not a base or member
C:\Users\krisf\Desktop\GBase\GBase\Utilities\Config\Config.h(111,18): error C2039: 'string_view': is not a member of 'std'
C:\Visual Studio\VC\Tools\MSVC\14.26.28801\include\vector(24): message : see declaration of 'std'
C:\Users\krisf\Desktop\GBase\GBase\Utilities\Config\Config.h(111,30): error C2065: 'string_view': undeclared identifier
C:\Users\krisf\Desktop\GBase\GBase\Utilities\Config\Config.h(111,30): error C2146: syntax error: missing ')' before identifier 'szDefaultFileName'
C:\Users\krisf\Desktop\GBase\GBase\Utilities\Config\Config.h(112,17): error C2039: 'string_view': is not a member of 'std'
C:\Visual Studio\VC\Tools\MSVC\14.26.28801\include\vector(24): message : see declaration of 'std'
C:\Users\krisf\Desktop\GBase\GBase\Utilities\Config\Config.h(112,29): error C2065: 'string_view': undeclared identifier
C:\Users\krisf\Desktop\GBase\GBase\Utilities\Config\Config.h(112,29): error C2146: syntax error: missing ')' before identifier 'szFileName'
C:\Users\krisf\Desktop\GBase\GBase\Utilities\Config\Config.h(113,17): error C2039: 'string_view': is not a member of 'std'
C:\Visual Studio\VC\Tools\MSVC\14.26.28801\include\vector(24): message : see declaration of 'std'
C:\Users\krisf\Desktop\GBase\GBase\Utilities\Config\Config.h(113,29): error C2065: 'string_view': undeclared identifier
C:\Users\krisf\Desktop\GBase\GBase\Utilities\Config\Config.h(113,29): error C2146: syntax error: missing ')' before identifier 'szFileName'
C:\Users\krisf\Desktop\GBase\GBase\Utilities\Config\Config.h(115,19): error C2039: 'string_view': is not a member of 'std'
C:\Visual Studio\VC\Tools\MSVC\14.26.28801\include\vector(24): message : see declaration of 'std'
C:\Users\krisf\Desktop\GBase\GBase\Utilities\Config\Config.h(115,31): error C2065: 'string_view': undeclared identifier
C:\Users\krisf\Desktop\GBase\GBase\Utilities\Config\Config.h(115,31): error C2146: syntax error: missing ')' before identifier 'szFileName'
C:\Users\krisf\Desktop\GBase\GBase\Utilities\Config\Config.h(119,7): error C2039: 'filesystem': is not a member of 'std'
C:\Visual Studio\VC\Tools\MSVC\14.26.28801\include\vector(24): message : see declaration of 'std'
C:\Users\krisf\Desktop\GBase\GBase\Utilities\Config\Config.h(119,7): error C3083: 'filesystem': the symbol to the left of a '::' must be a type
C:\Users\krisf\Desktop\GBase\GBase\Utilities\Config\Config.h(119,19): error C2039: 'path': is not a member of 'std'
C:\Visual Studio\VC\Tools\MSVC\14.26.28801\include\vector(24): message : see declaration of 'std'
C:\Users\krisf\Desktop\GBase\GBase\Utilities\Config\Config.h(119,38): error C4430: missing type specifier - int assumed. Note: C++ does not support default-int
C:\Users\krisf\Desktop\GBase\GBase\Utilities\Config\Config.h(119,24): error C2146: syntax error: missing ';' before identifier 'GetWorkingPath'
C:\Users\krisf\Desktop\GBase\GBase\Utilities\Config\Config.h(121,39): error C7525: inline variables require at least '/std:c++17'
C:\Users\krisf\Desktop\GBase\GBase\Utilities\Config\Config.h(136,13): error C2039: 'filesystem': is not a member of 'std'
C:\Visual Studio\VC\Tools\MSVC\14.26.28801\include\vector(24): message : see declaration of 'std'
C:\Users\krisf\Desktop\GBase\GBase\Utilities\Config\Config.h(136,13): error C3083: 'filesystem': the symbol to the left of a '::' must be a type
C:\Users\krisf\Desktop\GBase\GBase\Utilities\Config\Config.h(136,25): error C2039: 'path': is not a member of 'std'
C:\Visual Studio\VC\Tools\MSVC\14.26.28801\include\vector(24): message : see declaration of 'std'
C:\Users\krisf\Desktop\GBase\GBase\Utilities\Config\Config.h(136,30): error C4430: missing type specifier - int assumed. Note: C++ does not support default-int
C:\Users\krisf\Desktop\GBase\GBase\Utilities\Config\Config.h(136,30): error C2373: 'C::path': redefinition; different type modifiers
C:\Users\krisf\Desktop\GBase\GBase\Utilities\Config\Config.h(119): message : see declaration of 'C::path'
C:\Users\krisf\Desktop\GBase\GBase\Utilities\Config\Config.h(136,30): error C2146: syntax error: missing ';' before identifier 'fsPath'
C:\Users\krisf\Desktop\GBase\GBase\Utilities\Config\Config.h(136,39): error C4430: missing type specifier - int assumed. Note: C++ does not support default-int
C:\Users\krisf\Desktop\GBase\GBase\Utilities\Config\Config.h(136,39): error C3861: 'GetWorkingPath': identifier not found
C:\Users\krisf\Desktop\GBase\GBase\Utilities\Config\Config.h(137,33): error C7525: inline variables require at least '/std:c++17'
C:\Users\krisf\Desktop\GBase\GBase\Utilities\Config\Config.h(138,21): error C7525: inline variables require at least '/std:c++17'
C:\Users\krisf\Desktop\GBase\GBase\Features\Aim.h(9,16): error C7525: inline variables require at least '/std:c++17'
C:\Users\krisf\Desktop\GBase\GBase\Features\Aim.h(10,15): error C7525: inline variables require at least '/std:c++17'
C:\Users\krisf\Desktop\GBase\GBase\Features\Aim.h(11,22): error C7525: inline variables require at least '/std:c++17'
C:\Users\krisf\Desktop\GBase\GBase\Features\Variables.h(57,18): error C7525: inline variables require at least '/std:c++17'
C:\Users\krisf\Desktop\GBase\GBase\Hooks.h(41,13): error C7525: inline variables require at least '/std:c++17'
C:\Users\krisf\Desktop\GBase\GBase\Hooks.h(42,13): error C7525: inline variables require at least '/std:c++17'
C:\Users\krisf\Desktop\GBase\GBase\Hooks.h(43,13): error C7525: inline variables require at least '/std:c++17'
C:\Users\krisf\Desktop\GBase\GBase\Hooks.h(44,13): error C7525: inline variables require at least '/std:c++17'
C:\Users\krisf\Desktop\GBase\GBase\Menu.h(9,13): error C7525: inline variables require at least '/std:c++17'
C:\Users\krisf\Desktop\GBase\GBase\Menu.h(10,13): error C7525: inline variables require at least '/std:c++17'
C:\Users\krisf\Desktop\GBase\GBase\Menu.h(11,13): error C7525: inline variables require at least '/std:c++17'
C:\Users\krisf\Desktop\GBase\GBase\Menu.h(12,13): error C7525: inline variables require at least '/std:c++17'
C:\Users\krisf\Desktop\GBase\GBase\Menu.h(13,13): error C7525: inline variables require at least '/std:c++17'
C:\Users\krisf\Desktop\GBase\GBase\Menu.h(19,14): error C7525: inline variables require at least '/std:c++17'
C:\Users\krisf\Desktop\GBase\GBase\Menu.h(20,14): error C7525: inline variables require at least '/std:c++17'
C:\Users\krisf\Desktop\GBase\GBase\Menu.h(21,14): error C7525: inline variables require at least '/std:c++17'
C:\Users\krisf\Desktop\GBase\GBase\Menu.h(22,17): error C7525: inline variables require at least '/std:c++17'
  Visuals.cpp
  The contents of <string_view> are available only with C++17 or later.
C:\Users\krisf\Desktop\GBase\GBase\SDK\Interfaces\IStudioRender.h(17,10): error C2039: 'byte': is not a member of 'std'
C:\Visual Studio\VC\Tools\MSVC\14.26.28801\include\fstream(26): message : see declaration of 'std'
C:\Users\krisf\Desktop\GBase\GBase\SDK\Interfaces\IStudioRender.h(19,10): error C2039: 'byte': is not a member of 'std'
C:\Visual Studio\VC\Tools\MSVC\14.26.28801\include\fstream(26): message : see declaration of 'std'
C:\Users\krisf\Desktop\GBase\GBase\SDK\Interfaces\IStudioRender.h(26,21): error C2039: 'string_view': is not a member of 'std'
C:\Visual Studio\VC\Tools\MSVC\14.26.28801\include\fstream(26): message : see declaration of 'std'
C:\Users\krisf\Desktop\GBase\GBase\SDK\Interfaces\IStudioRender.h(26,1): error C2065: 'string_view': undeclared identifier
C:\Users\krisf\Desktop\GBase\GBase\SDK\SDK.h(28,23): error C7525: inline variables require at least '/std:c++17'
C:\Users\krisf\Desktop\GBase\GBase\SDK\SDK.h(29,27): error C7525: inline variables require at least '/std:c++17'
C:\Users\krisf\Desktop\GBase\GBase\SDK\SDK.h(30,19): error C7525: inline variables require at least '/std:c++17'
C:\Users\krisf\Desktop\GBase\GBase\SDK\SDK.h(31,17): error C7525: inline variables require at least '/std:c++17'
C:\Users\krisf\Desktop\GBase\GBase\SDK\SDK.h(32,22): error C7525: inline variables require at least '/std:c++17'
C:\Users\krisf\Desktop\GBase\GBase\SDK\SDK.h(33,25): error C7525: inline variables require at least '/std:c++17'
C:\Users\krisf\Desktop\GBase\GBase\SDK\SDK.h(34,25): error C7525: inline variables require at least '/std:c++17'
C:\Users\krisf\Desktop\GBase\GBase\SDK\SDK.h(35,24): error C7525: inline variables require at least '/std:c++17'
C:\Users\krisf\Desktop\GBase\GBase\SDK\SDK.h(36,23): error C7525: inline variables require at least '/std:c++17'
C:\Users\krisf\Desktop\GBase\GBase\SDK\SDK.h(37,28): error C7525: inline variables require at least '/std:c++17'
C:\Users\krisf\Desktop\GBase\GBase\SDK\SDK.h(38,22): error C7525: inline variables require at least '/std:c++17'
C:\Users\krisf\Desktop\GBase\GBase\SDK\SDK.h(39,26): error C7525: inline variables require at least '/std:c++17'
C:\Users\krisf\Desktop\GBase\GBase\SDK\SDK.h(40,24): error C7525: inline variables require at least '/std:c++17'
C:\Users\krisf\Desktop\GBase\GBase\SDK\SDK.h(41,26): error C7525: inline variables require at least '/std:c++17'
C:\Users\krisf\Desktop\GBase\GBase\SDK\SDK.h(42,24): error C7525: inline variables require at least '/std:c++17'
C:\Users\krisf\Desktop\GBase\GBase\SDK\SDK.h(43,17): error C7525: inline variables require at least '/std:c++17'
C:\Users\krisf\Desktop\GBase\GBase\Menu.h(9,13): error C7525: inline variables require at least '/std:c++17'
C:\Users\krisf\Desktop\GBase\GBase\Menu.h(10,13): error C7525: inline variables require at least '/std:c++17'
C:\Users\krisf\Desktop\GBase\GBase\Menu.h(11,13): error C7525: inline variables require at least '/std:c++17'
C:\Users\krisf\Desktop\GBase\GBase\Menu.h(12,13): error C7525: inline variables require at least '/std:c++17'
C:\Users\krisf\Desktop\GBase\GBase\Menu.h(13,13): error C7525: inline variables require at least '/std:c++17'
C:\Users\krisf\Desktop\GBase\GBase\Menu.h(19,14): error C7525: inline variables require at least '/std:c++17'
C:\Users\krisf\Desktop\GBase\GBase\Menu.h(20,14): error C7525: inline variables require at least '/std:c++17'
C:\Users\krisf\Desktop\GBase\GBase\Menu.h(21,14): error C7525: inline variables require at least '/std:c++17'
C:\Users\krisf\Desktop\GBase\GBase\Menu.h(22,17): error C7525: inline variables require at least '/std:c++17'
  The contents of <any> are available only with C++17 or later.
  The contents of <filesystem> are available only with C++17 or later.
C:\Users\krisf\Desktop\GBase\GBase\Utilities\Config\Config.h(85,91): error C2039: 'any': is not a member of 'std'
C:\Visual Studio\VC\Tools\MSVC\14.26.28801\include\vector(24): message : see declaration of 'std'
C:\Users\krisf\Desktop\GBase\GBase\Utilities\Config\Config.h(85,3): error C4430: missing type specifier - int assumed. Note: C++ does not support default-int
C:\Users\krisf\Desktop\GBase\GBase\Utilities\Config\Config.h(85,95): error C2146: syntax error: missing ')' before identifier 'pDefault'
C:\Users\krisf\Desktop\GBase\GBase\Utilities\Config\Config.h(85,3): error C3646: 'pDefault': unknown override specifier
C:\Users\krisf\Desktop\GBase\GBase\Utilities\Config\Config.h(85,3): error C2059: syntax error: ')'
C:\Users\krisf\Desktop\GBase\GBase\Utilities\Config\Config.h(106,7): error C2039: 'any': is not a member of 'std'
C:\Visual Studio\VC\Tools\MSVC\14.26.28801\include\vector(24): message : see declaration of 'std'
C:\Users\krisf\Desktop\GBase\GBase\Utilities\Config\Config.h(106,17): error C3646: 'pValue': unknown override specifier
C:\Users\krisf\Desktop\GBase\GBase\Utilities\Config\Config.h(106,17): error C4430: missing type specifier - int assumed. Note: C++ does not support default-int
C:\Users\krisf\Desktop\GBase\GBase\Utilities\Config\Config.h(86,56): error C2065: 'pDefault': undeclared identifier
C:\Users\krisf\Desktop\GBase\GBase\Utilities\Config\Config.h(86,49): error C2614: 'VariableObject_t': illegal member initialization: 'pValue' is not a base or member
C:\Users\krisf\Desktop\GBase\GBase\Utilities\Config\Config.h(111,18): error C2039: 'string_view': is not a member of 'std'
C:\Visual Studio\VC\Tools\MSVC\14.26.28801\include\vector(24): message : see declaration of 'std'
C:\Users\krisf\Desktop\GBase\GBase\Utilities\Config\Config.h(111,30): error C2065: 'string_view': undeclared identifier
C:\Users\krisf\Desktop\GBase\GBase\Utilities\Config\Config.h(111,30): error C2146: syntax error: missing ')' before identifier 'szDefaultFileName'
C:\Users\krisf\Desktop\GBase\GBase\Utilities\Config\Config.h(112,17): error C2039: 'string_view': is not a member of 'std'
C:\Visual Studio\VC\Tools\MSVC\14.26.28801\include\vector(24): message : see declaration of 'std'
C:\Users\krisf\Desktop\GBase\GBase\Utilities\Config\Config.h(112,29): error C2065: 'string_view': undeclared identifier
C:\Users\krisf\Desktop\GBase\GBase\Utilities\Config\Config.h(112,29): error C2146: syntax error: missing ')' before identifier 'szFileName'
C:\Users\krisf\Desktop\GBase\GBase\Utilities\Config\Config.h(113,17): error C2039: 'string_view': is not a member of 'std'
C:\Visual Studio\VC\Tools\MSVC\14.26.28801\include\vector(24): message : see declaration of 'std'
C:\Users\krisf\Desktop\GBase\GBase\Utilities\Config\Config.h(113,29): error C2065: 'string_view': undeclared identifier
C:\Users\krisf\Desktop\GBase\GBase\Utilities\Config\Config.h(113,29): error C2146: syntax error: missing ')' before identifier 'szFileName'
C:\Users\krisf\Desktop\GBase\GBase\Utilities\Config\Config.h(115,19): error C2039: 'string_view': is not a member of 'std'
C:\Visual Studio\VC\Tools\MSVC\14.26.28801\include\vector(24): message : see declaration of 'std'
C:\Users\krisf\Desktop\GBase\GBase\Utilities\Config\Config.h(115,31): error C2065: 'string_view': undeclared identifier
C:\Users\krisf\Desktop\GBase\GBase\Utilities\Config\Config.h(115,31): error C2146: syntax error: missing ')' before identifier 'szFileName'
C:\Users\krisf\Desktop\GBase\GBase\Utilities\Config\Config.h(119,7): error C2039: 'filesystem': is not a member of 'std'
C:\Visual Studio\VC\Tools\MSVC\14.26.28801\include\vector(24): message : see declaration of 'std'
C:\Users\krisf\Desktop\GBase\GBase\Utilities\Config\Config.h(119,7): error C3083: 'filesystem': the symbol to the left of a '::' must be a type
C:\Users\krisf\Desktop\GBase\GBase\Utilities\Config\Config.h(119,19): error C2039: 'path': is not a member of 'std'
C:\Visual Studio\VC\Tools\MSVC\14.26.28801\include\vector(24): message : see declaration of 'std'
C:\Users\krisf\Desktop\GBase\GBase\Utilities\Config\Config.h(119,38): error C4430: missing type specifier - int assumed. Note: C++ does not support default-int
C:\Users\krisf\Desktop\GBase\GBase\Utilities\Config\Config.h(119,24): error C2146: syntax error: missing ';' before identifier 'GetWorkingPath'
C:\Users\krisf\Desktop\GBase\GBase\Utilities\Config\Config.h(121,39): error C7525: inline variables require at least '/std:c++17'
C:\Users\krisf\Desktop\GBase\GBase\Utilities\Config\Config.h(136,13): error C2039: 'filesystem': is not a member of 'std'
C:\Visual Studio\VC\Tools\MSVC\14.26.28801\include\vector(24): message : see declaration of 'std'
C:\Users\krisf\Desktop\GBase\GBase\Utilities\Config\Config.h(136,13): error C3083: 'filesystem': the symbol to the left of a '::' must be a type
C:\Users\krisf\Desktop\GBase\GBase\Utilities\Config\Config.h(136,25): error C2039: 'path': is not a member of 'std'
C:\Visual Studio\VC\Tools\MSVC\14.26.28801\include\vector(24): message : see declaration of 'std'
C:\Users\krisf\Desktop\GBase\GBase\Utilities\Config\Config.h(136,30): error C4430: missing type specifier - int assumed. Note: C++ does not support default-int
C:\Users\krisf\Desktop\GBase\GBase\Utilities\Config\Config.h(136,30): error C2373: 'C::path': redefinition; different type modifiers
C:\Users\krisf\Desktop\GBase\GBase\Utilities\Config\Config.h(119): message : see declaration of 'C::path'
C:\Users\krisf\Desktop\GBase\GBase\Utilities\Config\Config.h(136,30): error C2146: syntax error: missing ';' before identifier 'fsPath'
C:\Users\krisf\Desktop\GBase\GBase\Utilities\Config\Config.h(136,39): error C4430: missing type specifier - int assumed. Note: C++ does not support default-int
C:\Users\krisf\Desktop\GBase\GBase\Utilities\Config\Config.h(136,39): error C3861: 'GetWorkingPath': identifier not found
C:\Users\krisf\Desktop\GBase\GBase\Utilities\Config\Config.h(137,33): error C7525: inline variables require at least '/std:c++17'
C:\Users\krisf\Desktop\GBase\GBase\Utilities\Config\Config.h(138,21): error C7525: inline variables require at least '/std:c++17'
C:\Users\krisf\Desktop\GBase\GBase\Features\Variables.h(57,18): error C7525: inline variables require at least '/std:c++17'
C:\Users\krisf\Desktop\GBase\GBase\Features\Visuals.h(10,10): warning C4067: unexpected tokens following preprocessor directive - expected a newline
C:\Users\krisf\Desktop\GBase\GBase\Features\Aim.h(9,16): error C7525: inline variables require at least '/std:c++17'
C:\Users\krisf\Desktop\GBase\GBase\Features\Aim.h(10,15): error C7525: inline variables require at least '/std:c++17'
C:\Users\krisf\Desktop\GBase\GBase\Features\Aim.h(11,22): error C7525: inline variables require at least '/std:c++17'
C:\Users\krisf\Desktop\GBase\GBase\Hooks.h(41,13): error C7525: inline variables require at least '/std:c++17'
C:\Users\krisf\Desktop\GBase\GBase\Hooks.h(42,13): error C7525: inline variables require at least '/std:c++17'
C:\Users\krisf\Desktop\GBase\GBase\Hooks.h(43,13): error C7525: inline variables require at least '/std:c++17'
C:\Users\krisf\Desktop\GBase\GBase\Hooks.h(44,13): error C7525: inline variables require at least '/std:c++17'
C:\Users\krisf\Desktop\GBase\GBase\Features\Visuals.cpp(173,33): error C2039: 'clamp': is not a member of 'std'
C:\Visual Studio\VC\Tools\MSVC\14.26.28801\include\future(37): message : see declaration of 'std'
C:\Users\krisf\Desktop\GBase\GBase\Features\Visuals.cpp(173,38): error C3861: 'clamp': identifier not found
  Game.cpp
  The contents of <string_view> are available only with C++17 or later.
C:\Users\krisf\Desktop\GBase\GBase\SDK\Interfaces\IStudioRender.h(17,10): error C2039: 'byte': is not a member of 'std'
C:\Visual Studio\VC\Tools\MSVC\14.26.28801\include\future(37): message : see declaration of 'std'
C:\Users\krisf\Desktop\GBase\GBase\SDK\Interfaces\IStudioRender.h(19,10): error C2039: 'byte': is not a member of 'std'
C:\Visual Studio\VC\Tools\MSVC\14.26.28801\include\future(37): message : see declaration of 'std'
C:\Users\krisf\Desktop\GBase\GBase\SDK\Interfaces\IStudioRender.h(26,21): error C2039: 'string_view': is not a member of 'std'
C:\Visual Studio\VC\Tools\MSVC\14.26.28801\include\future(37): message : see declaration of 'std'
C:\Users\krisf\Desktop\GBase\GBase\SDK\Interfaces\IStudioRender.h(26,1): error C2065: 'string_view': undeclared identifier
C:\Users\krisf\Desktop\GBase\GBase\SDK\SDK.h(28,23): error C7525: inline variables require at least '/std:c++17'
C:\Users\krisf\Desktop\GBase\GBase\SDK\SDK.h(29,27): error C7525: inline variables require at least '/std:c++17'
C:\Users\krisf\Desktop\GBase\GBase\SDK\SDK.h(30,19): error C7525: inline variables require at least '/std:c++17'
C:\Users\krisf\Desktop\GBase\GBase\SDK\SDK.h(31,17): error C7525: inline variables require at least '/std:c++17'
C:\Users\krisf\Desktop\GBase\GBase\SDK\SDK.h(32,22): error C7525: inline variables require at least '/std:c++17'
C:\Users\krisf\Desktop\GBase\GBase\SDK\SDK.h(33,25): error C7525: inline variables require at least '/std:c++17'
C:\Users\krisf\Desktop\GBase\GBase\SDK\SDK.h(34,25): error C7525: inline variables require at least '/std:c++17'
C:\Users\krisf\Desktop\GBase\GBase\SDK\SDK.h(35,24): error C7525: inline variables require at least '/std:c++17'
C:\Users\krisf\Desktop\GBase\GBase\SDK\SDK.h(36,23): error C7525: inline variables require at least '/std:c++17'
C:\Users\krisf\Desktop\GBase\GBase\SDK\SDK.h(37,28): error C7525: inline variables require at least '/std:c++17'
C:\Users\krisf\Desktop\GBase\GBase\SDK\SDK.h(38,22): error C7525: inline variables require at least '/std:c++17'
C:\Users\krisf\Desktop\GBase\GBase\SDK\SDK.h(39,26): error C7525: inline variables require at least '/std:c++17'
C:\Users\krisf\Desktop\GBase\GBase\SDK\SDK.h(40,24): error C7525: inline variables require at least '/std:c++17'
C:\Users\krisf\Desktop\GBase\GBase\SDK\SDK.h(41,26): error C7525: inline variables require at least '/std:c++17'
C:\Users\krisf\Desktop\GBase\GBase\SDK\SDK.h(42,24): error C7525: inline variables require at least '/std:c++17'
C:\Users\krisf\Desktop\GBase\GBase\SDK\SDK.h(43,17): error C7525: inline variables require at least '/std:c++17'
  Hooks.cpp
C:\Users\krisf\Desktop\GBase\GBase\Hooks.h(41,13): error C7525: inline variables require at least '/std:c++17'
C:\Users\krisf\Desktop\GBase\GBase\Hooks.h(42,13): error C7525: inline variables require at least '/std:c++17'
C:\Users\krisf\Desktop\GBase\GBase\Hooks.h(43,13): error C7525: inline variables require at least '/std:c++17'
C:\Users\krisf\Desktop\GBase\GBase\Hooks.h(44,13): error C7525: inline variables require at least '/std:c++17'
  The contents of <string_view> are available only with C++17 or later.
C:\Users\krisf\Desktop\GBase\GBase\SDK\Interfaces\IStudioRender.h(17,10): error C2039: 'byte': is not a member of 'std'
C:\Visual Studio\VC\Tools\MSVC\14.26.28801\include\future(37): message : see declaration of 'std'
C:\Users\krisf\Desktop\GBase\GBase\SDK\Interfaces\IStudioRender.h(19,10): error C2039: 'byte': is not a member of 'std'
C:\Visual Studio\VC\Tools\MSVC\14.26.28801\include\future(37): message : see declaration of 'std'
C:\Users\krisf\Desktop\GBase\GBase\SDK\Interfaces\IStudioRender.h(26,21): error C2039: 'string_view': is not a member of 'std'
C:\Visual Studio\VC\Tools\MSVC\14.26.28801\include\future(37): message : see declaration of 'std'
C:\Users\krisf\Desktop\GBase\GBase\SDK\Interfaces\IStudioRender.h(26,1): error C2065: 'string_view': undeclared identifier
C:\Users\krisf\Desktop\GBase\GBase\SDK\SDK.h(28,23): error C7525: inline variables require at least '/std:c++17'
C:\Users\krisf\Desktop\GBase\GBase\SDK\SDK.h(29,27): error C7525: inline variables require at least '/std:c++17'
C:\Users\krisf\Desktop\GBase\GBase\SDK\SDK.h(30,19): error C7525: inline variables require at least '/std:c++17'
C:\Users\krisf\Desktop\GBase\GBase\SDK\SDK.h(31,17): error C7525: inline variables require at least '/std:c++17'
C:\Users\krisf\Desktop\GBase\GBase\SDK\SDK.h(32,22): error C7525: inline variables require at least '/std:c++17'
C:\Users\krisf\Desktop\GBase\GBase\SDK\SDK.h(33,25): error C7525: inline variables require at least '/std:c++17'
C:\Users\krisf\Desktop\GBase\GBase\SDK\SDK.h(34,25): error C7525: inline variables require at least '/std:c++17'
C:\Users\krisf\Desktop\GBase\GBase\SDK\SDK.h(35,24): error C7525: inline variables require at least '/std:c++17'
C:\Users\krisf\Desktop\GBase\GBase\SDK\SDK.h(36,23): error C7525: inline variables require at least '/std:c++17'
C:\Users\krisf\Desktop\GBase\GBase\SDK\SDK.h(37,28): error C7525: inline variables require at least '/std:c++17'
C:\Users\krisf\Desktop\GBase\GBase\SDK\SDK.h(38,22): error C7525: inline variables require at least '/std:c++17'
C:\Users\krisf\Desktop\GBase\GBase\SDK\SDK.h(39,26): error C7525: inline variables require at least '/std:c++17'
C:\Users\krisf\Desktop\GBase\GBase\SDK\SDK.h(40,24): error C7525: inline variables require at least '/std:c++17'
C:\Users\krisf\Desktop\GBase\GBase\SDK\SDK.h(41,26): error C7525: inline variables require at least '/std:c++17'
C:\Users\krisf\Desktop\GBase\GBase\SDK\SDK.h(42,24): error C7525: inline variables require at least '/std:c++17'
C:\Users\krisf\Desktop\GBase\GBase\SDK\SDK.h(43,17): error C7525: inline variables require at least '/std:c++17'
C:\Users\krisf\Desktop\GBase\GBase\Menu.h(9,13): error C7525: inline variables require at least '/std:c++17'
C:\Users\krisf\Desktop\GBase\GBase\Menu.h(10,13): error C7525: inline variables require at least '/std:c++17'
C:\Users\krisf\Desktop\GBase\GBase\Menu.h(11,13): error C7525: inline variables require at least '/std:c++17'
C:\Users\krisf\Desktop\GBase\GBase\Menu.h(12,13): error C7525: inline variables require at least '/std:c++17'
C:\Users\krisf\Desktop\GBase\GBase\Menu.h(13,13): error C7525: inline variables require at least '/std:c++17'
C:\Users\krisf\Desktop\GBase\GBase\Menu.h(19,14): error C7525: inline variables require at least '/std:c++17'
C:\Users\krisf\Desktop\GBase\GBase\Menu.h(20,14): error C7525: inline variables require at least '/std:c++17'
C:\Users\krisf\Desktop\GBase\GBase\Menu.h(21,14): error C7525: inline variables require at least '/std:c++17'
C:\Users\krisf\Desktop\GBase\GBase\Menu.h(22,17): error C7525: inline variables require at least '/std:c++17'
C:\Users\krisf\Desktop\GBase\GBase\Features\Misc.h(7,14): error C7525: inline variables require at least '/std:c++17'
  The contents of <any> are available only with C++17 or later.
  The contents of <filesystem> are available only with C++17 or later.
C:\Users\krisf\Desktop\GBase\GBase\Utilities\Config\Config.h(85,91): error C2039: 'any': is not a member of 'std'
C:\Visual Studio\VC\Tools\MSVC\14.26.28801\include\future(37): message : see declaration of 'std'
C:\Users\krisf\Desktop\GBase\GBase\Utilities\Config\Config.h(85,3): error C4430: missing type specifier - int assumed. Note: C++ does not support default-int
C:\Users\krisf\Desktop\GBase\GBase\Utilities\Config\Config.h(85,95): error C2146: syntax error: missing ')' before identifier 'pDefault'
C:\Users\krisf\Desktop\GBase\GBase\Utilities\Config\Config.h(85,3): error C3646: 'pDefault': unknown override specifier
C:\Users\krisf\Desktop\GBase\GBase\Utilities\Config\Config.h(85,3): error C2059: syntax error: ')'
C:\Users\krisf\Desktop\GBase\GBase\Utilities\Config\Config.h(106,7): error C2039: 'any': is not a member of 'std'
C:\Visual Studio\VC\Tools\MSVC\14.26.28801\include\future(37): message : see declaration of 'std'
C:\Users\krisf\Desktop\GBase\GBase\Utilities\Config\Config.h(106,17): error C3646: 'pValue': unknown override specifier
C:\Users\krisf\Desktop\GBase\GBase\Utilities\Config\Config.h(106,17): error C4430: missing type specifier - int assumed. Note: C++ does not support default-int
C:\Users\krisf\Desktop\GBase\GBase\Utilities\Config\Config.h(86,56): error C2065: 'pDefault': undeclared identifier
C:\Users\krisf\Desktop\GBase\GBase\Utilities\Config\Config.h(86,49): error C2614: 'VariableObject_t': illegal member initialization: 'pValue' is not a base or member
C:\Users\krisf\Desktop\GBase\GBase\Utilities\Config\Config.h(111,18): error C2039: 'string_view': is not a member of 'std'
C:\Visual Studio\VC\Tools\MSVC\14.26.28801\include\future(37): message : see declaration of 'std'
C:\Users\krisf\Desktop\GBase\GBase\Utilities\Config\Config.h(111,30): error C2065: 'string_view': undeclared identifier
C:\Users\krisf\Desktop\GBase\GBase\Utilities\Config\Config.h(111,30): error C2146: syntax error: missing ')' before identifier 'szDefaultFileName'
C:\Users\krisf\Desktop\GBase\GBase\Utilities\Config\Config.h(112,17): error C2039: 'string_view': is not a member of 'std'
C:\Visual Studio\VC\Tools\MSVC\14.26.28801\include\future(37): message : see declaration of 'std'
C:\Users\krisf\Desktop\GBase\GBase\Utilities\Config\Config.h(112,29): error C2065: 'string_view': undeclared identifier
C:\Users\krisf\Desktop\GBase\GBase\Utilities\Config\Config.h(112,29): error C2146: syntax error: missing ')' before identifier 'szFileName'
C:\Users\krisf\Desktop\GBase\GBase\Utilities\Config\Config.h(113,17): error C2039: 'string_view': is not a member of 'std'
C:\Visual Studio\VC\Tools\MSVC\14.26.28801\include\future(37): message : see declaration of 'std'
C:\Users\krisf\Desktop\GBase\GBase\Utilities\Config\Config.h(113,29): error C2065: 'string_view': undeclared identifier
C:\Users\krisf\Desktop\GBase\GBase\Utilities\Config\Config.h(113,29): error C2146: syntax error: missing ')' before identifier 'szFileName'
C:\Users\krisf\Desktop\GBase\GBase\Utilities\Config\Config.h(115,19): error C2039: 'string_view': is not a member of 'std'
C:\Visual Studio\VC\Tools\MSVC\14.26.28801\include\future(37): message : see declaration of 'std'
C:\Users\krisf\Desktop\GBase\GBase\Utilities\Config\Config.h(115,31): error C2065: 'string_view': undeclared identifier
C:\Users\krisf\Desktop\GBase\GBase\Utilities\Config\Config.h(115,31): error C2146: syntax error: missing ')' before identifier 'szFileName'
C:\Users\krisf\Desktop\GBase\GBase\Utilities\Config\Config.h(119,7): error C2039: 'filesystem': is not a member of 'std'
C:\Visual Studio\VC\Tools\MSVC\14.26.28801\include\future(37): message : see declaration of 'std'
C:\Users\krisf\Desktop\GBase\GBase\Utilities\Config\Config.h(119,7): error C3083: 'filesystem': the symbol to the left of a '::' must be a type
C:\Users\krisf\Desktop\GBase\GBase\Utilities\Config\Config.h(119,19): error C2039: 'path': is not a member of 'std'
C:\Visual Studio\VC\Tools\MSVC\14.26.28801\include\future(37): message : see declaration of 'std'
C:\Users\krisf\Desktop\GBase\GBase\Utilities\Config\Config.h(119,38): error C4430: missing type specifier - int assumed. Note: C++ does not support default-int
C:\Users\krisf\Desktop\GBase\GBase\Utilities\Config\Config.h(119,24): error C2146: syntax error: missing ';' before identifier 'GetWorkingPath'
C:\Users\krisf\Desktop\GBase\GBase\Utilities\Config\Config.h(121,39): error C7525: inline variables require at least '/std:c++17'
C:\Users\krisf\Desktop\GBase\GBase\Utilities\Config\Config.h(136,13): error C2039: 'filesystem': is not a member of 'std'
C:\Visual Studio\VC\Tools\MSVC\14.26.28801\include\future(37): message : see declaration of 'std'
C:\Users\krisf\Desktop\GBase\GBase\Utilities\Config\Config.h(136,13): error C3083: 'filesystem': the symbol to the left of a '::' must be a type
C:\Users\krisf\Desktop\GBase\GBase\Utilities\Config\Config.h(136,25): error C2039: 'path': is not a member of 'std'
C:\Visual Studio\VC\Tools\MSVC\14.26.28801\include\future(37): message : see declaration of 'std'
C:\Users\krisf\Desktop\GBase\GBase\Utilities\Config\Config.h(136,30): error C4430: missing type specifier - int assumed. Note: C++ does not support default-int
C:\Users\krisf\Desktop\GBase\GBase\Utilities\Config\Config.h(136,30): error C2373: 'C::path': redefinition; different type modifiers
C:\Users\krisf\Desktop\GBase\GBase\Utilities\Config\Config.h(119): message : see declaration of 'C::path'
C:\Users\krisf\Desktop\GBase\GBase\Utilities\Config\Config.h(136,30): error C2146: syntax error: missing ';' before identifier 'fsPath'
C:\Users\krisf\Desktop\GBase\GBase\Utilities\Config\Config.h(136,39): error C4430: missing type specifier - int assumed. Note: C++ does not support default-int
C:\Users\krisf\Desktop\GBase\GBase\Utilities\Config\Config.h(136,39): error C3861: 'GetWorkingPath': identifier not found
C:\Users\krisf\Desktop\GBase\GBase\Utilities\Config\Config.h(137,33): error C7525: inline variables require at least '/std:c++17'
C:\Users\krisf\Desktop\GBase\GBase\Utilities\Config\Config.h(138,21): error C7525: inline variables require at least '/std:c++17'
C:\Users\krisf\Desktop\GBase\GBase\Features\Variables.h(57,18): error C7525: inline variables require at least '/std:c++17'
C:\Users\krisf\Desktop\GBase\GBase\Features\Visuals.h(10,10): warning C4067: unexpected tokens following preprocessor directive - expected a newline
C:\Users\krisf\Desktop\GBase\GBase\Features\Aim.h(9,16): error C7525: inline variables require at least '/std:c++17'
C:\Users\krisf\Desktop\GBase\GBase\Features\Aim.h(10,15): error C7525: inline variables require at least '/std:c++17'
C:\Users\krisf\Desktop\GBase\GBase\Features\Aim.h(11,22): error C7525: inline variables require at least '/std:c++17'
C:\Users\krisf\Desktop\GBase\GBase\Utilities\Render\BloomUI\BloomUI.h(24,22): error C7525: inline variables require at least '/std:c++17'
C:\Users\krisf\Desktop\GBase\GBase\Utilities\Render\BloomUI\BloomUI.h(24,27): error C7525: inline variables require at least '/std:c++17'
C:\Users\krisf\Desktop\GBase\GBase\Utilities\Render\BloomUI\BloomUI.h(24,32): error C7525: inline variables require at least '/std:c++17'
C:\Users\krisf\Desktop\GBase\GBase\Utilities\Render\BloomUI\BloomUI.h(24,37): error C7525: inline variables require at least '/std:c++17'
C:\Users\krisf\Desktop\GBase\GBase\Utilities\Render\BloomUI\BloomUI.h(25,22): error C7525: inline variables require at least '/std:c++17'
C:\Users\krisf\Desktop\GBase\GBase\Utilities\Render\BloomUI\BloomUI.h(25,30): error C7525: inline variables require at least '/std:c++17'
C:\Users\krisf\Desktop\GBase\GBase\Utilities\Render\BloomUI\BloomUI.h(27,14): error C7525: inline variables require at least '/std:c++17'
C:\Users\krisf\Desktop\GBase\GBase\Utilities\Render\BloomUI\BloomUI.h(28,14): error C7525: inline variables require at least '/std:c++17'
C:\Users\krisf\Desktop\GBase\GBase\Utilities\Render\BloomUI\BloomUI.h(30,13): error C7525: inline variables require at least '/std:c++17'
C:\Users\krisf\Desktop\GBase\GBase\Utilities\Render\BloomUI\BloomUI.h(31,14): error C7525: inline variables require at least '/std:c++17'
C:\Users\krisf\Desktop\GBase\GBase\Hooks.cpp(114,27): error C2039: 'clamp': is not a member of 'std'
C:\Visual Studio\VC\Tools\MSVC\14.26.28801\include\future(37): message : see declaration of 'std'
C:\Users\krisf\Desktop\GBase\GBase\Hooks.cpp(114,32): error C3861: 'clamp': identifier not found
C:\Users\krisf\Desktop\GBase\GBase\Hooks.cpp(115,24): error C2039: 'clamp': is not a member of 'std'
C:\Visual Studio\VC\Tools\MSVC\14.26.28801\include\future(37): message : see declaration of 'std'
C:\Users\krisf\Desktop\GBase\GBase\Hooks.cpp(115,29): error C3861: 'clamp': identifier not found
C:\Users\krisf\Desktop\GBase\GBase\Hooks.cpp(116,22): error C2039: 'clamp': is not a member of 'std'
C:\Visual Studio\VC\Tools\MSVC\14.26.28801\include\future(37): message : see declaration of 'std'
C:\Users\krisf\Desktop\GBase\GBase\Hooks.cpp(116,27): error C3861: 'clamp': identifier not found
C:\Users\krisf\Desktop\GBase\GBase\Hooks.cpp(119,28): error C2039: 'clamp': is not a member of 'std'
C:\Visual Studio\VC\Tools\MSVC\14.26.28801\include\future(37): message : see declaration of 'std'
C:\Users\krisf\Desktop\GBase\GBase\Hooks.cpp(119,33): error C3861: 'clamp': identifier not found
C:\Users\krisf\Desktop\GBase\GBase\Hooks.cpp(120,28): error C2039: 'clamp': is not a member of 'std'
C:\Visual Studio\VC\Tools\MSVC\14.26.28801\include\future(37): message : see declaration of 'std'
C:\Users\krisf\Desktop\GBase\GBase\Hooks.cpp(120,33): error C3861: 'clamp': identifier not found
  main.cpp
C:\Users\krisf\Desktop\GBase\GBase\Hooks.h(41,13): error C7525: inline variables require at least '/std:c++17'
C:\Users\krisf\Desktop\GBase\GBase\Hooks.h(42,13): error C7525: inline variables require at least '/std:c++17'
C:\Users\krisf\Desktop\GBase\GBase\Hooks.h(43,13): error C7525: inline variables require at least '/std:c++17'
C:\Users\krisf\Desktop\GBase\GBase\Hooks.h(44,13): error C7525: inline variables require at least '/std:c++17'
C:\Users\krisf\Desktop\GBase\GBase\Menu.h(9,13): error C7525: inline variables require at least '/std:c++17'
C:\Users\krisf\Desktop\GBase\GBase\Menu.h(10,13): error C7525: inline variables require at least '/std:c++17'
C:\Users\krisf\Desktop\GBase\GBase\Menu.h(11,13): error C7525: inline variables require at least '/std:c++17'
C:\Users\krisf\Desktop\GBase\GBase\Menu.h(12,13): error C7525: inline variables require at least '/std:c++17'
C:\Users\krisf\Desktop\GBase\GBase\Menu.h(13,13): error C7525: inline variables require at least '/std:c++17'
C:\Users\krisf\Desktop\GBase\GBase\Menu.h(19,14): error C7525: inline variables require at least '/std:c++17'
C:\Users\krisf\Desktop\GBase\GBase\Menu.h(20,14): error C7525: inline variables require at least '/std:c++17'
C:\Users\krisf\Desktop\GBase\GBase\Menu.h(21,14): error C7525: inline variables require at least '/std:c++17'
C:\Users\krisf\Desktop\GBase\GBase\Menu.h(22,17): error C7525: inline variables require at least '/std:c++17'
  The contents of <string_view> are available only with C++17 or later.
C:\Users\krisf\Desktop\GBase\GBase\SDK\Interfaces\IStudioRender.h(17,10): error C2039: 'byte': is not a member of 'std'
C:\Visual Studio\VC\Tools\MSVC\14.26.28801\include\fstream(26): message : see declaration of 'std'
C:\Users\krisf\Desktop\GBase\GBase\SDK\Interfaces\IStudioRender.h(19,10): error C2039: 'byte': is not a member of 'std'
C:\Visual Studio\VC\Tools\MSVC\14.26.28801\include\fstream(26): message : see declaration of 'std'
C:\Users\krisf\Desktop\GBase\GBase\SDK\Interfaces\IStudioRender.h(26,21): error C2039: 'string_view': is not a member of 'std'
C:\Visual Studio\VC\Tools\MSVC\14.26.28801\include\fstream(26): message : see declaration of 'std'
C:\Users\krisf\Desktop\GBase\GBase\SDK\Interfaces\IStudioRender.h(26,1): error C2065: 'string_view': undeclared identifier
C:\Users\krisf\Desktop\GBase\GBase\SDK\SDK.h(28,23): error C7525: inline variables require at least '/std:c++17'
C:\Users\krisf\Desktop\GBase\GBase\SDK\SDK.h(29,27): error C7525: inline variables require at least '/std:c++17'
C:\Users\krisf\Desktop\GBase\GBase\SDK\SDK.h(30,19): error C7525: inline variables require at least '/std:c++17'
C:\Users\krisf\Desktop\GBase\GBase\SDK\SDK.h(31,17): error C7525: inline variables require at least '/std:c++17'
C:\Users\krisf\Desktop\GBase\GBase\SDK\SDK.h(32,22): error C7525: inline variables require at least '/std:c++17'
C:\Users\krisf\Desktop\GBase\GBase\SDK\SDK.h(33,25): error C7525: inline variables require at least '/std:c++17'
C:\Users\krisf\Desktop\GBase\GBase\SDK\SDK.h(34,25): error C7525: inline variables require at least '/std:c++17'
C:\Users\krisf\Desktop\GBase\GBase\SDK\SDK.h(35,24): error C7525: inline variables require at least '/std:c++17'
C:\Users\krisf\Desktop\GBase\GBase\SDK\SDK.h(36,23): error C7525: inline variables require at least '/std:c++17'
C:\Users\krisf\Desktop\GBase\GBase\SDK\SDK.h(37,28): error C7525: inline variables require at least '/std:c++17'
C:\Users\krisf\Desktop\GBase\GBase\SDK\SDK.h(38,22): error C7525: inline variables require at least '/std:c++17'
C:\Users\krisf\Desktop\GBase\GBase\SDK\SDK.h(39,26): error C7525: inline variables require at least '/std:c++17'
C:\Users\krisf\Desktop\GBase\GBase\SDK\SDK.h(40,24): error C7525: inline variables require at least '/std:c++17'
C:\Users\krisf\Desktop\GBase\GBase\SDK\SDK.h(41,26): error C7525: inline variables require at least '/std:c++17'
C:\Users\krisf\Desktop\GBase\GBase\SDK\SDK.h(42,24): error C7525: inline variables require at least '/std:c++17'
C:\Users\krisf\Desktop\GBase\GBase\SDK\SDK.h(43,17): error C7525: inline variables require at least '/std:c++17'
C:\Users\krisf\Desktop\GBase\GBase\Utilities\Options.h(12,16): error C7525: inline variables require at least '/std:c++17'
C:\Users\krisf\Desktop\GBase\GBase\Utilities\Options.h(13,13): error C7525: inline variables require at least '/std:c++17'
  The contents of <any> are available only with C++17 or later.
  The contents of <filesystem> are available only with C++17 or later.
C:\Users\krisf\Desktop\GBase\GBase\Utilities\Config\Config.h(85,91): error C2039: 'any': is not a member of 'std'
C:\Visual Studio\VC\Tools\MSVC\14.26.28801\include\deque(24): message : see declaration of 'std'
C:\Users\krisf\Desktop\GBase\GBase\Utilities\Config\Config.h(85,3): error C4430: missing type specifier - int assumed. Note: C++ does not support default-int
C:\Users\krisf\Desktop\GBase\GBase\Utilities\Config\Config.h(85,95): error C2146: syntax error: missing ')' before identifier 'pDefault'
C:\Users\krisf\Desktop\GBase\GBase\Utilities\Config\Config.h(85,3): error C3646: 'pDefault': unknown override specifier
C:\Users\krisf\Desktop\GBase\GBase\Utilities\Config\Config.h(85,3): error C2059: syntax error: ')'
C:\Users\krisf\Desktop\GBase\GBase\Utilities\Config\Config.h(106,7): error C2039: 'any': is not a member of 'std'
C:\Visual Studio\VC\Tools\MSVC\14.26.28801\include\deque(24): message : see declaration of 'std'
C:\Users\krisf\Desktop\GBase\GBase\Utilities\Config\Config.h(106,17): error C3646: 'pValue': unknown override specifier
C:\Users\krisf\Desktop\GBase\GBase\Utilities\Config\Config.h(106,17): error C4430: missing type specifier - int assumed. Note: C++ does not support default-int
C:\Users\krisf\Desktop\GBase\GBase\Utilities\Config\Config.h(86,56): error C2065: 'pDefault': undeclared identifier
C:\Users\krisf\Desktop\GBase\GBase\Utilities\Config\Config.h(86,49): error C2614: 'VariableObject_t': illegal member initialization: 'pValue' is not a base or member
C:\Users\krisf\Desktop\GBase\GBase\Utilities\Config\Config.h(111,18): error C2039: 'string_view': is not a member of 'std'
C:\Visual Studio\VC\Tools\MSVC\14.26.28801\include\deque(24): message : see declaration of 'std'
C:\Users\krisf\Desktop\GBase\GBase\Utilities\Config\Config.h(111,30): error C2065: 'string_view': undeclared identifier
C:\Users\krisf\Desktop\GBase\GBase\Utilities\Config\Config.h(111,30): error C2146: syntax error: missing ')' before identifier 'szDefaultFileName'
C:\Users\krisf\Desktop\GBase\GBase\Utilities\Config\Config.h(112,17): error C2039: 'string_view': is not a member of 'std'
C:\Visual Studio\VC\Tools\MSVC\14.26.28801\include\deque(24): message : see declaration of 'std'
C:\Users\krisf\Desktop\GBase\GBase\Utilities\Config\Config.h(112,29): error C2065: 'string_view': undeclared identifier
C:\Users\krisf\Desktop\GBase\GBase\Utilities\Config\Config.h(112,29): error C2146: syntax error: missing ')' before identifier 'szFileName'
C:\Users\krisf\Desktop\GBase\GBase\Utilities\Config\Config.h(113,17): error C2039: 'string_view': is not a member of 'std'
C:\Visual Studio\VC\Tools\MSVC\14.26.28801\include\deque(24): message : see declaration of 'std'
C:\Users\krisf\Desktop\GBase\GBase\Utilities\Config\Config.h(113,29): error C2065: 'string_view': undeclared identifier
C:\Users\krisf\Desktop\GBase\GBase\Utilities\Config\Config.h(113,29): error C2146: syntax error: missing ')' before identifier 'szFileName'
C:\Users\krisf\Desktop\GBase\GBase\Utilities\Config\Config.h(115,19): error C2039: 'string_view': is not a member of 'std'
C:\Visual Studio\VC\Tools\MSVC\14.26.28801\include\deque(24): message : see declaration of 'std'
C:\Users\krisf\Desktop\GBase\GBase\Utilities\Config\Config.h(115,31): error C2065: 'string_view': undeclared identifier
C:\Users\krisf\Desktop\GBase\GBase\Utilities\Config\Config.h(115,31): error C2146: syntax error: missing ')' before identifier 'szFileName'
C:\Users\krisf\Desktop\GBase\GBase\Utilities\Config\Config.h(119,7): error C2039: 'filesystem': is not a member of 'std'
C:\Visual Studio\VC\Tools\MSVC\14.26.28801\include\deque(24): message : see declaration of 'std'
C:\Users\krisf\Desktop\GBase\GBase\Utilities\Config\Config.h(119,7): error C3083: 'filesystem': the symbol to the left of a '::' must be a type
C:\Users\krisf\Desktop\GBase\GBase\Utilities\Config\Config.h(119,19): error C2039: 'path': is not a member of 'std'
C:\Visual Studio\VC\Tools\MSVC\14.26.28801\include\deque(24): message : see declaration of 'std'
C:\Users\krisf\Desktop\GBase\GBase\Utilities\Config\Config.h(119,38): error C4430: missing type specifier - int assumed. Note: C++ does not support default-int
C:\Users\krisf\Desktop\GBase\GBase\Utilities\Config\Config.h(119,24): error C2146: syntax error: missing ';' before identifier 'GetWorkingPath'
C:\Users\krisf\Desktop\GBase\GBase\Utilities\Config\Config.h(121,39): error C7525: inline variables require at least '/std:c++17'
C:\Users\krisf\Desktop\GBase\GBase\Utilities\Config\Config.h(136,13): error C2039: 'filesystem': is not a member of 'std'
C:\Visual Studio\VC\Tools\MSVC\14.26.28801\include\deque(24): message : see declaration of 'std'
C:\Users\krisf\Desktop\GBase\GBase\Utilities\Config\Config.h(136,13): error C3083: 'filesystem': the symbol to the left of a '::' must be a type
C:\Users\krisf\Desktop\GBase\GBase\Utilities\Config\Config.h(136,25): error C2039: 'path': is not a member of 'std'
C:\Visual Studio\VC\Tools\MSVC\14.26.28801\include\deque(24): message : see declaration of 'std'
C:\Users\krisf\Desktop\GBase\GBase\Utilities\Config\Config.h(136,30): error C4430: missing type specifier - int assumed. Note: C++ does not support default-int
C:\Users\krisf\Desktop\GBase\GBase\Utilities\Config\Config.h(136,30): error C2373: 'C::path': redefinition; different type modifiers
C:\Users\krisf\Desktop\GBase\GBase\Utilities\Config\Config.h(119): message : see declaration of 'C::path'
C:\Users\krisf\Desktop\GBase\GBase\Utilities\Config\Config.h(136,30): error C2146: syntax error: missing ';' before identifier 'fsPath'
C:\Users\krisf\Desktop\GBase\GBase\Utilities\Config\Config.h(136,39): error C4430: missing type specifier - int assumed. Note: C++ does not support default-int
C:\Users\krisf\Desktop\GBase\GBase\Utilities\Config\Config.h(136,39): error C3861: 'GetWorkingPath': identifier not found
C:\Users\krisf\Desktop\GBase\GBase\Utilities\Config\Config.h(137,33): error C7525: inline variables require at least '/std:c++17'
C:\Users\krisf\Desktop\GBase\GBase\Utilities\Config\Config.h(138,21): error C7525: inline variables require at least '/std:c++17'
C:\Users\krisf\Desktop\GBase\GBase\main.cpp(31,6): error C2039: 'Setup': is not a member of 'C'
C:\Users\krisf\Desktop\GBase\GBase\Utilities\Config\Config.h(109): message : see declaration of 'C'
C:\Users\krisf\Desktop\GBase\GBase\main.cpp(31,11): error C3861: 'Setup': identifier not found
C:\Users\krisf\Desktop\GBase\GBase\main.cpp(59,54): warning C5051: attribute 'maybe_unused' requires at least '/std:c++17'; ignored
C:\Users\krisf\Desktop\GBase\GBase\main.cpp(59,121): warning C5051: attribute 'maybe_unused' requires at least '/std:c++17'; ignored
  Menu.cpp
C:\Users\krisf\Desktop\GBase\GBase\Menu.h(9,13): error C7525: inline variables require at least '/std:c++17'
C:\Users\krisf\Desktop\GBase\GBase\Menu.h(10,13): error C7525: inline variables require at least '/std:c++17'
C:\Users\krisf\Desktop\GBase\GBase\Menu.h(11,13): error C7525: inline variables require at least '/std:c++17'
C:\Users\krisf\Desktop\GBase\GBase\Menu.h(12,13): error C7525: inline variables require at least '/std:c++17'
C:\Users\krisf\Desktop\GBase\GBase\Menu.h(13,13): error C7525: inline variables require at least '/std:c++17'
C:\Users\krisf\Desktop\GBase\GBase\Menu.h(19,14): error C7525: inline variables require at least '/std:c++17'
C:\Users\krisf\Desktop\GBase\GBase\Menu.h(20,14): error C7525: inline variables require at least '/std:c++17'
C:\Users\krisf\Desktop\GBase\GBase\Menu.h(21,14): error C7525: inline variables require at least '/std:c++17'
C:\Users\krisf\Desktop\GBase\GBase\Menu.h(22,17): error C7525: inline variables require at least '/std:c++17'
  The contents of <string_view> are available only with C++17 or later.
C:\Users\krisf\Desktop\GBase\GBase\SDK\Interfaces\IStudioRender.h(17,10): error C2039: 'byte': is not a member of 'std'
C:\Visual Studio\VC\Tools\MSVC\14.26.28801\include\fstream(26): message : see declaration of 'std'
C:\Users\krisf\Desktop\GBase\GBase\SDK\Interfaces\IStudioRender.h(19,10): error C2039: 'byte': is not a member of 'std'
C:\Visual Studio\VC\Tools\MSVC\14.26.28801\include\fstream(26): message : see declaration of 'std'
C:\Users\krisf\Desktop\GBase\GBase\SDK\Interfaces\IStudioRender.h(26,21): error C2039: 'string_view': is not a member of 'std'
C:\Visual Studio\VC\Tools\MSVC\14.26.28801\include\fstream(26): message : see declaration of 'std'
C:\Users\krisf\Desktop\GBase\GBase\SDK\Interfaces\IStudioRender.h(26,1): error C2065: 'string_view': undeclared identifier
C:\Users\krisf\Desktop\GBase\GBase\SDK\SDK.h(28,23): error C7525: inline variables require at least '/std:c++17'
C:\Users\krisf\Desktop\GBase\GBase\SDK\SDK.h(29,27): error C7525: inline variables require at least '/std:c++17'
C:\Users\krisf\Desktop\GBase\GBase\SDK\SDK.h(30,19): error C7525: inline variables require at least '/std:c++17'
C:\Users\krisf\Desktop\GBase\GBase\SDK\SDK.h(31,17): error C7525: inline variables require at least '/std:c++17'
C:\Users\krisf\Desktop\GBase\GBase\SDK\SDK.h(32,22): error C7525: inline variables require at least '/std:c++17'
C:\Users\krisf\Desktop\GBase\GBase\SDK\SDK.h(33,25): error C7525: inline variables require at least '/std:c++17'
C:\Users\krisf\Desktop\GBase\GBase\SDK\SDK.h(34,25): error C7525: inline variables require at least '/std:c++17'
C:\Users\krisf\Desktop\GBase\GBase\SDK\SDK.h(35,24): error C7525: inline variables require at least '/std:c++17'
C:\Users\krisf\Desktop\GBase\GBase\SDK\SDK.h(36,23): error C7525: inline variables require at least '/std:c++17'
C:\Users\krisf\Desktop\GBase\GBase\SDK\SDK.h(37,28): error C7525: inline variables require at least '/std:c++17'
C:\Users\krisf\Desktop\GBase\GBase\SDK\SDK.h(38,22): error C7525: inline variables require at least '/std:c++17'
C:\Users\krisf\Desktop\GBase\GBase\SDK\SDK.h(39,26): error C7525: inline variables require at least '/std:c++17'
C:\Users\krisf\Desktop\GBase\GBase\SDK\SDK.h(40,24): error C7525: inline variables require at least '/std:c++17'
C:\Users\krisf\Desktop\GBase\GBase\SDK\SDK.h(41,26): error C7525: inline variables require at least '/std:c++17'
C:\Users\krisf\Desktop\GBase\GBase\SDK\SDK.h(42,24): error C7525: inline variables require at least '/std:c++17'
C:\Users\krisf\Desktop\GBase\GBase\SDK\SDK.h(43,17): error C7525: inline variables require at least '/std:c++17'
  The contents of <any> are available only with C++17 or later.
  The contents of <filesystem> are available only with C++17 or later.
C:\Users\krisf\Desktop\GBase\GBase\Utilities\Config\Config.h(85,91): error C2039: 'any': is not a member of 'std'
C:\Visual Studio\VC\Tools\MSVC\14.26.28801\include\deque(24): message : see declaration of 'std'
C:\Users\krisf\Desktop\GBase\GBase\Utilities\Config\Config.h(85,3): error C4430: missing type specifier - int assumed. Note: C++ does not support default-int
C:\Users\krisf\Desktop\GBase\GBase\Utilities\Config\Config.h(85,95): error C2146: syntax error: missing ')' before identifier 'pDefault'
C:\Users\krisf\Desktop\GBase\GBase\Utilities\Config\Config.h(85,3): error C3646: 'pDefault': unknown override specifier
C:\Users\krisf\Desktop\GBase\GBase\Utilities\Config\Config.h(85,3): error C2059: syntax error: ')'
C:\Users\krisf\Desktop\GBase\GBase\Utilities\Config\Config.h(106,7): error C2039: 'any': is not a member of 'std'
C:\Visual Studio\VC\Tools\MSVC\14.26.28801\include\deque(24): message : see declaration of 'std'
C:\Users\krisf\Desktop\GBase\GBase\Utilities\Config\Config.h(106,17): error C3646: 'pValue': unknown override specifier
C:\Users\krisf\Desktop\GBase\GBase\Utilities\Config\Config.h(106,17): error C4430: missing type specifier - int assumed. Note: C++ does not support default-int
C:\Users\krisf\Desktop\GBase\GBase\Utilities\Config\Config.h(86,56): error C2065: 'pDefault': undeclared identifier
C:\Users\krisf\Desktop\GBase\GBase\Utilities\Config\Config.h(86,49): error C2614: 'VariableObject_t': illegal member initialization: 'pValue' is not a base or member
C:\Users\krisf\Desktop\GBase\GBase\Utilities\Config\Config.h(111,18): error C2039: 'string_view': is not a member of 'std'
C:\Visual Studio\VC\Tools\MSVC\14.26.28801\include\deque(24): message : see declaration of 'std'
C:\Users\krisf\Desktop\GBase\GBase\Utilities\Config\Config.h(111,30): error C2065: 'string_view': undeclared identifier
C:\Users\krisf\Desktop\GBase\GBase\Utilities\Config\Config.h(111,30): error C2146: syntax error: missing ')' before identifier 'szDefaultFileName'
C:\Users\krisf\Desktop\GBase\GBase\Utilities\Config\Config.h(112,17): error C2039: 'string_view': is not a member of 'std'
C:\Visual Studio\VC\Tools\MSVC\14.26.28801\include\deque(24): message : see declaration of 'std'
C:\Users\krisf\Desktop\GBase\GBase\Utilities\Config\Config.h(112,29): error C2065: 'string_view': undeclared identifier
C:\Users\krisf\Desktop\GBase\GBase\Utilities\Config\Config.h(112,29): error C2146: syntax error: missing ')' before identifier 'szFileName'
C:\Users\krisf\Desktop\GBase\GBase\Utilities\Config\Config.h(113,17): error C2039: 'string_view': is not a member of 'std'
C:\Visual Studio\VC\Tools\MSVC\14.26.28801\include\deque(24): message : see declaration of 'std'
C:\Users\krisf\Desktop\GBase\GBase\Utilities\Config\Config.h(113,29): error C2065: 'string_view': undeclared identifier
C:\Users\krisf\Desktop\GBase\GBase\Utilities\Config\Config.h(113,29): error C2146: syntax error: missing ')' before identifier 'szFileName'
C:\Users\krisf\Desktop\GBase\GBase\Utilities\Config\Config.h(115,19): error C2039: 'string_view': is not a member of 'std'
C:\Visual Studio\VC\Tools\MSVC\14.26.28801\include\deque(24): message : see declaration of 'std'
C:\Users\krisf\Desktop\GBase\GBase\Utilities\Config\Config.h(115,31): error C2065: 'string_view': undeclared identifier
C:\Users\krisf\Desktop\GBase\GBase\Utilities\Config\Config.h(115,31): error C2146: syntax error: missing ')' before identifier 'szFileName'
C:\Users\krisf\Desktop\GBase\GBase\Utilities\Config\Config.h(119,7): error C2039: 'filesystem': is not a member of 'std'
C:\Visual Studio\VC\Tools\MSVC\14.26.28801\include\deque(24): message : see declaration of 'std'
C:\Users\krisf\Desktop\GBase\GBase\Utilities\Config\Config.h(119,7): error C3083: 'filesystem': the symbol to the left of a '::' must be a type
C:\Users\krisf\Desktop\GBase\GBase\Utilities\Config\Config.h(119,19): error C2039: 'path': is not a member of 'std'
C:\Visual Studio\VC\Tools\MSVC\14.26.28801\include\deque(24): message : see declaration of 'std'
C:\Users\krisf\Desktop\GBase\GBase\Utilities\Config\Config.h(119,38): error C4430: missing type specifier - int assumed. Note: C++ does not support default-int
C:\Users\krisf\Desktop\GBase\GBase\Utilities\Config\Config.h(119,24): error C2146: syntax error: missing ';' before identifier 'GetWorkingPath'
C:\Users\krisf\Desktop\GBase\GBase\Utilities\Config\Config.h(121,39): error C7525: inline variables require at least '/std:c++17'
C:\Users\krisf\Desktop\GBase\GBase\Utilities\Config\Config.h(136,13): error C2039: 'filesystem': is not a member of 'std'
C:\Visual Studio\VC\Tools\MSVC\14.26.28801\include\deque(24): message : see declaration of 'std'
C:\Users\krisf\Desktop\GBase\GBase\Utilities\Config\Config.h(136,13): error C3083: 'filesystem': the symbol to the left of a '::' must be a type
C:\Users\krisf\Desktop\GBase\GBase\Utilities\Config\Config.h(136,25): error C2039: 'path': is not a member of 'std'
C:\Visual Studio\VC\Tools\MSVC\14.26.28801\include\deque(24): message : see declaration of 'std'
C:\Users\krisf\Desktop\GBase\GBase\Utilities\Config\Config.h(136,30): error C4430: missing type specifier - int assumed. Note: C++ does not support default-int
C:\Users\krisf\Desktop\GBase\GBase\Utilities\Config\Config.h(136,30): error C2373: 'C::path': redefinition; different type modifiers
C:\Users\krisf\Desktop\GBase\GBase\Utilities\Config\Config.h(119): message : see declaration of 'C::path'
C:\Users\krisf\Desktop\GBase\GBase\Utilities\Config\Config.h(136,30): error C2146: syntax error: missing ';' before identifier 'fsPath'
C:\Users\krisf\Desktop\GBase\GBase\Utilities\Config\Config.h(136,39): error C4430: missing type specifier - int assumed. Note: C++ does not support default-int
C:\Users\krisf\Desktop\GBase\GBase\Utilities\Config\Config.h(136,39): error C3861: 'GetWorkingPath': identifier not found
C:\Users\krisf\Desktop\GBase\GBase\Utilities\Config\Config.h(137,33): error C7525: inline variables require at least '/std:c++17'
C:\Users\krisf\Desktop\GBase\GBase\Utilities\Config\Config.h(138,21): error C7525: inline variables require at least '/std:c++17'
C:\Users\krisf\Desktop\GBase\GBase\Features\Variables.h(57,18): error C7525: inline variables require at least '/std:c++17'
C:\Users\krisf\Desktop\GBase\GBase\Utilities\Render\BloomUI\BloomUI.h(24,22): error C7525: inline variables require at least '/std:c++17'
C:\Users\krisf\Desktop\GBase\GBase\Utilities\Render\BloomUI\BloomUI.h(24,27): error C7525: inline variables require at least '/std:c++17'
C:\Users\krisf\Desktop\GBase\GBase\Utilities\Render\BloomUI\BloomUI.h(24,32): error C7525: inline variables require at least '/std:c++17'
C:\Users\krisf\Desktop\GBase\GBase\Utilities\Render\BloomUI\BloomUI.h(24,37): error C7525: inline variables require at least '/std:c++17'
C:\Users\krisf\Desktop\GBase\GBase\Utilities\Render\BloomUI\BloomUI.h(25,22): error C7525: inline variables require at least '/std:c++17'
C:\Users\krisf\Desktop\GBase\GBase\Utilities\Render\BloomUI\BloomUI.h(25,30): error C7525: inline variables require at least '/std:c++17'
C:\Users\krisf\Desktop\GBase\GBase\Utilities\Render\BloomUI\BloomUI.h(27,14): error C7525: inline variables require at least '/std:c++17'
C:\Users\krisf\Desktop\GBase\GBase\Utilities\Render\BloomUI\BloomUI.h(28,14): error C7525: inline variables require at least '/std:c++17'
C:\Users\krisf\Desktop\GBase\GBase\Utilities\Render\BloomUI\BloomUI.h(30,13): error C7525: inline variables require at least '/std:c++17'
C:\Users\krisf\Desktop\GBase\GBase\Utilities\Render\BloomUI\BloomUI.h(31,14): error C7525: inline variables require at least '/std:c++17'
C:\Users\krisf\Desktop\GBase\GBase\Menu.cpp(344,9): error C2039: 'Save': is not a member of 'C'
C:\Users\krisf\Desktop\GBase\GBase\Utilities\Config\Config.h(109): message : see declaration of 'C'
C:\Users\krisf\Desktop\GBase\GBase\Menu.cpp(344,13): error C3861: 'Save': identifier not found
C:\Users\krisf\Desktop\GBase\GBase\Menu.cpp(355,9): error C2039: 'Remove': is not a member of 'C'
C:\Users\krisf\Desktop\GBase\GBase\Utilities\Config\Config.h(109): message : see declaration of 'C'
C:\Users\krisf\Desktop\GBase\GBase\Menu.cpp(355,15): error C3861: 'Remove': identifier not found
C:\Users\krisf\Desktop\GBase\GBase\Menu.cpp(366,9): error C2039: 'Save': is not a member of 'C'
C:\Users\krisf\Desktop\GBase\GBase\Utilities\Config\Config.h(109): message : see declaration of 'C'
C:\Users\krisf\Desktop\GBase\GBase\Menu.cpp(366,13): error C3861: 'Save': identifier not found
C:\Users\krisf\Desktop\GBase\GBase\Menu.cpp(376,9): error C2039: 'Load': is not a member of 'C'
C:\Users\krisf\Desktop\GBase\GBase\Utilities\Config\Config.h(109): message : see declaration of 'C'
C:\Users\krisf\Desktop\GBase\GBase\Menu.cpp(376,13): error C3861: 'Load': identifier not found
  Vector4D.cpp
  VMatrix.cpp
  SDK.cpp
  The contents of <string_view> are available only with C++17 or later.
C:\Users\krisf\Desktop\GBase\GBase\SDK\Interfaces\IStudioRender.h(17,10): error C2039: 'byte': is not a member of 'std'
C:\Visual Studio\VC\Tools\MSVC\14.26.28801\include\fstream(26): message : see declaration of 'std'
C:\Users\krisf\Desktop\GBase\GBase\SDK\Interfaces\IStudioRender.h(19,10): error C2039: 'byte': is not a member of 'std'
C:\Visual Studio\VC\Tools\MSVC\14.26.28801\include\fstream(26): message : see declaration of 'std'
C:\Users\krisf\Desktop\GBase\GBase\SDK\Interfaces\IStudioRender.h(26,21): error C2039: 'string_view': is not a member of 'std'
C:\Visual Studio\VC\Tools\MSVC\14.26.28801\include\fstream(26): message : see declaration of 'std'
C:\Users\krisf\Desktop\GBase\GBase\SDK\Interfaces\IStudioRender.h(26,1): error C2065: 'string_view': undeclared identifier
C:\Users\krisf\Desktop\GBase\GBase\SDK\SDK.h(28,23): error C7525: inline variables require at least '/std:c++17'
C:\Users\krisf\Desktop\GBase\GBase\SDK\SDK.h(29,27): error C7525: inline variables require at least '/std:c++17'
C:\Users\krisf\Desktop\GBase\GBase\SDK\SDK.h(30,19): error C7525: inline variables require at least '/std:c++17'
C:\Users\krisf\Desktop\GBase\GBase\SDK\SDK.h(31,17): error C7525: inline variables require at least '/std:c++17'
C:\Users\krisf\Desktop\GBase\GBase\SDK\SDK.h(32,22): error C7525: inline variables require at least '/std:c++17'
C:\Users\krisf\Desktop\GBase\GBase\SDK\SDK.h(33,25): error C7525: inline variables require at least '/std:c++17'
C:\Users\krisf\Desktop\GBase\GBase\SDK\SDK.h(34,25): error C7525: inline variables require at least '/std:c++17'
C:\Users\krisf\Desktop\GBase\GBase\SDK\SDK.h(35,24): error C7525: inline variables require at least '/std:c++17'
C:\Users\krisf\Desktop\GBase\GBase\SDK\SDK.h(36,23): error C7525: inline variables require at least '/std:c++17'
C:\Users\krisf\Desktop\GBase\GBase\SDK\SDK.h(37,28): error C7525: inline variables require at least '/std:c++17'
C:\Users\krisf\Desktop\GBase\GBase\SDK\SDK.h(38,22): error C7525: inline variables require at least '/std:c++17'
C:\Users\krisf\Desktop\GBase\GBase\SDK\SDK.h(39,26): error C7525: inline variables require at least '/std:c++17'
C:\Users\krisf\Desktop\GBase\GBase\SDK\SDK.h(40,24): error C7525: inline variables require at least '/std:c++17'
C:\Users\krisf\Desktop\GBase\GBase\SDK\SDK.h(41,26): error C7525: inline variables require at least '/std:c++17'
C:\Users\krisf\Desktop\GBase\GBase\SDK\SDK.h(42,24): error C7525: inline variables require at least '/std:c++17'
C:\Users\krisf\Desktop\GBase\GBase\SDK\SDK.h(43,17): error C7525: inline variables require at least '/std:c++17'
  ChecksumCrc.cpp
  ChecksumMD5.cpp
  Color.cpp
  Config.cpp
  The contents of <any> are available only with C++17 or later.
  The contents of <filesystem> are available only with C++17 or later.
C:\Users\krisf\Desktop\GBase\GBase\Utilities\Config\Config.h(85,91): error C2039: 'any': is not a member of 'std'
C:\Visual Studio\VC\Tools\MSVC\14.26.28801\include\string(24): message : see declaration of 'std'
C:\Users\krisf\Desktop\GBase\GBase\Utilities\Config\Config.h(85,3): error C4430: missing type specifier - int assumed. Note: C++ does not support default-int
C:\Users\krisf\Desktop\GBase\GBase\Utilities\Config\Config.h(85,95): error C2146: syntax error: missing ')' before identifier 'pDefault'
C:\Users\krisf\Desktop\GBase\GBase\Utilities\Config\Config.h(85,3): error C3646: 'pDefault': unknown override specifier
C:\Users\krisf\Desktop\GBase\GBase\Utilities\Config\Config.h(85,3): error C2059: syntax error: ')'
C:\Users\krisf\Desktop\GBase\GBase\Utilities\Config\Config.h(106,7): error C2039: 'any': is not a member of 'std'
C:\Visual Studio\VC\Tools\MSVC\14.26.28801\include\string(24): message : see declaration of 'std'
C:\Users\krisf\Desktop\GBase\GBase\Utilities\Config\Config.h(106,17): error C3646: 'pValue': unknown override specifier
C:\Users\krisf\Desktop\GBase\GBase\Utilities\Config\Config.h(106,17): error C4430: missing type specifier - int assumed. Note: C++ does not support default-int
C:\Users\krisf\Desktop\GBase\GBase\Utilities\Config\Config.h(86,56): error C2065: 'pDefault': undeclared identifier
C:\Users\krisf\Desktop\GBase\GBase\Utilities\Config\Config.h(86,49): error C2614: 'VariableObject_t': illegal member initialization: 'pValue' is not a base or member
C:\Users\krisf\Desktop\GBase\GBase\Utilities\Config\Config.h(111,18): error C2039: 'string_view': is not a member of 'std'
C:\Visual Studio\VC\Tools\MSVC\14.26.28801\include\string(24): message : see declaration of 'std'
C:\Users\krisf\Desktop\GBase\GBase\Utilities\Config\Config.h(111,30): error C2065: 'string_view': undeclared identifier
C:\Users\krisf\Desktop\GBase\GBase\Utilities\Config\Config.h(111,30): error C2146: syntax error: missing ')' before identifier 'szDefaultFileName'
C:\Users\krisf\Desktop\GBase\GBase\Utilities\Config\Config.h(112,17): error C2039: 'string_view': is not a member of 'std'
C:\Visual Studio\VC\Tools\MSVC\14.26.28801\include\string(24): message : see declaration of 'std'
C:\Users\krisf\Desktop\GBase\GBase\Utilities\Config\Config.h(112,29): error C2065: 'string_view': undeclared identifier
C:\Users\krisf\Desktop\GBase\GBase\Utilities\Config\Config.h(112,29): error C2146: syntax error: missing ')' before identifier 'szFileName'
C:\Users\krisf\Desktop\GBase\GBase\Utilities\Config\Config.h(113,17): error C2039: 'string_view': is not a member of 'std'
C:\Visual Studio\VC\Tools\MSVC\14.26.28801\include\string(24): message : see declaration of 'std'
C:\Users\krisf\Desktop\GBase\GBase\Utilities\Config\Config.h(113,29): error C2065: 'string_view': undeclared identifier
C:\Users\krisf\Desktop\GBase\GBase\Utilities\Config\Config.h(113,29): error C2146: syntax error: missing ')' before identifier 'szFileName'
C:\Users\krisf\Desktop\GBase\GBase\Utilities\Config\Config.h(115,19): error C2039: 'string_view': is not a member of 'std'
C:\Visual Studio\VC\Tools\MSVC\14.26.28801\include\string(24): message : see declaration of 'std'
C:\Users\krisf\Desktop\GBase\GBase\Utilities\Config\Config.h(115,31): error C2065: 'string_view': undeclared identifier
C:\Users\krisf\Desktop\GBase\GBase\Utilities\Config\Config.h(115,31): error C2146: syntax error: missing ')' before identifier 'szFileName'
C:\Users\krisf\Desktop\GBase\GBase\Utilities\Config\Config.h(119,7): error C2039: 'filesystem': is not a member of 'std'
C:\Visual Studio\VC\Tools\MSVC\14.26.28801\include\string(24): message : see declaration of 'std'
C:\Users\krisf\Desktop\GBase\GBase\Utilities\Config\Config.h(119,7): error C3083: 'filesystem': the symbol to the left of a '::' must be a type
C:\Users\krisf\Desktop\GBase\GBase\Utilities\Config\Config.h(119,19): error C2039: 'path': is not a member of 'std'
C:\Visual Studio\VC\Tools\MSVC\14.26.28801\include\string(24): message : see declaration of 'std'
C:\Users\krisf\Desktop\GBase\GBase\Utilities\Config\Config.h(119,38): error C4430: missing type specifier - int assumed. Note: C++ does not support default-int
C:\Users\krisf\Desktop\GBase\GBase\Utilities\Config\Config.h(119,24): error C2146: syntax error: missing ';' before identifier 'GetWorkingPath'
C:\Users\krisf\Desktop\GBase\GBase\Utilities\Config\Config.h(121,39): error C7525: inline variables require at least '/std:c++17'
C:\Users\krisf\Desktop\GBase\GBase\Utilities\Config\Config.h(136,13): error C2039: 'filesystem': is not a member of 'std'
C:\Visual Studio\VC\Tools\MSVC\14.26.28801\include\string(24): message : see declaration of 'std'
C:\Users\krisf\Desktop\GBase\GBase\Utilities\Config\Config.h(136,13): error C3083: 'filesystem': the symbol to the left of a '::' must be a type
C:\Users\krisf\Desktop\GBase\GBase\Utilities\Config\Config.h(136,25): error C2039: 'path': is not a member of 'std'
C:\Visual Studio\VC\Tools\MSVC\14.26.28801\include\string(24): message : see declaration of 'std'
C:\Users\krisf\Desktop\GBase\GBase\Utilities\Config\Config.h(136,30): error C4430: missing type specifier - int assumed. Note: C++ does not support default-int
C:\Users\krisf\Desktop\GBase\GBase\Utilities\Config\Config.h(136,30): error C2373: 'C::path': redefinition; different type modifiers
C:\Users\krisf\Desktop\GBase\GBase\Utilities\Config\Config.h(119): message : see declaration of 'C::path'
C:\Users\krisf\Desktop\GBase\GBase\Utilities\Config\Config.h(136,30): error C2146: syntax error: missing ';' before identifier 'fsPath'
C:\Users\krisf\Desktop\GBase\GBase\Utilities\Config\Config.h(136,39): error C4430: missing type specifier - int assumed. Note: C++ does not support default-int
C:\Users\krisf\Desktop\GBase\GBase\Utilities\Config\Config.h(136,39): error C3861: 'GetWorkingPath': identifier not found
C:\Users\krisf\Desktop\GBase\GBase\Utilities\Config\Config.h(137,33): error C7525: inline variables require at least '/std:c++17'
C:\Users\krisf\Desktop\GBase\GBase\Utilities\Config\Config.h(138,21): error C7525: inline variables require at least '/std:c++17'
C:\Users\krisf\Desktop\GBase\GBase\Utilities\Config\Config.cpp(11,9): error C2039: 'Setup': is not a member of 'C'
C:\Users\krisf\Desktop\GBase\GBase\Utilities\Config\Config.h(109): message : see declaration of 'C'
C:\Users\krisf\Desktop\GBase\GBase\Utilities\Config\Config.cpp(11,20): error C2039: 'string_view': is not a member of 'std'
C:\Visual Studio\VC\Tools\MSVC\14.26.28801\include\sstream(20): message : see declaration of 'std'
C:\Users\krisf\Desktop\GBase\GBase\Utilities\Config\Config.cpp(11,32): error C2065: 'string_view': undeclared identifier
C:\Users\krisf\Desktop\GBase\GBase\Utilities\Config\Config.cpp(11,32): error C2146: syntax error: missing ')' before identifier 'szDefaultFileName'
C:\Users\krisf\Desktop\GBase\GBase\Utilities\Config\Config.cpp(12,1): error C2143: syntax error: missing ';' before '{'
C:\Users\krisf\Desktop\GBase\GBase\Utilities\Config\Config.cpp(12,1): error C2447: '{': missing function header (old-style formal list?)
C:\Users\krisf\Desktop\GBase\GBase\Utilities\Config\Config.cpp(32,9): error C2039: 'Save': is not a member of 'C'
C:\Users\krisf\Desktop\GBase\GBase\Utilities\Config\Config.h(109): message : see declaration of 'C'
C:\Users\krisf\Desktop\GBase\GBase\Utilities\Config\Config.cpp(32,19): error C2039: 'string_view': is not a member of 'std'
C:\Visual Studio\VC\Tools\MSVC\14.26.28801\include\sstream(20): message : see declaration of 'std'
C:\Users\krisf\Desktop\GBase\GBase\Utilities\Config\Config.cpp(32,31): error C2065: 'string_view': undeclared identifier
C:\Users\krisf\Desktop\GBase\GBase\Utilities\Config\Config.cpp(32,31): error C2146: syntax error: missing ')' before identifier 'szFileName'
C:\Users\krisf\Desktop\GBase\GBase\Utilities\Config\Config.cpp(33,1): error C2143: syntax error: missing ';' before '{'
C:\Users\krisf\Desktop\GBase\GBase\Utilities\Config\Config.cpp(33,1): error C2447: '{': missing function header (old-style formal list?)
C:\Users\krisf\Desktop\GBase\GBase\Utilities\Config\Config.cpp(154,9): error C2039: 'Load': is not a member of 'C'
C:\Users\krisf\Desktop\GBase\GBase\Utilities\Config\Config.h(109): message : see declaration of 'C'
C:\Users\krisf\Desktop\GBase\GBase\Utilities\Config\Config.cpp(154,19): error C2039: 'string_view': is not a member of 'std'
C:\Visual Studio\VC\Tools\MSVC\14.26.28801\include\sstream(20): message : see declaration of 'std'
C:\Users\krisf\Desktop\GBase\GBase\Utilities\Config\Config.cpp(154,31): error C2065: 'string_view': undeclared identifier
C:\Users\krisf\Desktop\GBase\GBase\Utilities\Config\Config.cpp(154,31): error C2146: syntax error: missing ')' before identifier 'szFileName'
C:\Users\krisf\Desktop\GBase\GBase\Utilities\Config\Config.cpp(155,1): error C2143: syntax error: missing ';' before '{'
C:\Users\krisf\Desktop\GBase\GBase\Utilities\Config\Config.cpp(155,1): error C2447: '{': missing function header (old-style formal list?)
C:\Users\krisf\Desktop\GBase\GBase\Utilities\Config\Config.cpp(277,9): error C2039: 'Remove': is not a member of 'C'
C:\Users\krisf\Desktop\GBase\GBase\Utilities\Config\Config.h(109): message : see declaration of 'C'
C:\Users\krisf\Desktop\GBase\GBase\Utilities\Config\Config.cpp(277,21): error C2039: 'string_view': is not a member of 'std'
C:\Visual Studio\VC\Tools\MSVC\14.26.28801\include\sstream(20): message : see declaration of 'std'
C:\Users\krisf\Desktop\GBase\GBase\Utilities\Config\Config.cpp(277,33): error C2065: 'string_view': undeclared identifier
C:\Users\krisf\Desktop\GBase\GBase\Utilities\Config\Config.cpp(277,33): error C2146: syntax error: missing ')' before identifier 'szFileName'
C:\Users\krisf\Desktop\GBase\GBase\Utilities\Config\Config.cpp(278,1): error C2143: syntax error: missing ';' before '{'
C:\Users\krisf\Desktop\GBase\GBase\Utilities\Config\Config.cpp(278,1): error C2447: '{': missing function header (old-style formal list?)
C:\Users\krisf\Desktop\GBase\GBase\Utilities\Config\Config.cpp(295,29): error C3083: 'filesystem': the symbol to the left of a '::' must be a type
C:\Users\krisf\Desktop\GBase\GBase\Utilities\Config\Config.cpp(295,41): error C2039: 'directory_iterator': is not a member of 'std'
C:\Visual Studio\VC\Tools\MSVC\14.26.28801\include\sstream(20): message : see declaration of 'std'
C:\Users\krisf\Desktop\GBase\GBase\Utilities\Config\Config.cpp(295,90): error C2297: '/': illegal, right operand has type 'const _Elem *'
          with
          [
              _Elem=char
          ]
C:\Users\krisf\Desktop\GBase\GBase\Utilities\Config\Config.cpp(295,90): error C3861: 'directory_iterator': identifier not found
C:\Users\krisf\Desktop\GBase\GBase\Utilities\Config\Config.cpp(295,29): error C2039: 'filesystem': is not a member of 'std'
C:\Visual Studio\VC\Tools\MSVC\14.26.28801\include\sstream(20): message : see declaration of 'std'
C:\Users\krisf\Desktop\GBase\GBase\Utilities\Config\Config.cpp(296,2): error C2297: '/': illegal, right operand has type 'const _Elem *'
          with
          [
              _Elem=char
          ]
C:\Users\krisf\Desktop\GBase\GBase\Utilities\Config\Config.cpp(296,2): error C3861: 'directory_iterator': identifier not found
C:\Users\krisf\Desktop\GBase\GBase\Utilities\Config\Config.cpp(295,59): error C2672: 'begin': no matching overloaded function found
C:\Users\krisf\Desktop\GBase\GBase\Utilities\Config\Config.cpp(296,2): error C2893: Failed to specialize function template 'unknown-type std::begin(_Container &)'
C:\Visual Studio\VC\Tools\MSVC\14.26.28801\include\xutility(1961): message : see declaration of 'std::begin'
C:\Users\krisf\Desktop\GBase\GBase\Utilities\Config\Config.cpp(296,2): message : With the following template arguments:
C:\Users\krisf\Desktop\GBase\GBase\Utilities\Config\Config.cpp(296,2): message : '_Container=unknown-type'
C:\Users\krisf\Desktop\GBase\GBase\Utilities\Config\Config.cpp(296,2): error C2784: 'const _Elem *std::begin(std::initializer_list<_Elem>) noexcept': could not deduce template argument for 'std::initializer_list<_Elem>' from 'unknown-type'
C:\Visual Studio\VC\Tools\MSVC\14.26.28801\include\initializer_list(57): message : see declaration of 'std::begin'
C:\Users\krisf\Desktop\GBase\GBase\Utilities\Config\Config.cpp(295,59): error C2672: 'end': no matching overloaded function found
C:\Users\krisf\Desktop\GBase\GBase\Utilities\Config\Config.cpp(296,2): error C2893: Failed to specialize function template 'unknown-type std::end(_Container &)'
C:\Visual Studio\VC\Tools\MSVC\14.26.28801\include\xutility(1971): message : see declaration of 'std::end'
C:\Users\krisf\Desktop\GBase\GBase\Utilities\Config\Config.cpp(296,2): message : With the following template arguments:
C:\Users\krisf\Desktop\GBase\GBase\Utilities\Config\Config.cpp(296,2): message : '_Container=unknown-type'
C:\Users\krisf\Desktop\GBase\GBase\Utilities\Config\Config.cpp(296,2): error C2784: 'const _Elem *std::end(std::initializer_list<_Elem>) noexcept': could not deduce template argument for 'std::initializer_list<_Elem>' from 'unknown-type'
C:\Visual Studio\VC\Tools\MSVC\14.26.28801\include\initializer_list(63): message : see declaration of 'std::end'
C:\Users\krisf\Desktop\GBase\GBase\Utilities\Config\Config.cpp(296,2): error C3536: '<begin>$L0': cannot be used before it is initialized
C:\Users\krisf\Desktop\GBase\GBase\Utilities\Config\Config.cpp(296,2): error C3536: '<end>$L0': cannot be used before it is initialized
C:\Users\krisf\Desktop\GBase\GBase\Utilities\Config\Config.cpp(295,90): error C2100: illegal indirection
C:\Users\krisf\Desktop\GBase\GBase\Utilities\Config\Config.cpp(317,6): error C2039: 'filesystem': is not a member of 'std'
C:\Visual Studio\VC\Tools\MSVC\14.26.28801\include\sstream(20): message : see declaration of 'std'
C:\Users\krisf\Desktop\GBase\GBase\Utilities\Config\Config.cpp(317,6): error C3083: 'filesystem': the symbol to the left of a '::' must be a type
C:\Users\krisf\Desktop\GBase\GBase\Utilities\Config\Config.cpp(317,18): error C2039: 'path': is not a member of 'std'
C:\Visual Studio\VC\Tools\MSVC\14.26.28801\include\sstream(20): message : see declaration of 'std'
C:\Users\krisf\Desktop\GBase\GBase\Utilities\Config\Config.cpp(317,26): error C2039: 'GetWorkingPath': is not a member of 'C'
C:\Users\krisf\Desktop\GBase\GBase\Utilities\Config\Config.h(109): message : see declaration of 'C'
C:\Users\krisf\Desktop\GBase\GBase\Utilities\Config\Config.cpp(317,40): error C4430: missing type specifier - int assumed. Note: C++ does not support default-int
C:\Users\krisf\Desktop\GBase\GBase\Utilities\Config\Config.cpp(317,40): error C2146: syntax error: missing ';' before identifier 'GetWorkingPath'
C:\Users\krisf\Desktop\GBase\GBase\Utilities\Config\Config.cpp(318,1): error C2143: syntax error: missing ';' before '{'
C:\Users\krisf\Desktop\GBase\GBase\Utilities\Config\Config.cpp(318,1): error C2447: '{': missing function header (old-style formal list?)
  Input.cpp
C:\Users\krisf\Desktop\GBase\GBase\Menu.h(9,13): error C7525: inline variables require at least '/std:c++17'
C:\Users\krisf\Desktop\GBase\GBase\Menu.h(10,13): error C7525: inline variables require at least '/std:c++17'
C:\Users\krisf\Desktop\GBase\GBase\Menu.h(11,13): error C7525: inline variables require at least '/std:c++17'
C:\Users\krisf\Desktop\GBase\GBase\Menu.h(12,13): error C7525: inline variables require at least '/std:c++17'
C:\Users\krisf\Desktop\GBase\GBase\Menu.h(13,13): error C7525: inline variables require at least '/std:c++17'
C:\Users\krisf\Desktop\GBase\GBase\Menu.h(19,14): error C7525: inline variables require at least '/std:c++17'
C:\Users\krisf\Desktop\GBase\GBase\Menu.h(20,14): error C7525: inline variables require at least '/std:c++17'
C:\Users\krisf\Desktop\GBase\GBase\Menu.h(21,14): error C7525: inline variables require at least '/std:c++17'
C:\Users\krisf\Desktop\GBase\GBase\Menu.h(22,17): error C7525: inline variables require at least '/std:c++17'
  The contents of <string_view> are available only with C++17 or later.
C:\Users\krisf\Desktop\GBase\GBase\SDK\Interfaces\IStudioRender.h(17,10): error C2039: 'byte': is not a member of 'std'
C:\Visual Studio\VC\Tools\MSVC\14.26.28801\include\fstream(26): message : see declaration of 'std'
C:\Users\krisf\Desktop\GBase\GBase\SDK\Interfaces\IStudioRender.h(19,10): error C2039: 'byte': is not a member of 'std'
C:\Visual Studio\VC\Tools\MSVC\14.26.28801\include\fstream(26): message : see declaration of 'std'
C:\Users\krisf\Desktop\GBase\GBase\SDK\Interfaces\IStudioRender.h(26,21): error C2039: 'string_view': is not a member of 'std'
C:\Visual Studio\VC\Tools\MSVC\14.26.28801\include\fstream(26): message : see declaration of 'std'
C:\Users\krisf\Desktop\GBase\GBase\SDK\Interfaces\IStudioRender.h(26,1): error C2065: 'string_view': undeclared identifier
C:\Users\krisf\Desktop\GBase\GBase\SDK\SDK.h(28,23): error C7525: inline variables require at least '/std:c++17'
C:\Users\krisf\Desktop\GBase\GBase\SDK\SDK.h(29,27): error C7525: inline variables require at least '/std:c++17'
C:\Users\krisf\Desktop\GBase\GBase\SDK\SDK.h(30,19): error C7525: inline variables require at least '/std:c++17'
C:\Users\krisf\Desktop\GBase\GBase\SDK\SDK.h(31,17): error C7525: inline variables require at least '/std:c++17'
C:\Users\krisf\Desktop\GBase\GBase\SDK\SDK.h(32,22): error C7525: inline variables require at least '/std:c++17'
C:\Users\krisf\Desktop\GBase\GBase\SDK\SDK.h(33,25): error C7525: inline variables require at least '/std:c++17'
C:\Users\krisf\Desktop\GBase\GBase\SDK\SDK.h(34,25): error C7525: inline variables require at least '/std:c++17'
C:\Users\krisf\Desktop\GBase\GBase\SDK\SDK.h(35,24): error C7525: inline variables require at least '/std:c++17'
C:\Users\krisf\Desktop\GBase\GBase\SDK\SDK.h(36,23): error C7525: inline variables require at least '/std:c++17'
C:\Users\krisf\Desktop\GBase\GBase\SDK\SDK.h(37,28): error C7525: inline variables require at least '/std:c++17'
C:\Users\krisf\Desktop\GBase\GBase\SDK\SDK.h(38,22): error C7525: inline variables require at least '/std:c++17'
C:\Users\krisf\Desktop\GBase\GBase\SDK\SDK.h(39,26): error C7525: inline variables require at least '/std:c++17'
C:\Users\krisf\Desktop\GBase\GBase\SDK\SDK.h(40,24): error C7525: inline variables require at least '/std:c++17'
C:\Users\krisf\Desktop\GBase\GBase\SDK\SDK.h(41,26): error C7525: inline variables require at least '/std:c++17'
C:\Users\krisf\Desktop\GBase\GBase\SDK\SDK.h(42,24): error C7525: inline variables require at least '/std:c++17'
C:\Users\krisf\Desktop\GBase\GBase\SDK\SDK.h(43,17): error C7525: inline variables require at least '/std:c++17'
  Math.cpp
  The contents of <string_view> are available only with C++17 or later.
C:\Users\krisf\Desktop\GBase\GBase\SDK\Interfaces\IStudioRender.h(17,10): error C2039: 'byte': is not a member of 'std'
C:\Visual Studio\VC\Tools\MSVC\14.26.28801\include\fstream(26): message : see declaration of 'std'
C:\Users\krisf\Desktop\GBase\GBase\SDK\Interfaces\IStudioRender.h(19,10): error C2039: 'byte': is not a member of 'std'
C:\Visual Studio\VC\Tools\MSVC\14.26.28801\include\fstream(26): message : see declaration of 'std'
C:\Users\krisf\Desktop\GBase\GBase\SDK\Interfaces\IStudioRender.h(26,21): error C2039: 'string_view': is not a member of 'std'
C:\Visual Studio\VC\Tools\MSVC\14.26.28801\include\fstream(26): message : see declaration of 'std'
C:\Users\krisf\Desktop\GBase\GBase\SDK\Interfaces\IStudioRender.h(26,1): error C2065: 'string_view': undeclared identifier
C:\Users\krisf\Desktop\GBase\GBase\SDK\SDK.h(28,23): error C7525: inline variables require at least '/std:c++17'
C:\Users\krisf\Desktop\GBase\GBase\SDK\SDK.h(29,27): error C7525: inline variables require at least '/std:c++17'
C:\Users\krisf\Desktop\GBase\GBase\SDK\SDK.h(30,19): error C7525: inline variables require at least '/std:c++17'
C:\Users\krisf\Desktop\GBase\GBase\SDK\SDK.h(31,17): error C7525: inline variables require at least '/std:c++17'
C:\Users\krisf\Desktop\GBase\GBase\SDK\SDK.h(32,22): error C7525: inline variables require at least '/std:c++17'
C:\Users\krisf\Desktop\GBase\GBase\SDK\SDK.h(33,25): error C7525: inline variables require at least '/std:c++17'
C:\Users\krisf\Desktop\GBase\GBase\SDK\SDK.h(34,25): error C7525: inline variables require at least '/std:c++17'
C:\Users\krisf\Desktop\GBase\GBase\SDK\SDK.h(35,24): error C7525: inline variables require at least '/std:c++17'
C:\Users\krisf\Desktop\GBase\GBase\SDK\SDK.h(36,23): error C7525: inline variables require at least '/std:c++17'
C:\Users\krisf\Desktop\GBase\GBase\SDK\SDK.h(37,28): error C7525: inline variables require at least '/std:c++17'
C:\Users\krisf\Desktop\GBase\GBase\SDK\SDK.h(38,22): error C7525: inline variables require at least '/std:c++17'
C:\Users\krisf\Desktop\GBase\GBase\SDK\SDK.h(39,26): error C7525: inline variables require at least '/std:c++17'
C:\Users\krisf\Desktop\GBase\GBase\SDK\SDK.h(40,24): error C7525: inline variables require at least '/std:c++17'
C:\Users\krisf\Desktop\GBase\GBase\SDK\SDK.h(41,26): error C7525: inline variables require at least '/std:c++17'
C:\Users\krisf\Desktop\GBase\GBase\SDK\SDK.h(42,24): error C7525: inline variables require at least '/std:c++17'
C:\Users\krisf\Desktop\GBase\GBase\SDK\SDK.h(43,17): error C7525: inline variables require at least '/std:c++17'
  Netvars.cpp
  The contents of <string_view> are available only with C++17 or later.
C:\Users\krisf\Desktop\GBase\GBase\SDK\Interfaces\IStudioRender.h(17,10): error C2039: 'byte': is not a member of 'std'
C:\Visual Studio\VC\Tools\MSVC\14.26.28801\include\future(37): message : see declaration of 'std'
C:\Users\krisf\Desktop\GBase\GBase\SDK\Interfaces\IStudioRender.h(19,10): error C2039: 'byte': is not a member of 'std'
C:\Visual Studio\VC\Tools\MSVC\14.26.28801\include\future(37): message : see declaration of 'std'
C:\Users\krisf\Desktop\GBase\GBase\SDK\Interfaces\IStudioRender.h(26,21): error C2039: 'string_view': is not a member of 'std'
C:\Visual Studio\VC\Tools\MSVC\14.26.28801\include\future(37): message : see declaration of 'std'
C:\Users\krisf\Desktop\GBase\GBase\SDK\Interfaces\IStudioRender.h(26,1): error C2065: 'string_view': undeclared identifier
C:\Users\krisf\Desktop\GBase\GBase\SDK\SDK.h(28,23): error C7525: inline variables require at least '/std:c++17'
C:\Users\krisf\Desktop\GBase\GBase\SDK\SDK.h(29,27): error C7525: inline variables require at least '/std:c++17'
C:\Users\krisf\Desktop\GBase\GBase\SDK\SDK.h(30,19): error C7525: inline variables require at least '/std:c++17'
C:\Users\krisf\Desktop\GBase\GBase\SDK\SDK.h(31,17): error C7525: inline variables require at least '/std:c++17'
C:\Users\krisf\Desktop\GBase\GBase\SDK\SDK.h(32,22): error C7525: inline variables require at least '/std:c++17'
C:\Users\krisf\Desktop\GBase\GBase\SDK\SDK.h(33,25): error C7525: inline variables require at least '/std:c++17'
C:\Users\krisf\Desktop\GBase\GBase\SDK\SDK.h(34,25): error C7525: inline variables require at least '/std:c++17'
C:\Users\krisf\Desktop\GBase\GBase\SDK\SDK.h(35,24): error C7525: inline variables require at least '/std:c++17'
C:\Users\krisf\Desktop\GBase\GBase\SDK\SDK.h(36,23): error C7525: inline variables require at least '/std:c++17'
C:\Users\krisf\Desktop\GBase\GBase\SDK\SDK.h(37,28): error C7525: inline variables require at least '/std:c++17'
C:\Users\krisf\Desktop\GBase\GBase\SDK\SDK.h(38,22): error C7525: inline variables require at least '/std:c++17'
C:\Users\krisf\Desktop\GBase\GBase\SDK\SDK.h(39,26): error C7525: inline variables require at least '/std:c++17'
C:\Users\krisf\Desktop\GBase\GBase\SDK\SDK.h(40,24): error C7525: inline variables require at least '/std:c++17'
C:\Users\krisf\Desktop\GBase\GBase\SDK\SDK.h(41,26): error C7525: inline variables require at least '/std:c++17'
C:\Users\krisf\Desktop\GBase\GBase\SDK\SDK.h(42,24): error C7525: inline variables require at least '/std:c++17'
C:\Users\krisf\Desktop\GBase\GBase\SDK\SDK.h(43,17): error C7525: inline variables require at least '/std:c++17'
  Generating Code...
  Compiling...
  BloomUI.cpp
C:\Users\krisf\Desktop\GBase\GBase\Menu.h(9,13): error C7525: inline variables require at least '/std:c++17'
C:\Users\krisf\Desktop\GBase\GBase\Menu.h(10,13): error C7525: inline variables require at least '/std:c++17'
C:\Users\krisf\Desktop\GBase\GBase\Menu.h(11,13): error C7525: inline variables require at least '/std:c++17'
C:\Users\krisf\Desktop\GBase\GBase\Menu.h(12,13): error C7525: inline variables require at least '/std:c++17'
C:\Users\krisf\Desktop\GBase\GBase\Menu.h(13,13): error C7525: inline variables require at least '/std:c++17'
C:\Users\krisf\Desktop\GBase\GBase\Menu.h(19,14): error C7525: inline variables require at least '/std:c++17'
C:\Users\krisf\Desktop\GBase\GBase\Menu.h(20,14): error C7525: inline variables require at least '/std:c++17'
C:\Users\krisf\Desktop\GBase\GBase\Menu.h(21,14): error C7525: inline variables require at least '/std:c++17'
C:\Users\krisf\Desktop\GBase\GBase\Menu.h(22,17): error C7525: inline variables require at least '/std:c++17'
C:\Users\krisf\Desktop\GBase\GBase\Utilities\Render\BloomUI\BloomUI.h(24,22): error C7525: inline variables require at least '/std:c++17'
C:\Users\krisf\Desktop\GBase\GBase\Utilities\Render\BloomUI\BloomUI.h(24,27): error C7525: inline variables require at least '/std:c++17'
C:\Users\krisf\Desktop\GBase\GBase\Utilities\Render\BloomUI\BloomUI.h(24,32): error C7525: inline variables require at least '/std:c++17'
C:\Users\krisf\Desktop\GBase\GBase\Utilities\Render\BloomUI\BloomUI.h(24,37): error C7525: inline variables require at least '/std:c++17'
C:\Users\krisf\Desktop\GBase\GBase\Utilities\Render\BloomUI\BloomUI.h(25,22): error C7525: inline variables require at least '/std:c++17'
C:\Users\krisf\Desktop\GBase\GBase\Utilities\Render\BloomUI\BloomUI.h(25,30): error C7525: inline variables require at least '/std:c++17'
C:\Users\krisf\Desktop\GBase\GBase\Utilities\Render\BloomUI\BloomUI.h(27,14): error C7525: inline variables require at least '/std:c++17'
C:\Users\krisf\Desktop\GBase\GBase\Utilities\Render\BloomUI\BloomUI.h(28,14): error C7525: inline variables require at least '/std:c++17'
C:\Users\krisf\Desktop\GBase\GBase\Utilities\Render\BloomUI\BloomUI.h(30,13): error C7525: inline variables require at least '/std:c++17'
C:\Users\krisf\Desktop\GBase\GBase\Utilities\Render\BloomUI\BloomUI.h(31,14): error C7525: inline variables require at least '/std:c++17'
  The contents of <string_view> are available only with C++17 or later.
C:\Users\krisf\Desktop\GBase\GBase\SDK\Interfaces\IStudioRender.h(17,10): error C2039: 'byte': is not a member of 'std'
C:\Visual Studio\VC\Tools\MSVC\14.26.28801\include\fstream(26): message : see declaration of 'std'
C:\Users\krisf\Desktop\GBase\GBase\SDK\Interfaces\IStudioRender.h(19,10): error C2039: 'byte': is not a member of 'std'
C:\Visual Studio\VC\Tools\MSVC\14.26.28801\include\fstream(26): message : see declaration of 'std'
C:\Users\krisf\Desktop\GBase\GBase\SDK\Interfaces\IStudioRender.h(26,21): error C2039: 'string_view': is not a member of 'std'
C:\Visual Studio\VC\Tools\MSVC\14.26.28801\include\fstream(26): message : see declaration of 'std'
C:\Users\krisf\Desktop\GBase\GBase\SDK\Interfaces\IStudioRender.h(26,1): error C2065: 'string_view': undeclared identifier
C:\Users\krisf\Desktop\GBase\GBase\SDK\SDK.h(28,23): error C7525: inline variables require at least '/std:c++17'
C:\Users\krisf\Desktop\GBase\GBase\SDK\SDK.h(29,27): error C7525: inline variables require at least '/std:c++17'
C:\Users\krisf\Desktop\GBase\GBase\SDK\SDK.h(30,19): error C7525: inline variables require at least '/std:c++17'
C:\Users\krisf\Desktop\GBase\GBase\SDK\SDK.h(31,17): error C7525: inline variables require at least '/std:c++17'
C:\Users\krisf\Desktop\GBase\GBase\SDK\SDK.h(32,22): error C7525: inline variables require at least '/std:c++17'
C:\Users\krisf\Desktop\GBase\GBase\SDK\SDK.h(33,25): error C7525: inline variables require at least '/std:c++17'
C:\Users\krisf\Desktop\GBase\GBase\SDK\SDK.h(34,25): error C7525: inline variables require at least '/std:c++17'
C:\Users\krisf\Desktop\GBase\GBase\SDK\SDK.h(35,24): error C7525: inline variables require at least '/std:c++17'
C:\Users\krisf\Desktop\GBase\GBase\SDK\SDK.h(36,23): error C7525: inline variables require at least '/std:c++17'
C:\Users\krisf\Desktop\GBase\GBase\SDK\SDK.h(37,28): error C7525: inline variables require at least '/std:c++17'
C:\Users\krisf\Desktop\GBase\GBase\SDK\SDK.h(38,22): error C7525: inline variables require at least '/std:c++17'
C:\Users\krisf\Desktop\GBase\GBase\SDK\SDK.h(39,26): error C7525: inline variables require at least '/std:c++17'
C:\Users\krisf\Desktop\GBase\GBase\SDK\SDK.h(40,24): error C7525: inline variables require at least '/std:c++17'
C:\Users\krisf\Desktop\GBase\GBase\SDK\SDK.h(41,26): error C7525: inline variables require at least '/std:c++17'
C:\Users\krisf\Desktop\GBase\GBase\SDK\SDK.h(42,24): error C7525: inline variables require at least '/std:c++17'
C:\Users\krisf\Desktop\GBase\GBase\SDK\SDK.h(43,17): error C7525: inline variables require at least '/std:c++17'
  Render.cpp
C:\Users\krisf\Desktop\GBase\GBase\Menu.h(9,13): error C7525: inline variables require at least '/std:c++17'
C:\Users\krisf\Desktop\GBase\GBase\Menu.h(10,13): error C7525: inline variables require at least '/std:c++17'
C:\Users\krisf\Desktop\GBase\GBase\Menu.h(11,13): error C7525: inline variables require at least '/std:c++17'
C:\Users\krisf\Desktop\GBase\GBase\Menu.h(12,13): error C7525: inline variables require at least '/std:c++17'
C:\Users\krisf\Desktop\GBase\GBase\Menu.h(13,13): error C7525: inline variables require at least '/std:c++17'
C:\Users\krisf\Desktop\GBase\GBase\Menu.h(19,14): error C7525: inline variables require at least '/std:c++17'
C:\Users\krisf\Desktop\GBase\GBase\Menu.h(20,14): error C7525: inline variables require at least '/std:c++17'
C:\Users\krisf\Desktop\GBase\GBase\Menu.h(21,14): error C7525: inline variables require at least '/std:c++17'
C:\Users\krisf\Desktop\GBase\GBase\Menu.h(22,17): error C7525: inline variables require at least '/std:c++17'
  The contents of <string_view> are available only with C++17 or later.
C:\Users\krisf\Desktop\GBase\GBase\SDK\Interfaces\IStudioRender.h(17,10): error C2039: 'byte': is not a member of 'std'
C:\Visual Studio\VC\Tools\MSVC\14.26.28801\include\fstream(26): message : see declaration of 'std'
C:\Users\krisf\Desktop\GBase\GBase\SDK\Interfaces\IStudioRender.h(19,10): error C2039: 'byte': is not a member of 'std'
C:\Visual Studio\VC\Tools\MSVC\14.26.28801\include\fstream(26): message : see declaration of 'std'
C:\Users\krisf\Desktop\GBase\GBase\SDK\Interfaces\IStudioRender.h(26,21): error C2039: 'string_view': is not a member of 'std'
C:\Visual Studio\VC\Tools\MSVC\14.26.28801\include\fstream(26): message : see declaration of 'std'
C:\Users\krisf\Desktop\GBase\GBase\SDK\Interfaces\IStudioRender.h(26,1): error C2065: 'string_view': undeclared identifier
C:\Users\krisf\Desktop\GBase\GBase\SDK\SDK.h(28,23): error C7525: inline variables require at least '/std:c++17'
C:\Users\krisf\Desktop\GBase\GBase\SDK\SDK.h(29,27): error C7525: inline variables require at least '/std:c++17'
C:\Users\krisf\Desktop\GBase\GBase\SDK\SDK.h(30,19): error C7525: inline variables require at least '/std:c++17'
C:\Users\krisf\Desktop\GBase\GBase\SDK\SDK.h(31,17): error C7525: inline variables require at least '/std:c++17'
C:\Users\krisf\Desktop\GBase\GBase\SDK\SDK.h(32,22): error C7525: inline variables require at least '/std:c++17'
C:\Users\krisf\Desktop\GBase\GBase\SDK\SDK.h(33,25): error C7525: inline variables require at least '/std:c++17'
C:\Users\krisf\Desktop\GBase\GBase\SDK\SDK.h(34,25): error C7525: inline variables require at least '/std:c++17'
C:\Users\krisf\Desktop\GBase\GBase\SDK\SDK.h(35,24): error C7525: inline variables require at least '/std:c++17'
C:\Users\krisf\Desktop\GBase\GBase\SDK\SDK.h(36,23): error C7525: inline variables require at least '/std:c++17'
C:\Users\krisf\Desktop\GBase\GBase\SDK\SDK.h(37,28): error C7525: inline variables require at least '/std:c++17'
C:\Users\krisf\Desktop\GBase\GBase\SDK\SDK.h(38,22): error C7525: inline variables require at least '/std:c++17'
C:\Users\krisf\Desktop\GBase\GBase\SDK\SDK.h(39,26): error C7525: inline variables require at least '/std:c++17'
C:\Users\krisf\Desktop\GBase\GBase\SDK\SDK.h(40,24): error C7525: inline variables require at least '/std:c++17'
C:\Users\krisf\Desktop\GBase\GBase\SDK\SDK.h(41,26): error C7525: inline variables require at least '/std:c++17'
C:\Users\krisf\Desktop\GBase\GBase\SDK\SDK.h(42,24): error C7525: inline variables require at least '/std:c++17'
C:\Users\krisf\Desktop\GBase\GBase\SDK\SDK.h(43,17): error C7525: inline variables require at least '/std:c++17'
  Utils.cpp
  Generating Code...
